          kernel ,  prs ,     m ,     n ,     p ,        GLOPS/s ,   minimum (ms) ,     median (ms),   stab (%)
   rocblas_wo_dt ,   SP ,   500 ,     1 ,   500 ,      48.406702 ,       0.005147 ,       0.005155 ,   0.155205
   rocblas_wo_dt ,   SP ,   600 ,     1 ,   600 ,      64.076180 ,       0.005607 ,       0.005614 ,   0.112881
   rocblas_wo_dt ,   SP ,   700 ,     1 ,   700 ,      70.798017 ,       0.006889 ,       0.006921 ,   0.457298
   rocblas_wo_dt ,   SP ,   800 ,     1 ,   800 ,      88.100729 ,       0.007212 ,       0.007244 ,   0.450101
   rocblas_wo_dt ,   SP ,   900 ,     1 ,   900 ,      96.807071 ,       0.008133 ,       0.008220 ,   1.077819
   rocblas_wo_dt ,   SP ,  1000 ,     1 ,  1000 ,      73.751374 ,       0.009699 ,       0.015101 ,  55.703049
   rocblas_wo_dt ,   SP ,  1100 ,     1 ,  1100 ,      80.904320 ,       0.011902 ,       0.015440 ,  29.727564
   rocblas_wo_dt ,   SP ,  1200 ,     1 ,  1200 ,      97.881605 ,       0.011301 ,       0.015278 ,  35.189873
   rocblas_wo_dt ,   SP ,  1300 ,     1 ,  1300 ,     111.684304 ,       0.012116 ,       0.015402 ,  27.115309
   rocblas_wo_dt ,   SP ,  1400 ,     1 ,  1400 ,      90.816821 ,       0.020504 ,       0.021462 ,   4.674418
   rocblas_wo_dt ,   SP ,  1500 ,     1 ,  1500 ,     122.085140 ,       0.017977 ,       0.018220 ,   1.352785
   rocblas_wo_dt ,   SP ,  1600 ,     1 ,  1600 ,     145.801555 ,       0.017118 ,       0.017443 ,   1.894150
   rocblas_wo_dt ,   SP ,  1700 ,     1 ,  1700 ,     143.670887 ,       0.018864 ,       0.020018 ,   6.117290
   rocblas_wo_dt ,   SP ,  1800 ,     1 ,  1800 ,     157.469422 ,       0.019741 ,       0.020680 ,   4.758454
   rocblas_wo_dt ,   SP ,  1900 ,     1 ,  1900 ,     131.062073 ,       0.026102 ,       0.027781 ,   6.430398
   rocblas_wo_dt ,   SP ,  2000 ,     1 ,  2000 ,     162.684697 ,       0.022621 ,       0.024781 ,   9.548903
   rocblas_wo_dt ,   SP ,  2100 ,     1 ,  2100 ,     179.752308 ,       0.023804 ,       0.024118 ,   1.322115
   rocblas_wo_dt ,   SP ,  2200 ,     1 ,  2200 ,     193.490184 ,       0.023918 ,       0.024838 ,   3.847687
   rocblas_wo_dt ,   SP ,  2300 ,     1 ,  2300 ,     138.436476 ,       0.037823 ,       0.038238 ,   1.096823
   rocblas_wo_dt ,   SP ,  2400 ,     1 ,  2400 ,     172.225197 ,       0.032282 ,       0.033460 ,   3.648449
   rocblas_wo_dt ,   SP ,  2500 ,     1 ,  2500 ,     165.843471 ,       0.037403 ,       0.037661 ,   0.688424
   rocblas_wo_dt ,   SP ,  2600 ,     1 ,  2600 ,     182.143935 ,       0.036540 ,       0.037117 ,   1.579016
   rocblas_wo_dt ,   SP ,  2700 ,     1 ,  2700 ,     177.161052 ,       0.040722 ,       0.041118 ,   0.971897
   rocblas_wo_dt ,   SP ,  2800 ,     1 ,  2800 ,     177.412643 ,       0.043621 ,       0.044217 ,   1.366419
   rocblas_wo_dt ,   SP ,  2900 ,     1 ,  2900 ,     175.400590 ,       0.047603 ,       0.047941 ,   0.711209
   rocblas_wo_dt ,   SP ,  3000 ,     1 ,  3000 ,     184.188242 ,       0.047984 ,       0.048900 ,   1.907980
   rocblas_wo_dt ,   SP ,   500 ,     2 ,   500 ,     143.894295 ,       0.005201 ,       0.005211 ,   0.200851
   rocblas_wo_dt ,   SP ,   600 ,     2 ,   600 ,     189.417996 ,       0.005685 ,       0.005700 ,   0.259805
   rocblas_wo_dt ,   SP ,   700 ,     2 ,   700 ,     209.483769 ,       0.006997 ,       0.007018 ,   0.304247
   rocblas_wo_dt ,   SP ,   800 ,     2 ,   800 ,     258.333464 ,       0.007375 ,       0.007427 ,   0.698133
   rocblas_wo_dt ,   SP ,   900 ,     2 ,   900 ,     290.076457 ,       0.008273 ,       0.008390 ,   1.419792
   rocblas_wo_dt ,   SP ,  1000 ,     2 ,  1000 ,     220.075009 ,       0.009780 ,       0.015082 ,  54.217453
   rocblas_wo_dt ,   SP ,  1100 ,     2 ,  1100 ,     246.279235 ,       0.011482 ,       0.015202 ,  32.392025
   rocblas_wo_dt ,   SP ,  1200 ,     2 ,  1200 ,     290.931527 ,       0.011339 ,       0.015440 ,  36.164845
   rocblas_wo_dt ,   SP ,  1300 ,     2 ,  1300 ,     334.082817 ,       0.012417 ,       0.015502 ,  24.846390
   rocblas_wo_dt ,   SP ,  1400 ,     2 ,  1400 ,     260.017899 ,       0.021162 ,       0.022078 ,   4.326273
   rocblas_wo_dt ,   SP ,  1500 ,     2 ,  1500 ,     368.057100 ,       0.017838 ,       0.018082 ,   1.363272
   rocblas_wo_dt ,   SP ,  1600 ,     2 ,  1600 ,     439.735752 ,       0.016980 ,       0.017281 ,   1.769166
   rocblas_wo_dt ,   SP ,  1700 ,     2 ,  1700 ,     408.196392 ,       0.020199 ,       0.021000 ,   3.966006
   rocblas_wo_dt ,   SP ,  1800 ,     2 ,  1800 ,     443.697569 ,       0.020823 ,       0.021820 ,   4.785894
   rocblas_wo_dt ,   SP ,  1900 ,     2 ,  1900 ,     380.603309 ,       0.027881 ,       0.028501 ,   2.223362
   rocblas_wo_dt ,   SP ,  2000 ,     2 ,  2000 ,     480.021533 ,       0.024118 ,       0.024781 ,   2.748122
   rocblas_wo_dt ,   SP ,  2100 ,     2 ,  2100 ,     524.447810 ,       0.024500 ,       0.024796 ,   1.206695
   rocblas_wo_dt ,   SP ,  2200 ,     2 ,  2200 ,     550.707078 ,       0.025139 ,       0.026422 ,   5.102428
   rocblas_wo_dt ,   SP ,  2300 ,     2 ,  2300 ,     411.999060 ,       0.036440 ,       0.038562 ,   5.823083
   rocblas_wo_dt ,   SP ,  2400 ,     2 ,  2400 ,     515.337727 ,       0.032563 ,       0.033503 ,   2.884756
   rocblas_wo_dt ,   SP ,  2500 ,     2 ,  2500 ,     494.742581 ,       0.037241 ,       0.037956 ,   1.920615
   rocblas_wo_dt ,   SP ,  2600 ,     2 ,  2600 ,     537.990190 ,       0.037341 ,       0.037680 ,   0.906653
   rocblas_wo_dt ,   SP ,  2700 ,     2 ,  2700 ,     520.560085 ,       0.041637 ,       0.042000 ,   0.870362
   rocblas_wo_dt ,   SP ,  2800 ,     2 ,  2800 ,     526.373948 ,       0.044198 ,       0.044661 ,   1.046499
   rocblas_wo_dt ,   SP ,  2900 ,     2 ,  2900 ,     518.188135 ,       0.048380 ,       0.048656 ,   0.571654
   rocblas_wo_dt ,   SP ,  3000 ,     2 ,  3000 ,     534.767984 ,       0.050120 ,       0.050521 ,   0.799163
   rocblas_wo_dt ,   SP ,   500 ,     3 ,   500 ,     237.129739 ,       0.005260 ,       0.005268 ,   0.151869
   rocblas_wo_dt ,   SP ,   600 ,     3 ,   600 ,     304.791816 ,       0.005773 ,       0.005785 ,   0.194908
   rocblas_wo_dt ,   SP ,   700 ,     3 ,   700 ,     343.214343 ,       0.007118 ,       0.007132 ,   0.203374
   rocblas_wo_dt ,   SP ,   800 ,     3 ,   800 ,     424.400595 ,       0.007478 ,       0.007516 ,   0.508906
   rocblas_wo_dt ,   SP ,   900 ,     3 ,   900 ,     474.854983 ,       0.008411 ,       0.008523 ,   1.333889
   rocblas_wo_dt ,   SP ,  1000 ,     3 ,  1000 ,     362.264544 ,       0.009918 ,       0.015240 ,  53.653847
   rocblas_wo_dt ,   SP ,  1100 ,     3 ,  1100 ,     413.940968 ,       0.011401 ,       0.015378 ,  34.880802
   rocblas_wo_dt ,   SP ,  1200 ,     3 ,  1200 ,     479.987221 ,       0.011797 ,       0.015440 ,  30.881165
   rocblas_wo_dt ,   SP ,  1300 ,     3 ,  1300 ,     548.103965 ,       0.012197 ,       0.015621 ,  28.068804
   rocblas_wo_dt ,   SP ,  1400 ,     3 ,  1400 ,     434.693186 ,       0.020876 ,       0.022802 ,   9.227958
   rocblas_wo_dt ,   SP ,  1500 ,     3 ,  1500 ,     607.004430 ,       0.015178 ,       0.018401 ,  21.237825
   rocblas_wo_dt ,   SP ,  1600 ,     3 ,  1600 ,     712.766367 ,       0.017519 ,       0.017719 ,   1.143168
   rocblas_wo_dt ,   SP ,  1700 ,     3 ,  1700 ,     683.385228 ,       0.020380 ,       0.021200 ,   4.024333
   rocblas_wo_dt ,   SP ,  1800 ,     3 ,  1800 ,     726.444504 ,       0.021162 ,       0.022440 ,   6.038756
   rocblas_wo_dt ,   SP ,  1900 ,     3 ,  1900 ,     650.662341 ,       0.026441 ,       0.027900 ,   5.518485
   rocblas_wo_dt ,   SP ,  2000 ,     3 ,  2000 ,     839.528144 ,       0.023217 ,       0.023661 ,   1.910043
   rocblas_wo_dt ,   SP ,  2100 ,     3 ,  2100 ,     858.512401 ,       0.025082 ,       0.025320 ,   0.950570
   rocblas_wo_dt ,   SP ,  2200 ,     3 ,  2200 ,     931.285466 ,       0.025177 ,       0.025558 ,   1.515152
   rocblas_wo_dt ,   SP ,  2300 ,     3 ,  2300 ,     684.295715 ,       0.038304 ,       0.038638 ,   0.871405
   rocblas_wo_dt ,   SP ,  2400 ,     3 ,  2400 ,     822.127172 ,       0.033040 ,       0.035143 ,   6.364555
   rocblas_wo_dt ,   SP ,  2500 ,     3 ,  2500 ,     814.209955 ,       0.038180 ,       0.038362 ,   0.474585
   rocblas_wo_dt ,   SP ,  2600 ,     3 ,  2600 ,     884.733616 ,       0.037799 ,       0.038180 ,   1.009209
   rocblas_wo_dt ,   SP ,  2700 ,     3 ,  2700 ,     842.900195 ,       0.042920 ,       0.043221 ,   0.699922
   rocblas_wo_dt ,   SP ,  2800 ,     3 ,  2800 ,     860.539011 ,       0.045061 ,       0.045600 ,   1.195767
   rocblas_wo_dt ,   SP ,  2900 ,     3 ,  2900 ,     847.422961 ,       0.049138 ,       0.049639 ,   1.018923
   rocblas_wo_dt ,   SP ,  3000 ,     3 ,  3000 ,     864.941334 ,       0.051603 ,       0.052080 ,   0.924044
   rocblas_wo_dt ,   SP ,   500 ,     4 ,   500 ,     326.694891 ,       0.005348 ,       0.005353 ,   0.103413
   rocblas_wo_dt ,   SP ,   600 ,     4 ,   600 ,     430.322003 ,       0.005844 ,       0.005853 ,   0.156457
   rocblas_wo_dt ,   SP ,   700 ,     4 ,   700 ,     473.908032 ,       0.007221 ,       0.007236 ,   0.212264
   rocblas_wo_dt ,   SP ,   800 ,     4 ,   800 ,     582.882937 ,       0.007643 ,       0.007671 ,   0.366139
   rocblas_wo_dt ,   SP ,   900 ,     4 ,   900 ,     650.840013 ,       0.008522 ,       0.008625 ,   1.213742
   rocblas_wo_dt ,   SP ,  1000 ,     4 ,  1000 ,     503.114989 ,       0.010180 ,       0.015059 ,  47.915691
   rocblas_wo_dt ,   SP ,  1100 ,     4 ,  1100 ,     575.518891 ,       0.011520 ,       0.015259 ,  32.450333
   rocblas_wo_dt ,   SP ,  1200 ,     4 ,  1200 ,     675.437908 ,       0.011859 ,       0.015364 ,  29.553679
   rocblas_wo_dt ,   SP ,  1300 ,     4 ,  1300 ,     779.180504 ,       0.012317 ,       0.015540 ,  26.171120
   rocblas_wo_dt ,   SP ,  1400 ,     4 ,  1400 ,     583.379921 ,       0.021877 ,       0.022840 ,   4.402790
   rocblas_wo_dt ,   SP ,  1500 ,     4 ,  1500 ,     833.669402 ,       0.018520 ,       0.018678 ,   0.849640
   rocblas_wo_dt ,   SP ,  1600 ,     4 ,  1600 ,     981.273612 ,       0.017743 ,       0.018020 ,   1.558721
   rocblas_wo_dt ,   SP ,  1700 ,     4 ,  1700 ,     963.603340 ,       0.019941 ,       0.020962 ,   5.117169
   rocblas_wo_dt ,   SP ,  1800 ,     4 ,  1800 ,     984.749875 ,       0.022221 ,       0.022798 ,   2.596566
   rocblas_wo_dt ,   SP ,  1900 ,     4 ,  1900 ,     878.430300 ,       0.027061 ,       0.029039 ,   7.312775
   rocblas_wo_dt ,   SP ,  2000 ,     4 ,  2000 ,    1104.205242 ,       0.023618 ,       0.025382 ,   7.470220
   rocblas_wo_dt ,   SP ,  2100 ,     4 ,  2100 ,    1185.712052 ,       0.025101 ,       0.025640 ,   2.146657
   rocblas_wo_dt ,   SP ,  2200 ,     4 ,  2200 ,    1269.005180 ,       0.025282 ,       0.026836 ,   6.148623
   rocblas_wo_dt ,   SP ,  2300 ,     4 ,  2300 ,     951.729758 ,       0.038581 ,       0.038881 ,   0.778643
   rocblas_wo_dt ,   SP ,  2400 ,     4 ,  2400 ,    1166.850951 ,       0.033660 ,       0.034342 ,   2.025783
   rocblas_wo_dt ,   SP ,  2500 ,     4 ,  2500 ,    1130.074568 ,       0.038443 ,       0.038700 ,   0.669809
   rocblas_wo_dt ,   SP ,  2600 ,     4 ,  2600 ,    1228.733234 ,       0.037417 ,       0.038600 ,   3.160444
   rocblas_wo_dt ,   SP ,  2700 ,     4 ,  2700 ,    1161.202755 ,       0.043516 ,       0.043941 ,   0.975236
   rocblas_wo_dt ,   SP ,  2800 ,     4 ,  2800 ,    1195.509085 ,       0.045538 ,       0.045900 ,   0.795812
   rocblas_wo_dt ,   SP ,  2900 ,     4 ,  2900 ,    1163.539977 ,       0.050058 ,       0.050540 ,   0.962088
   rocblas_wo_dt ,   SP ,  3000 ,     4 ,  3000 ,    1174.078321 ,       0.053277 ,       0.053678 ,   0.751812
   rocblas_wo_dt ,   SP ,   500 ,     5 ,   500 ,     410.897470 ,       0.005464 ,       0.005472 ,   0.146199
   rocblas_wo_dt ,   SP ,   600 ,     5 ,   600 ,     544.748937 ,       0.005935 ,       0.005944 ,   0.154047
   rocblas_wo_dt ,   SP ,   700 ,     5 ,   700 ,     605.589763 ,       0.007268 ,       0.007282 ,   0.199180
   rocblas_wo_dt ,   SP ,   800 ,     5 ,   800 ,     724.458256 ,       0.007765 ,       0.007822 ,   0.735188
   rocblas_wo_dt ,   SP ,   900 ,     5 ,   900 ,     820.947996 ,       0.008602 ,       0.008750 ,   1.711840
   rocblas_wo_dt ,   SP ,  1000 ,     5 ,  1000 ,     648.448708 ,       0.010200 ,       0.015197 ,  48.994858
   rocblas_wo_dt ,   SP ,  1100 ,     5 ,  1100 ,     728.386482 ,       0.011721 ,       0.015459 ,  31.895851
   rocblas_wo_dt ,   SP ,  1200 ,     5 ,  1200 ,     858.224427 ,       0.012097 ,       0.015540 ,  28.458809
   rocblas_wo_dt ,   SP ,  1300 ,     5 ,  1300 ,    1006.677362 ,       0.012259 ,       0.015345 ,  25.165306
   rocblas_wo_dt ,   SP ,  1400 ,     5 ,  1400 ,     764.538213 ,       0.020943 ,       0.022979 ,   9.722222
   rocblas_wo_dt ,   SP ,  1500 ,     5 ,  1500 ,    1048.443890 ,       0.018883 ,       0.019059 ,   0.934343
   rocblas_wo_dt ,   SP ,  1600 ,     5 ,  1600 ,    1240.645885 ,       0.018082 ,       0.018363 ,   1.555907
   rocblas_wo_dt ,   SP ,  1700 ,     5 ,  1700 ,    1213.065139 ,       0.020299 ,       0.021558 ,   6.201550
   rocblas_wo_dt ,   SP ,  1800 ,     5 ,  1800 ,    1240.131643 ,       0.021758 ,       0.023160 ,   6.443130
   rocblas_wo_dt ,   SP ,  1900 ,     5 ,  1900 ,    1133.060953 ,       0.027962 ,       0.028582 ,   2.216917
   rocblas_wo_dt ,   SP ,  2000 ,     5 ,  2000 ,    1472.239883 ,       0.024123 ,       0.024343 ,   0.909271
   rocblas_wo_dt ,   SP ,  2100 ,     5 ,  2100 ,    1499.748750 ,       0.025640 ,       0.026183 ,   2.120141
   rocblas_wo_dt ,   SP ,  2200 ,     5 ,  2200 ,    1654.124217 ,       0.025802 ,       0.026140 ,   1.312142
   rocblas_wo_dt ,   SP ,  2300 ,     5 ,  2300 ,    1213.505900 ,       0.038757 ,       0.039220 ,   1.193406
   rocblas_wo_dt ,   SP ,  2400 ,     5 ,  2400 ,    1509.073046 ,       0.033822 ,       0.034299 ,   1.409841
   rocblas_wo_dt ,   SP ,  2500 ,     5 ,  2500 ,    1434.198154 ,       0.038719 ,       0.039258 ,   1.391626
   rocblas_wo_dt ,   SP ,  2600 ,     5 ,  2600 ,    1557.584001 ,       0.038681 ,       0.039062 ,   0.986193
   rocblas_wo_dt ,   SP ,  2700 ,     5 ,  2700 ,    1468.803557 ,       0.044136 ,       0.044661 ,   1.188418
   rocblas_wo_dt ,   SP ,  2800 ,     5 ,  2800 ,    1528.898661 ,       0.045776 ,       0.046163 ,   0.843750
   rocblas_wo_dt ,   SP ,  2900 ,     5 ,  2900 ,    1474.613330 ,       0.050077 ,       0.051322 ,   2.485241
   rocblas_wo_dt ,   SP ,  3000 ,     5 ,  3000 ,    1468.508308 ,       0.054698 ,       0.055184 ,   0.889199
   rocblas_wo_dt ,   SP ,   500 ,     6 ,   500 ,     486.875146 ,       0.005637 ,       0.005644 ,   0.130819
   rocblas_wo_dt ,   SP ,   600 ,     6 ,   600 ,     652.855284 ,       0.006050 ,       0.006062 ,   0.197628
   rocblas_wo_dt ,   SP ,   700 ,     6 ,   700 ,     727.360398 ,       0.007376 ,       0.007417 ,   0.565689
   rocblas_wo_dt ,   SP ,   800 ,     6 ,   800 ,     886.809428 ,       0.007897 ,       0.007938 ,   0.524451
   rocblas_wo_dt ,   SP ,   900 ,     6 ,   900 ,     987.530416 ,       0.008809 ,       0.008890 ,   0.915423
   rocblas_wo_dt ,   SP ,  1000 ,     6 ,  1000 ,     777.724229 ,       0.010443 ,       0.015221 ,  45.753426
   rocblas_wo_dt ,   SP ,  1100 ,     6 ,  1100 ,     883.676920 ,       0.011821 ,       0.015521 ,  31.302944
   rocblas_wo_dt ,   SP ,  1200 ,     6 ,  1200 ,    1049.469826 ,       0.011997 ,       0.015583 ,  29.888712
   rocblas_wo_dt ,   SP ,  1300 ,     6 ,  1300 ,    1202.003740 ,       0.012383 ,       0.015721 ,  26.954178
   rocblas_wo_dt ,   SP ,  1400 ,     6 ,  1400 ,     898.236923 ,       0.022302 ,       0.023503 ,   5.388069
   rocblas_wo_dt ,   SP ,  1500 ,     6 ,  1500 ,    1284.052948 ,       0.018821 ,       0.019140 ,   1.697492
   rocblas_wo_dt ,   SP ,  1600 ,     6 ,  1600 ,    1496.530969 ,       0.018001 ,       0.018620 ,   3.443709
   rocblas_wo_dt ,   SP ,  1700 ,     6 ,  1700 ,    1426.250981 ,       0.021520 ,       0.022144 ,   2.902725
   rocblas_wo_dt ,   SP ,  1800 ,     6 ,  1800 ,    1507.494242 ,       0.022802 ,       0.023441 ,   2.802175
   rocblas_wo_dt ,   SP ,  1900 ,     6 ,  1900 ,    1333.791131 ,       0.028543 ,       0.029802 ,   4.410291
   rocblas_wo_dt ,   SP ,  2000 ,     6 ,  2000 ,    1678.262776 ,       0.024662 ,       0.026217 ,   6.303171
   rocblas_wo_dt ,   SP ,  2100 ,     6 ,  2100 ,    1601.951968 ,       0.029259 ,       0.030360 ,   3.764668
   rocblas_wo_dt ,   SP ,  2200 ,     6 ,  2200 ,    1860.872562 ,       0.027099 ,       0.028815 ,   6.334682
   rocblas_wo_dt ,   SP ,  2300 ,     6 ,  2300 ,    1468.830755 ,       0.039220 ,       0.039601 ,   0.972644
   rocblas_wo_dt ,   SP ,  2400 ,     6 ,  2400 ,    1795.177920 ,       0.034523 ,       0.035300 ,   2.251381
   rocblas_wo_dt ,   SP ,  2500 ,     6 ,  2500 ,    1721.204590 ,       0.039382 ,       0.039959 ,   1.465068
   rocblas_wo_dt ,   SP ,  2600 ,     6 ,  2600 ,    1868.760388 ,       0.039439 ,       0.039802 ,   0.918873
   rocblas_wo_dt ,   SP ,  2700 ,     6 ,  2700 ,    1757.780918 ,       0.045180 ,       0.045638 ,   1.013193
   rocblas_wo_dt ,   SP ,  2800 ,     6 ,  2800 ,    1836.566558 ,       0.046439 ,       0.047021 ,   1.252695
   rocblas_wo_dt ,   SP ,  2900 ,     6 ,  2900 ,    1764.278589 ,       0.052099 ,       0.052462 ,   0.695589
   rocblas_wo_dt ,   SP ,  3000 ,     6 ,  3000 ,    1737.925330 ,       0.056701 ,       0.057001 ,   0.529812
   rocblas_wo_dt ,   SP ,   500 ,     7 ,   500 ,     566.341405 ,       0.005726 ,       0.005735 ,   0.150231
   rocblas_wo_dt ,   SP ,   600 ,     7 ,   600 ,     707.217836 ,       0.006560 ,       0.006617 ,   0.857633
   rocblas_wo_dt ,   SP ,   700 ,     7 ,   700 ,     846.816685 ,       0.007497 ,       0.007518 ,   0.283962
   rocblas_wo_dt ,   SP ,   800 ,     7 ,   800 ,    1034.919448 ,       0.007985 ,       0.008019 ,   0.420521
   rocblas_wo_dt ,   SP ,   900 ,     7 ,   900 ,    1167.940818 ,       0.008874 ,       0.008927 ,   0.592651
   rocblas_wo_dt ,   SP ,  1000 ,     7 ,  1000 ,     905.077282 ,       0.010600 ,       0.015264 ,  43.994602
   rocblas_wo_dt ,   SP ,  1100 ,     7 ,  1100 ,    1043.637895 ,       0.012059 ,       0.015459 ,  28.192961
   rocblas_wo_dt ,   SP ,  1200 ,     7 ,  1200 ,    1252.348423 ,       0.011921 ,       0.015364 ,  28.879999
   rocblas_wo_dt ,   SP ,  1300 ,     7 ,  1300 ,    1431.863551 ,       0.012598 ,       0.015597 ,  23.807722
   rocblas_wo_dt ,   SP ,  1400 ,     7 ,  1400 ,    1038.945482 ,       0.022178 ,       0.024519 ,  10.556870
   rocblas_wo_dt ,   SP ,  1500 ,     7 ,  1500 ,    1484.980799 ,       0.019283 ,       0.019522 ,   1.236400
   rocblas_wo_dt ,   SP ,  1600 ,     7 ,  1600 ,    1745.010156 ,       0.018678 ,       0.018821 ,   0.765892
   rocblas_wo_dt ,   SP ,  1700 ,     7 ,  1700 ,    1619.224651 ,       0.022101 ,       0.022964 ,   3.905070
   rocblas_wo_dt ,   SP ,  1800 ,     7 ,  1800 ,    1757.225961 ,       0.023079 ,       0.023923 ,   3.657025
   rocblas_wo_dt ,   SP ,  1900 ,     7 ,  1900 ,    1514.222787 ,       0.027099 ,       0.031061 ,  14.622559
   rocblas_wo_dt ,   SP ,  2000 ,     7 ,  2000 ,    1968.964889 ,       0.025077 ,       0.026398 ,   5.267161
   rocblas_wo_dt ,   SP ,  2100 ,     7 ,  2100 ,    1668.471863 ,       0.033636 ,       0.034261 ,   1.857102
   rocblas_wo_dt ,   SP ,  2200 ,     7 ,  2200 ,    1838.752876 ,       0.033383 ,       0.034237 ,   2.556778
   rocblas_wo_dt ,   SP ,  2300 ,     7 ,  2300 ,    1722.904462 ,       0.039020 ,       0.039921 ,   2.309666
   rocblas_wo_dt ,   SP ,  2400 ,     7 ,  2400 ,    2120.500483 ,       0.034719 ,       0.035262 ,   1.565719
   rocblas_wo_dt ,   SP ,  2500 ,     7 ,  2500 ,    2006.202940 ,       0.040221 ,       0.040483 ,   0.652045
   rocblas_wo_dt ,   SP ,  2600 ,     7 ,  2600 ,    2185.346443 ,       0.039802 ,       0.040216 ,   1.042291
   rocblas_wo_dt ,   SP ,  2700 ,     7 ,  2700 ,    2068.946399 ,       0.045457 ,       0.045776 ,   0.702822
   rocblas_wo_dt ,   SP ,  2800 ,     7 ,  2800 ,    2138.637388 ,       0.047302 ,       0.047641 ,   0.715726
   rocblas_wo_dt ,   SP ,  2900 ,     7 ,  2900 ,    2061.566615 ,       0.052662 ,       0.053039 ,   0.715321
   rocblas_wo_dt ,   SP ,  3000 ,     7 ,  3000 ,    1983.970734 ,       0.058560 ,       0.058980 ,   0.716554
   rocblas_wo_dt ,   SP ,   500 ,     8 ,   500 ,     707.653355 ,       0.005289 ,       0.005299 ,   0.185895
   rocblas_wo_dt ,   SP ,   600 ,     8 ,   600 ,     918.193147 ,       0.005837 ,       0.005841 ,   0.060241
   rocblas_wo_dt ,   SP ,   700 ,     8 ,   700 ,    1013.564642 ,       0.007233 ,       0.007246 ,   0.188368
   rocblas_wo_dt ,   SP ,   800 ,     8 ,   800 ,    1266.631199 ,       0.007516 ,       0.007563 ,   0.625465
   rocblas_wo_dt ,   SP ,   900 ,     8 ,   900 ,    1391.034870 ,       0.008580 ,       0.008671 ,   1.062526
   rocblas_wo_dt ,   SP ,  1000 ,     8 ,  1000 ,    1100.953875 ,       0.010123 ,       0.015240 ,  50.541687
   rocblas_wo_dt ,   SP ,  1100 ,     8 ,  1100 ,    1239.182007 ,       0.011578 ,       0.015221 ,  31.466227
   rocblas_wo_dt ,   SP ,  1200 ,     8 ,  1200 ,    1466.199059 ,       0.011420 ,       0.015221 ,  33.277660
   rocblas_wo_dt ,   SP ,  1300 ,     8 ,  1300 ,    1679.148087 ,       0.012140 ,       0.015459 ,  27.337000
   rocblas_wo_dt ,   SP ,  1400 ,     8 ,  1400 ,    1229.846431 ,       0.022240 ,       0.023837 ,   7.182676
   rocblas_wo_dt ,   SP ,  1500 ,     8 ,  1500 ,    1749.976748 ,       0.018382 ,       0.019121 ,   4.020752
   rocblas_wo_dt ,   SP ,  1600 ,     8 ,  1600 ,    2104.303511 ,       0.017776 ,       0.018058 ,   1.582618
   rocblas_wo_dt ,   SP ,  1700 ,     8 ,  1700 ,    2055.083417 ,       0.020280 ,       0.021100 ,   4.044204
   rocblas_wo_dt ,   SP ,  1800 ,     8 ,  1800 ,    2157.220418 ,       0.021276 ,       0.022483 ,   5.670103
   rocblas_wo_dt ,   SP ,  1900 ,     8 ,  1900 ,    1911.597870 ,       0.026698 ,       0.027900 ,   4.500804
   rocblas_wo_dt ,   SP ,  2000 ,     8 ,  2000 ,    2353.181967 ,       0.024037 ,       0.025678 ,   6.824043
   rocblas_wo_dt ,   SP ,  2100 ,     8 ,  2100 ,    2239.523084 ,       0.028324 ,       0.029459 ,   4.006734
   rocblas_wo_dt ,   SP ,  2200 ,     8 ,  2200 ,    2627.085965 ,       0.026360 ,       0.027518 ,   4.395803
   rocblas_wo_dt ,   SP ,  2300 ,     8 ,  2300 ,    2022.725813 ,       0.038862 ,       0.039201 ,   0.871166
   rocblas_wo_dt ,   SP ,  2400 ,     8 ,  2400 ,    2459.649553 ,       0.033822 ,       0.035362 ,   4.553785
   rocblas_wo_dt ,   SP ,  2500 ,     8 ,  2500 ,    2388.526475 ,       0.038958 ,       0.039244 ,   0.734394
   rocblas_wo_dt ,   SP ,  2600 ,     8 ,  2600 ,    2616.214225 ,       0.038400 ,       0.038719 ,   0.831988
   rocblas_wo_dt ,   SP ,  2700 ,     8 ,  2700 ,    2545.651282 ,       0.042500 ,       0.042958 ,   1.077078
   rocblas_wo_dt ,   SP ,  2800 ,     8 ,  2800 ,    2561.070001 ,       0.045519 ,       0.045938 ,   0.921852
   rocblas_wo_dt ,   SP ,  2900 ,     8 ,  2900 ,    2507.167570 ,       0.050101 ,       0.050302 ,   0.399734
   rocblas_wo_dt ,   SP ,  3000 ,     8 ,  3000 ,    2206.562039 ,       0.060616 ,       0.061159 ,   0.896790
   rocblas_wo_dt ,   SP ,   500 ,     9 ,   500 ,     724.875703 ,       0.005841 ,       0.005861 ,   0.347186
   rocblas_wo_dt ,   SP ,   600 ,     9 ,   600 ,     904.270887 ,       0.006717 ,       0.006767 ,   0.743378
   rocblas_wo_dt ,   SP ,   700 ,     9 ,   700 ,    1064.427208 ,       0.007793 ,       0.007824 ,   0.404283
   rocblas_wo_dt ,   SP ,   800 ,     9 ,   800 ,    1331.096830 ,       0.008122 ,       0.008169 ,   0.578831
   rocblas_wo_dt ,   SP ,   900 ,     9 ,   900 ,    1388.923157 ,       0.009309 ,       0.009412 ,   1.111111
   rocblas_wo_dt ,   SP ,  1000 ,     9 ,  1000 ,    1151.901783 ,       0.011239 ,       0.015559 ,  38.438694
   rocblas_wo_dt ,   SP ,  1100 ,     9 ,  1100 ,    1330.884602 ,       0.012560 ,       0.015817 ,  25.930143
   rocblas_wo_dt ,   SP ,  1200 ,     9 ,  1200 ,    1603.006524 ,       0.012121 ,       0.015717 ,  29.661684
   rocblas_wo_dt ,   SP ,  1300 ,     9 ,  1300 ,    1770.434200 ,       0.013218 ,       0.016479 ,  24.675325
   rocblas_wo_dt ,   SP ,  1400 ,     9 ,  1400 ,    1288.206638 ,       0.023236 ,       0.024762 ,   6.566797
   rocblas_wo_dt ,   SP ,  1500 ,     9 ,  1500 ,    1820.497256 ,       0.020218 ,       0.020900 ,   3.372642
   rocblas_wo_dt ,   SP ,  1600 ,     9 ,  1600 ,    2211.026508 ,       0.018821 ,       0.019541 ,   3.825691
   rocblas_wo_dt ,   SP ,  1700 ,     9 ,  1700 ,    2117.050071 ,       0.022202 ,       0.023122 ,   4.145189
   rocblas_wo_dt ,   SP ,  1800 ,     9 ,  1800 ,    2311.037589 ,       0.022659 ,       0.023680 ,   4.503367
   rocblas_wo_dt ,   SP ,  1900 ,     9 ,  1900 ,    1852.610187 ,       0.032220 ,       0.033121 ,   2.797099
   rocblas_wo_dt ,   SP ,  2000 ,     9 ,  2000 ,    2538.451706 ,       0.024920 ,       0.027018 ,   8.419441
   rocblas_wo_dt ,   SP ,  2100 ,     9 ,  2100 ,    2321.102752 ,       0.031419 ,       0.032339 ,   2.929124
   rocblas_wo_dt ,   SP ,  2200 ,     9 ,  2200 ,    2430.643341 ,       0.032821 ,       0.033784 ,   2.934767
   rocblas_wo_dt ,   SP ,  2300 ,     9 ,  2300 ,    2250.072907 ,       0.039139 ,       0.040078 ,   2.400097
   rocblas_wo_dt ,   SP ,  2400 ,     9 ,  2400 ,    2786.763753 ,       0.034580 ,       0.035043 ,   1.337562
   rocblas_wo_dt ,   SP ,  2500 ,     9 ,  2500 ,    2635.694910 ,       0.039258 ,       0.040321 ,   2.708612
   rocblas_wo_dt ,   SP ,  2600 ,     9 ,  2600 ,    2881.504470 ,       0.039659 ,       0.039883 ,   0.565108
   rocblas_wo_dt ,   SP ,  2700 ,     9 ,  2700 ,    2762.621612 ,       0.043120 ,       0.044880 ,   4.080504
   rocblas_wo_dt ,   SP ,  2800 ,     9 ,  2800 ,    2774.599827 ,       0.047736 ,       0.048056 ,   0.669264
   rocblas_wo_dt ,   SP ,  2900 ,     9 ,  2900 ,    2715.941756 ,       0.052419 ,       0.052662 ,   0.463932
   rocblas_wo_dt ,   SP ,  3000 ,     9 ,  3000 ,    2417.265322 ,       0.062881 ,       0.063300 ,   0.667324
   rocblas_wo_dt ,   SP ,   500 ,    10 ,   500 ,     806.103735 ,       0.005874 ,       0.005889 ,   0.261534
   rocblas_wo_dt ,   SP ,   600 ,    10 ,   600 ,     996.348857 ,       0.006847 ,       0.006864 ,   0.256805
   rocblas_wo_dt ,   SP ,   700 ,    10 ,   700 ,    1183.594651 ,       0.007839 ,       0.007860 ,   0.271562
   rocblas_wo_dt ,   SP ,   800 ,    10 ,   800 ,    1461.855847 ,       0.008273 ,       0.008305 ,   0.392369
   rocblas_wo_dt ,   SP ,   900 ,    10 ,   900 ,    1564.237249 ,       0.009368 ,       0.009479 ,   1.178892
   rocblas_wo_dt ,   SP ,  1000 ,    10 ,  1000 ,    1305.384099 ,       0.011463 ,       0.015278 ,  33.277870
   rocblas_wo_dt ,   SP ,  1100 ,    10 ,  1100 ,    1452.341779 ,       0.012999 ,       0.016022 ,  23.257521
   rocblas_wo_dt ,   SP ,  1200 ,    10 ,  1200 ,    1741.624283 ,       0.012622 ,       0.015960 ,  26.445032
   rocblas_wo_dt ,   SP ,  1300 ,    10 ,  1300 ,    1925.917038 ,       0.013642 ,       0.016761 ,  22.859140
   rocblas_wo_dt ,   SP ,  1400 ,    10 ,  1400 ,    1546.662214 ,       0.022416 ,       0.024180 ,   7.870666
   rocblas_wo_dt ,   SP ,  1500 ,    10 ,  1500 ,    1984.058063 ,       0.020337 ,       0.021458 ,   5.509965
   rocblas_wo_dt ,   SP ,  1600 ,    10 ,  1600 ,    2366.446907 ,       0.019941 ,       0.020361 ,   2.104256
   rocblas_wo_dt ,   SP ,  1700 ,    10 ,  1700 ,    2330.371371 ,       0.021400 ,       0.023322 ,   8.979501
   rocblas_wo_dt ,   SP ,  1800 ,    10 ,  1800 ,    2626.771693 ,       0.022740 ,       0.023241 ,   2.201720
   rocblas_wo_dt ,   SP ,  1900 ,    10 ,  1900 ,    2013.818784 ,       0.032740 ,       0.033984 ,   3.801340
   rocblas_wo_dt ,   SP ,  2000 ,    10 ,  2000 ,    2937.278380 ,       0.025420 ,       0.025759 ,   1.331833
   rocblas_wo_dt ,   SP ,  2100 ,    10 ,  2100 ,    2415.804682 ,       0.033317 ,       0.034499 ,   3.549449
   rocblas_wo_dt ,   SP ,  2200 ,    10 ,  2200 ,    2636.408359 ,       0.032701 ,       0.034900 ,   6.722076
   rocblas_wo_dt ,   SP ,  2300 ,    10 ,  2300 ,    2456.120937 ,       0.040522 ,       0.040936 ,   1.023770
   rocblas_wo_dt ,   SP ,  2400 ,    10 ,  2400 ,    3038.125427 ,       0.035481 ,       0.036020 ,   1.518613
   rocblas_wo_dt ,   SP ,  2500 ,    10 ,  2500 ,    2868.974795 ,       0.040979 ,       0.041380 ,   0.977426
   rocblas_wo_dt ,   SP ,  2600 ,    10 ,  2600 ,    3114.489664 ,       0.040398 ,       0.041280 ,   2.183664
   rocblas_wo_dt ,   SP ,  2700 ,    10 ,  2700 ,    3021.218676 ,       0.045500 ,       0.045843 ,   0.754559
   rocblas_wo_dt ,   SP ,  2800 ,    10 ,  2800 ,    3060.731878 ,       0.048161 ,       0.048680 ,   1.079208
   rocblas_wo_dt ,   SP ,  2900 ,    10 ,  2900 ,    2982.740388 ,       0.053301 ,       0.053601 ,   0.563607
   rocblas_wo_dt ,   SP ,  3000 ,    10 ,  3000 ,    2608.489155 ,       0.065279 ,       0.065560 ,   0.430972
   rocblas_wo_dt ,   SP ,   500 ,    11 ,   500 ,     867.676692 ,       0.006026 ,       0.006046 ,   0.346727
   rocblas_wo_dt ,   SP ,   600 ,    11 ,   600 ,    1089.560456 ,       0.006911 ,       0.006935 ,   0.345986
   rocblas_wo_dt ,   SP ,   700 ,    11 ,   700 ,    1295.386983 ,       0.007921 ,       0.007943 ,   0.268731
   rocblas_wo_dt ,   SP ,   800 ,    11 ,   800 ,    1598.597190 ,       0.008380 ,       0.008398 ,   0.213704
   rocblas_wo_dt ,   SP ,   900 ,    11 ,   900 ,    1702.162025 ,       0.009360 ,       0.009486 ,   1.348567
   rocblas_wo_dt ,   SP ,  1000 ,    11 ,  1000 ,    1393.883964 ,       0.011501 ,       0.015478 ,  34.577114
   rocblas_wo_dt ,   SP ,  1100 ,    11 ,  1100 ,    1584.125320 ,       0.013380 ,       0.016298 ,  21.810406
   rocblas_wo_dt ,   SP ,  1200 ,    11 ,  1200 ,    1898.609859 ,       0.013037 ,       0.016141 ,  23.811266
   rocblas_wo_dt ,   SP ,  1300 ,    11 ,  1300 ,    2081.854002 ,       0.014462 ,       0.017099 ,  18.232773
   rocblas_wo_dt ,   SP ,  1400 ,    11 ,  1400 ,    1670.990317 ,       0.022659 ,       0.024643 ,   8.754209
   rocblas_wo_dt ,   SP ,  1500 ,    11 ,  1500 ,    2055.221512 ,       0.021319 ,       0.022101 ,   3.668083
   rocblas_wo_dt ,   SP ,  1600 ,    11 ,  1600 ,    2539.528600 ,       0.020099 ,       0.021200 ,   5.480427
   rocblas_wo_dt ,   SP ,  1700 ,    11 ,  1700 ,    2508.129882 ,       0.022702 ,       0.024023 ,   5.818105
   rocblas_wo_dt ,   SP ,  1800 ,    11 ,  1800 ,    2700.342987 ,       0.023341 ,       0.025382 ,   8.743616
   rocblas_wo_dt ,   SP ,  1900 ,    11 ,  1900 ,    2208.228051 ,       0.033059 ,       0.034037 ,   2.956873
   rocblas_wo_dt ,   SP ,  2000 ,    11 ,  2000 ,    3109.067709 ,       0.026078 ,       0.026360 ,   1.078808
   rocblas_wo_dt ,   SP ,  2100 ,    11 ,  2100 ,    2651.199014 ,       0.034499 ,       0.034938 ,   1.271596
   rocblas_wo_dt ,   SP ,  2200 ,    11 ,  2200 ,    2836.194688 ,       0.035520 ,       0.035839 ,   0.899450
   rocblas_wo_dt ,   SP ,  2300 ,    11 ,  2300 ,    2670.245155 ,       0.040121 ,       0.041661 ,   3.838840
   rocblas_wo_dt ,   SP ,  2400 ,    11 ,  2400 ,    3287.180804 ,       0.036302 ,       0.036783 ,   1.326678
   rocblas_wo_dt ,   SP ,  2500 ,    11 ,  2500 ,    3107.674707 ,       0.041142 ,       0.042362 ,   2.967084
   rocblas_wo_dt ,   SP ,  2600 ,    11 ,  2600 ,    3345.934400 ,       0.042043 ,       0.042381 ,   0.805263
   rocblas_wo_dt ,   SP ,  2700 ,    11 ,  2700 ,    3284.845374 ,       0.046239 ,       0.046620 ,   0.824997
   rocblas_wo_dt ,   SP ,  2800 ,    11 ,  2800 ,    3349.804406 ,       0.048680 ,       0.049100 ,   0.861985
   rocblas_wo_dt ,   SP ,  2900 ,    11 ,  2900 ,    3247.150493 ,       0.054021 ,       0.054340 ,   0.591403
   rocblas_wo_dt ,   SP ,  3000 ,    11 ,  3000 ,    2806.998208 ,       0.067062 ,       0.067358 ,   0.440842
   rocblas_wo_dt ,   SP ,   500 ,    12 ,   500 ,     869.036534 ,       0.006585 ,       0.006614 ,   0.438596
   rocblas_wo_dt ,   SP ,   600 ,    12 ,   600 ,    1178.087897 ,       0.007009 ,       0.007027 ,   0.250853
   rocblas_wo_dt ,   SP ,   700 ,    12 ,   700 ,    1393.742271 ,       0.008032 ,       0.008086 ,   0.667868
   rocblas_wo_dt ,   SP ,   800 ,    12 ,   800 ,    1720.454751 ,       0.008520 ,       0.008549 ,   0.341566
   rocblas_wo_dt ,   SP ,   900 ,    12 ,   900 ,    1905.869403 ,       0.009309 ,       0.009426 ,   1.261770
   rocblas_wo_dt ,   SP ,  1000 ,    12 ,  1000 ,    1555.523415 ,       0.011439 ,       0.015440 ,  34.972904
   rocblas_wo_dt ,   SP ,  1100 ,    12 ,  1100 ,    1683.288377 ,       0.013642 ,       0.016718 ,  22.544565
   rocblas_wo_dt ,   SP ,  1200 ,    12 ,  1200 ,    2031.950507 ,       0.013280 ,       0.016499 ,  24.236984
   rocblas_wo_dt ,   SP ,  1300 ,    12 ,  1300 ,    2192.199143 ,       0.017262 ,       0.017419 ,   0.911602
   rocblas_wo_dt ,   SP ,  1400 ,    12 ,  1400 ,    1801.916001 ,       0.022998 ,       0.024681 ,   7.319096
   rocblas_wo_dt ,   SP ,  1500 ,    12 ,  1500 ,    2219.809319 ,       0.020719 ,       0.023022 ,  11.116225
   rocblas_wo_dt ,   SP ,  1600 ,    12 ,  1600 ,    2777.133510 ,       0.020304 ,       0.021181 ,   4.321278
   rocblas_wo_dt ,   SP ,  1700 ,    12 ,  1700 ,    2686.920814 ,       0.023122 ,       0.024238 ,   4.825737
   rocblas_wo_dt ,   SP ,  1800 ,    12 ,  1800 ,    3081.587294 ,       0.023723 ,       0.024023 ,   1.266332
   rocblas_wo_dt ,   SP ,  1900 ,    12 ,  1900 ,    2379.069647 ,       0.033278 ,       0.035081 ,   5.416249
   rocblas_wo_dt ,   SP ,  2000 ,    12 ,  2000 ,    3391.915600 ,       0.026321 ,       0.027122 ,   3.043478
   rocblas_wo_dt ,   SP ,  2100 ,    12 ,  2100 ,    2837.497181 ,       0.035176 ,       0.035763 ,   1.667344
   rocblas_wo_dt ,   SP ,  2200 ,    12 ,  2200 ,    3006.937826 ,       0.036659 ,       0.037036 ,   1.027575
   rocblas_wo_dt ,   SP ,  2300 ,    12 ,  2300 ,    2877.535040 ,       0.041480 ,       0.042338 ,   2.069203
   rocblas_wo_dt ,   SP ,  2400 ,    12 ,  2400 ,    3560.690058 ,       0.036778 ,       0.037236 ,   1.244652
   rocblas_wo_dt ,   SP ,  2500 ,    12 ,  2500 ,    3342.693208 ,       0.042562 ,       0.042958 ,   0.929868
   rocblas_wo_dt ,   SP ,  2600 ,    12 ,  2600 ,    3603.065493 ,       0.042758 ,       0.043139 ,   0.892160
   rocblas_wo_dt ,   SP ,  2700 ,    12 ,  2700 ,    3589.531170 ,       0.046363 ,       0.046701 ,   0.730227
   rocblas_wo_dt ,   SP ,  2800 ,    12 ,  2800 ,    3654.816935 ,       0.048962 ,       0.049357 ,   0.808337
   rocblas_wo_dt ,   SP ,  2900 ,    12 ,  2900 ,    3551.515625 ,       0.054059 ,       0.054421 ,   0.670371
   rocblas_wo_dt ,   SP ,  3000 ,    12 ,  3000 ,    2972.259410 ,       0.069323 ,       0.069661 ,   0.488375
   rocblas_wo_dt ,   SP ,   500 ,    13 ,   500 ,     923.408174 ,       0.006662 ,       0.006768 ,   1.586423
   rocblas_wo_dt ,   SP ,   600 ,    13 ,   600 ,    1254.483768 ,       0.007148 ,       0.007165 ,   0.245990
   rocblas_wo_dt ,   SP ,   700 ,    13 ,   700 ,    1502.546561 ,       0.007996 ,       0.008157 ,   2.012565
   rocblas_wo_dt ,   SP ,   800 ,    13 ,   800 ,    1826.781370 ,       0.008719 ,       0.008761 ,   0.487868
   rocblas_wo_dt ,   SP ,   900 ,    13 ,   900 ,    2116.617779 ,       0.009426 ,       0.009484 ,   0.613725
   rocblas_wo_dt ,   SP ,  1000 ,    13 ,  1000 ,    1727.242685 ,       0.011520 ,       0.015283 ,  32.657284
   rocblas_wo_dt ,   SP ,  1100 ,    13 ,  1100 ,    1791.160762 ,       0.015140 ,       0.016942 ,  11.905512
   rocblas_wo_dt ,   SP ,  1200 ,    13 ,  1200 ,    2226.331441 ,       0.013223 ,       0.016441 ,  24.341867
   rocblas_wo_dt ,   SP ,  1300 ,    13 ,  1300 ,    2333.681317 ,       0.017562 ,       0.017657 ,   0.543036
   rocblas_wo_dt ,   SP ,  1400 ,    13 ,  1400 ,    1974.798941 ,       0.022960 ,       0.024819 ,   8.099689
   rocblas_wo_dt ,   SP ,  1500 ,    13 ,  1500 ,    2420.425240 ,       0.022120 ,       0.023017 ,   4.052598
   rocblas_wo_dt ,   SP ,  1600 ,    13 ,  1600 ,    2950.967350 ,       0.020742 ,       0.021400 ,   3.172414
   rocblas_wo_dt ,   SP ,  1700 ,    13 ,  1700 ,    2857.053503 ,       0.023336 ,       0.025458 ,   9.092767
   rocblas_wo_dt ,   SP ,  1800 ,    13 ,  1800 ,    3126.878333 ,       0.024199 ,       0.025959 ,   7.270936
   rocblas_wo_dt ,   SP ,  1900 ,    13 ,  1900 ,    2602.227701 ,       0.033579 ,       0.034680 ,   3.280318
   rocblas_wo_dt ,   SP ,  2000 ,    13 ,  2000 ,    3517.740173 ,       0.027204 ,       0.028338 ,   4.171779
   rocblas_wo_dt ,   SP ,  2100 ,    13 ,  2100 ,    3000.641713 ,       0.036283 ,       0.036740 ,   1.261664
   rocblas_wo_dt ,   SP ,  2200 ,    13 ,  2200 ,    3176.676234 ,       0.037880 ,       0.038080 ,   0.528701
   rocblas_wo_dt ,   SP ,  2300 ,    13 ,  2300 ,    3087.980332 ,       0.042119 ,       0.042801 ,   1.618929
   rocblas_wo_dt ,   SP ,  2400 ,    13 ,  2400 ,    3787.573062 ,       0.037637 ,       0.038018 ,   1.013556
   rocblas_wo_dt ,   SP ,  2500 ,    13 ,  2500 ,    3568.868179 ,       0.043440 ,       0.043759 ,   0.735456
   rocblas_wo_dt ,   SP ,  2600 ,    13 ,  2600 ,    3866.273939 ,       0.043201 ,       0.043759 ,   1.291391
   rocblas_wo_dt ,   SP ,  2700 ,    13 ,  2700 ,    3877.130171 ,       0.046520 ,       0.046983 ,   0.994260
   rocblas_wo_dt ,   SP ,  2800 ,    13 ,  2800 ,    3957.476089 ,       0.049162 ,       0.049558 ,   0.805044
   rocblas_wo_dt ,   SP ,  2900 ,    13 ,  2900 ,    3859.561649 ,       0.054021 ,       0.054464 ,   0.820902
   rocblas_wo_dt ,   SP ,  3000 ,    13 ,  3000 ,    3145.390463 ,       0.071182 ,       0.071502 ,   0.448821
   rocblas_wo_dt ,   SP ,   500 ,    14 ,   500 ,     982.679799 ,       0.006853 ,       0.006871 ,   0.260020
   rocblas_wo_dt ,   SP ,   600 ,    14 ,   600 ,    1332.625463 ,       0.007274 ,       0.007292 ,   0.241709
   rocblas_wo_dt ,   SP ,   700 ,    14 ,   700 ,    1592.136981 ,       0.008267 ,       0.008282 ,   0.185395
   rocblas_wo_dt ,   SP ,   800 ,    14 ,   800 ,    1919.538154 ,       0.008952 ,       0.009005 ,   0.587647
   rocblas_wo_dt ,   SP ,   900 ,    14 ,   900 ,    2176.619642 ,       0.009567 ,       0.009647 ,   0.842954
   rocblas_wo_dt ,   SP ,  1000 ,    14 ,  1000 ,    1827.425442 ,       0.011401 ,       0.015340 ,  34.546215
   rocblas_wo_dt ,   SP ,  1100 ,    14 ,  1100 ,    1923.937703 ,       0.015860 ,       0.016899 ,   6.554420
   rocblas_wo_dt ,   SP ,  1200 ,    14 ,  1200 ,    2336.426775 ,       0.013423 ,       0.016823 ,  25.328596
   rocblas_wo_dt ,   SP ,  1300 ,    14 ,  1300 ,    2497.569234 ,       0.017405 ,       0.017900 ,   2.849315
   rocblas_wo_dt ,   SP ,  1400 ,    14 ,  1400 ,    1992.545910 ,       0.023661 ,       0.025320 ,   7.013301
   rocblas_wo_dt ,   SP ,  1500 ,    14 ,  1500 ,    2380.081516 ,       0.022802 ,       0.027919 ,  22.438311
   rocblas_wo_dt ,   SP ,  1600 ,    14 ,  1600 ,    3128.413833 ,       0.020700 ,       0.022283 ,   7.648007
   rocblas_wo_dt ,   SP ,  1700 ,    14 ,  1700 ,    3055.952723 ,       0.024481 ,       0.025496 ,   4.148812
   rocblas_wo_dt ,   SP ,  1800 ,    14 ,  1800 ,    3352.167756 ,       0.025582 ,       0.025983 ,   1.565704
   rocblas_wo_dt ,   SP ,  1900 ,    14 ,  1900 ,    2836.036867 ,       0.033798 ,       0.034380 ,   1.721219
   rocblas_wo_dt ,   SP ,  2000 ,    14 ,  2000 ,    3655.578431 ,       0.027699 ,       0.029640 ,   7.006370
   rocblas_wo_dt ,   SP ,  2100 ,    14 ,  2100 ,    3162.901035 ,       0.037341 ,       0.037661 ,   0.855574
   rocblas_wo_dt ,   SP ,  2200 ,    14 ,  2200 ,    3345.968568 ,       0.038562 ,       0.039058 ,   1.286015
   rocblas_wo_dt ,   SP ,  2300 ,    14 ,  2300 ,    3296.371283 ,       0.042801 ,       0.043302 ,   1.169786
   rocblas_wo_dt ,   SP ,  2400 ,    14 ,  2400 ,    4057.208640 ,       0.037842 ,       0.038342 ,   1.323085
   rocblas_wo_dt ,   SP ,  2500 ,    14 ,  2500 ,    3809.096254 ,       0.043578 ,       0.044298 ,   1.652260
   rocblas_wo_dt ,   SP ,  2600 ,    14 ,  2600 ,    4112.567422 ,       0.044022 ,       0.044360 ,   0.769064
   rocblas_wo_dt ,   SP ,  2700 ,    14 ,  2700 ,    4162.770813 ,       0.047002 ,       0.047259 ,   0.547834
   rocblas_wo_dt ,   SP ,  2800 ,    14 ,  2800 ,    4229.951058 ,       0.049663 ,       0.050044 ,   0.768123
   rocblas_wo_dt ,   SP ,  2900 ,    14 ,  2900 ,    4162.922499 ,       0.054197 ,       0.054560 ,   0.668661
   rocblas_wo_dt ,   SP ,  3000 ,    14 ,  3000 ,    3291.776647 ,       0.073657 ,       0.073819 ,   0.220107
   rocblas_wo_dt ,   SP ,   500 ,    15 ,   500 ,    1035.959620 ,       0.006979 ,       0.006998 ,   0.264131
   rocblas_wo_dt ,   SP ,   600 ,    15 ,   600 ,    1402.456100 ,       0.007418 ,       0.007443 ,   0.331816
   rocblas_wo_dt ,   SP ,   700 ,    15 ,   700 ,    1676.719772 ,       0.008460 ,       0.008471 ,   0.120773
   rocblas_wo_dt ,   SP ,   800 ,    15 ,   800 ,    2017.043477 ,       0.009179 ,       0.009198 ,   0.207317
   rocblas_wo_dt ,   SP ,   900 ,    15 ,   900 ,    2389.653909 ,       0.009588 ,       0.009677 ,   0.932529
   rocblas_wo_dt ,   SP ,  1000 ,    15 ,  1000 ,    1989.314290 ,       0.011458 ,       0.015278 ,  33.333332
   rocblas_wo_dt ,   SP ,  1100 ,    15 ,  1100 ,    2061.030445 ,       0.016561 ,       0.016899 ,   2.044342
   rocblas_wo_dt ,   SP ,  1200 ,    15 ,  1200 ,    2469.109834 ,       0.013719 ,       0.017018 ,  24.052834
   rocblas_wo_dt ,   SP ,  1300 ,    15 ,  1300 ,    2638.153705 ,       0.017676 ,       0.018158 ,   2.724575
   rocblas_wo_dt ,   SP ,  1400 ,    15 ,  1400 ,    2268.513516 ,       0.023422 ,       0.024939 ,   6.473941
   rocblas_wo_dt ,   SP ,  1500 ,    15 ,  1500 ,    2826.265586 ,       0.021262 ,       0.023184 ,   9.037901
   rocblas_wo_dt ,   SP ,  1600 ,    15 ,  1600 ,    3417.639400 ,       0.020719 ,       0.021238 ,   2.508631
   rocblas_wo_dt ,   SP ,  1700 ,    15 ,  1700 ,    3416.371132 ,       0.024161 ,       0.024362 ,   0.828893
   rocblas_wo_dt ,   SP ,  1800 ,    15 ,  1800 ,    3702.806505 ,       0.025058 ,       0.025201 ,   0.570885
   rocblas_wo_dt ,   SP ,  1900 ,    15 ,  1900 ,    3006.453746 ,       0.034237 ,       0.034719 ,   1.406685
   rocblas_wo_dt ,   SP ,  2000 ,    15 ,  2000 ,    3815.339293 ,       0.028920 ,       0.030341 ,   4.913438
   rocblas_wo_dt ,   SP ,  2100 ,    15 ,  2100 ,    3336.102959 ,       0.038056 ,       0.038319 ,   0.689137
   rocblas_wo_dt ,   SP ,  2200 ,    15 ,  2200 ,    3527.989719 ,       0.039339 ,       0.039816 ,   1.212121
   rocblas_wo_dt ,   SP ,  2300 ,    15 ,  2300 ,    3515.278300 ,       0.043159 ,       0.043602 ,   1.027511
   rocblas_wo_dt ,   SP ,  2400 ,    15 ,  2400 ,    4279.695128 ,       0.038080 ,       0.039082 ,   2.629602
   rocblas_wo_dt ,   SP ,  2500 ,    15 ,  2500 ,    4033.587083 ,       0.044680 ,       0.044899 ,   0.490929
   rocblas_wo_dt ,   SP ,  2600 ,    15 ,  2600 ,    4331.512354 ,       0.044355 ,       0.045342 ,   2.225328
   rocblas_wo_dt ,   SP ,  2700 ,    15 ,  2700 ,    4379.436106 ,       0.047541 ,       0.048342 ,   1.685055
   rocblas_wo_dt ,   SP ,  2800 ,    15 ,  2800 ,    4466.826480 ,       0.050521 ,       0.050921 ,   0.792827
   rocblas_wo_dt ,   SP ,  2900 ,    15 ,  2900 ,    4383.393305 ,       0.055199 ,       0.055699 ,   0.907049
   rocblas_wo_dt ,   SP ,  3000 ,    15 ,  3000 ,    3448.936409 ,       0.075340 ,       0.075660 ,   0.424051
   rocblas_wo_dt ,   SP ,   500 ,    16 ,   500 ,    1145.621902 ,       0.006753 ,       0.006761 ,   0.118300
   rocblas_wo_dt ,   SP ,   600 ,    16 ,   600 ,    1506.184684 ,       0.007398 ,       0.007407 ,   0.123586
   rocblas_wo_dt ,   SP ,   700 ,    16 ,   700 ,    1807.008956 ,       0.008392 ,       0.008403 ,   0.131899
   rocblas_wo_dt ,   SP ,   800 ,    16 ,   800 ,    2143.162730 ,       0.009226 ,       0.009254 ,   0.303324
   rocblas_wo_dt ,   SP ,   900 ,    16 ,   900 ,    2488.795455 ,       0.009302 ,       0.009426 ,   1.338108
   rocblas_wo_dt ,   SP ,  1000 ,    16 ,  1000 ,    2156.877142 ,       0.010900 ,       0.015283 ,  40.201225
   rocblas_wo_dt ,   SP ,  1100 ,    16 ,  1100 ,    2440.004619 ,       0.012460 ,       0.015721 ,  26.176807
   rocblas_wo_dt ,   SP ,  1200 ,    16 ,  1200 ,    2847.802475 ,       0.012679 ,       0.015960 ,  25.874390
   rocblas_wo_dt ,   SP ,  1300 ,    16 ,  1300 ,    2966.548202 ,       0.017138 ,       0.017419 ,   1.641625
   rocblas_wo_dt ,   SP ,  1400 ,    16 ,  1400 ,    2326.718243 ,       0.023856 ,       0.024724 ,   3.637817
   rocblas_wo_dt ,   SP ,  1500 ,    16 ,  1500 ,    2747.450279 ,       0.022717 ,       0.023780 ,   4.680940
   rocblas_wo_dt ,   SP ,  1600 ,    16 ,  1600 ,    3924.449173 ,       0.019741 ,       0.020041 ,   1.521739
   rocblas_wo_dt ,   SP ,  1700 ,    16 ,  1700 ,    3707.828086 ,       0.023379 ,       0.023999 ,   2.651438
   rocblas_wo_dt ,   SP ,  1800 ,    16 ,  1800 ,    3938.207021 ,       0.024681 ,       0.025358 ,   2.743431
   rocblas_wo_dt ,   SP ,  1900 ,    16 ,  1900 ,    3293.810820 ,       0.033016 ,       0.033941 ,   2.801849
   rocblas_wo_dt ,   SP ,  2000 ,    16 ,  2000 ,    4472.379684 ,       0.026779 ,       0.027337 ,   2.083333
   rocblas_wo_dt ,   SP ,  2100 ,    16 ,  2100 ,    3907.228844 ,       0.034342 ,       0.034962 ,   1.805054
   rocblas_wo_dt ,   SP ,  2200 ,    16 ,  2200 ,    4260.160062 ,       0.034757 ,       0.035176 ,   1.207299
   rocblas_wo_dt ,   SP ,  2300 ,    16 ,  2300 ,    3902.861315 ,       0.040960 ,       0.042000 ,   2.537835
   rocblas_wo_dt ,   SP ,  2400 ,    16 ,  2400 ,    4827.704528 ,       0.036759 ,       0.036983 ,   0.609677
   rocblas_wo_dt ,   SP ,  2500 ,    16 ,  2500 ,    4574.528570 ,       0.041738 ,       0.042357 ,   1.485205
   rocblas_wo_dt ,   SP ,  2600 ,    16 ,  2600 ,    4922.558667 ,       0.042143 ,       0.042596 ,   1.074904
   rocblas_wo_dt ,   SP ,  2700 ,    16 ,  2700 ,    4932.281381 ,       0.045500 ,       0.045838 ,   0.744079
   rocblas_wo_dt ,   SP ,  2800 ,    16 ,  2800 ,    5023.640961 ,       0.048037 ,       0.048380 ,   0.714711
   rocblas_wo_dt ,   SP ,  2900 ,    16 ,  2900 ,    4901.732353 ,       0.052824 ,       0.053182 ,   0.677018
   rocblas_wo_dt ,   SP ,  3000 ,    16 ,  3000 ,    4313.396075 ,       0.064440 ,       0.064702 ,   0.406985
   rocblas_wo_dt ,   SP ,   500 ,    17 ,   500 ,    1108.701391 ,       0.007420 ,       0.007441 ,   0.281574
   rocblas_wo_dt ,   SP ,   600 ,    17 ,   600 ,    1496.207644 ,       0.007914 ,       0.007938 ,   0.302142
   rocblas_wo_dt ,   SP ,   700 ,    17 ,   700 ,    1775.766763 ,       0.009085 ,       0.009104 ,   0.206186
   rocblas_wo_dt ,   SP ,   800 ,    17 ,   800 ,    2075.516671 ,       0.010071 ,       0.010146 ,   0.744693
   rocblas_wo_dt ,   SP ,   900 ,    17 ,   900 ,    2425.852982 ,       0.010236 ,       0.010382 ,   1.421476
   rocblas_wo_dt ,   SP ,  1000 ,    17 ,  1000 ,    2200.061557 ,       0.012221 ,       0.015540 ,  27.155678
   rocblas_wo_dt ,   SP ,  1100 ,    17 ,  1100 ,    2393.449911 ,       0.014958 ,       0.016680 ,  11.507810
   rocblas_wo_dt ,   SP ,  1200 ,    17 ,  1200 ,    2820.597682 ,       0.014262 ,       0.017018 ,  19.324640
   rocblas_wo_dt ,   SP ,  1300 ,    17 ,  1300 ,    3042.493042 ,       0.017796 ,       0.017962 ,   0.937835
   rocblas_wo_dt ,   SP ,  1400 ,    17 ,  1400 ,    2498.589128 ,       0.023942 ,       0.025439 ,   6.253734
   rocblas_wo_dt ,   SP ,  1500 ,    17 ,  1500 ,    3001.161004 ,       0.022559 ,       0.024080 ,   6.742761
   rocblas_wo_dt ,   SP ,  1600 ,    17 ,  1600 ,    3755.764435 ,       0.021100 ,       0.021982 ,   4.180791
   rocblas_wo_dt ,   SP ,  1700 ,    17 ,  1700 ,    3928.368551 ,       0.023699 ,       0.023980 ,   1.187123
   rocblas_wo_dt ,   SP ,  1800 ,    17 ,  1800 ,    4288.896873 ,       0.024600 ,       0.024800 ,   0.814111
   rocblas_wo_dt ,   SP ,  1900 ,    17 ,  1900 ,    3386.696974 ,       0.034142 ,       0.035081 ,   2.751397
   rocblas_wo_dt ,   SP ,  2000 ,    17 ,  2000 ,    4335.331709 ,       0.029340 ,       0.030441 ,   3.754266
   rocblas_wo_dt ,   SP ,  2100 ,    17 ,  2100 ,    3960.629843 ,       0.036159 ,       0.036759 ,   1.661612
   rocblas_wo_dt ,   SP ,  2200 ,    17 ,  2200 ,    4186.382612 ,       0.037680 ,       0.038137 ,   1.214882
   rocblas_wo_dt ,   SP ,  2300 ,    17 ,  2300 ,    4036.573993 ,       0.042820 ,       0.043278 ,   1.069042
   rocblas_wo_dt ,   SP ,  2400 ,    17 ,  2400 ,    5009.752258 ,       0.037503 ,       0.037942 ,   1.169739
   rocblas_wo_dt ,   SP ,  2500 ,    17 ,  2500 ,    4738.237076 ,       0.043259 ,       0.043521 ,   0.606261
   rocblas_wo_dt ,   SP ,  2600 ,    17 ,  2600 ,    5194.994443 ,       0.042620 ,       0.042920 ,   0.704856
   rocblas_wo_dt ,   SP ,  2700 ,    17 ,  2700 ,    5088.253426 ,       0.046840 ,       0.047259 ,   0.895857
   rocblas_wo_dt ,   SP ,  2800 ,    17 ,  2800 ,    5104.097358 ,       0.050116 ,       0.050659 ,   1.084681
   rocblas_wo_dt ,   SP ,  2900 ,    17 ,  2900 ,    5055.732396 ,       0.054603 ,       0.054879 ,   0.506506
   rocblas_wo_dt ,   SP ,  3000 ,    17 ,  3000 ,    3894.244138 ,       0.075941 ,       0.076261 ,   0.420696
   rocblas_wo_dt ,   SP ,   500 ,    18 ,   500 ,    1162.787677 ,       0.007500 ,       0.007526 ,   0.352315
   rocblas_wo_dt ,   SP ,   600 ,    18 ,   600 ,    1558.879306 ,       0.008065 ,       0.008080 ,   0.191855
   rocblas_wo_dt ,   SP ,   700 ,    18 ,   700 ,    1843.279654 ,       0.009286 ,       0.009300 ,   0.155892
   rocblas_wo_dt ,   SP ,   800 ,    18 ,   800 ,    2156.841836 ,       0.010361 ,       0.010381 ,   0.194468
   rocblas_wo_dt ,   SP ,   900 ,    18 ,   900 ,    2725.462423 ,       0.010331 ,       0.010375 ,   0.424232
   rocblas_wo_dt ,   SP ,  1000 ,    18 ,  1000 ,    2259.139420 ,       0.012341 ,       0.016003 ,  29.675425
   rocblas_wo_dt ,   SP ,  1100 ,    18 ,  1100 ,    2472.136933 ,       0.016379 ,       0.017061 ,   4.163028
   rocblas_wo_dt ,   SP ,  1200 ,    18 ,  1200 ,    2948.001380 ,       0.015059 ,       0.017099 ,  13.552881
   rocblas_wo_dt ,   SP ,  1300 ,    18 ,  1300 ,    3180.640679 ,       0.018082 ,       0.018258 ,   0.975738
   rocblas_wo_dt ,   SP ,  1400 ,    18 ,  1400 ,    2644.495814 ,       0.025339 ,       0.025797 ,   1.806549
   rocblas_wo_dt ,   SP ,  1500 ,    18 ,  1500 ,    3182.898239 ,       0.024118 ,       0.024581 ,   1.917754
   rocblas_wo_dt ,   SP ,  1600 ,    18 ,  1600 ,    3848.242167 ,       0.022440 ,       0.023379 ,   4.186145
   rocblas_wo_dt ,   SP ,  1700 ,    18 ,  1700 ,    3891.779866 ,       0.024319 ,       0.025978 ,   6.823529
   rocblas_wo_dt ,   SP ,  1800 ,    18 ,  1800 ,    4222.768197 ,       0.025301 ,       0.026722 ,   5.616283
   rocblas_wo_dt ,   SP ,  1900 ,    18 ,  1900 ,    3616.017972 ,       0.034118 ,       0.034876 ,   2.222222
   rocblas_wo_dt ,   SP ,  2000 ,    18 ,  2000 ,    4254.838526 ,       0.031862 ,       0.032921 ,   3.322359
   rocblas_wo_dt ,   SP ,  2100 ,    18 ,  2100 ,    4110.326470 ,       0.037217 ,       0.037580 ,   0.973735
   rocblas_wo_dt ,   SP ,  2200 ,    18 ,  2200 ,    4355.770010 ,       0.038381 ,       0.038862 ,   1.254814
   rocblas_wo_dt ,   SP ,  2300 ,    18 ,  2300 ,    4239.726528 ,       0.043240 ,       0.043659 ,   0.970446
   rocblas_wo_dt ,   SP ,  2400 ,    18 ,  2400 ,    5182.904358 ,       0.038538 ,       0.038862 ,   0.841376
   rocblas_wo_dt ,   SP ,  2500 ,    18 ,  2500 ,    4925.414919 ,       0.044079 ,       0.044398 ,   0.724794
   rocblas_wo_dt ,   SP ,  2600 ,    18 ,  2600 ,    5386.614596 ,       0.043621 ,       0.043898 ,   0.634018
   rocblas_wo_dt ,   SP ,  2700 ,    18 ,  2700 ,    5279.384683 ,       0.047903 ,       0.048361 ,   0.955604
   rocblas_wo_dt ,   SP ,  2800 ,    18 ,  2800 ,    5345.469856 ,       0.050859 ,       0.051341 ,   0.946934
   rocblas_wo_dt ,   SP ,  2900 ,    18 ,  2900 ,    5241.900158 ,       0.055780 ,       0.056181 ,   0.718071
   rocblas_wo_dt ,   SP ,  3000 ,    18 ,  3000 ,    4003.248309 ,       0.078344 ,       0.078659 ,   0.401704
   rocblas_wo_dt ,   SP ,   500 ,    19 ,   500 ,    1219.291104 ,       0.007556 ,       0.007585 ,   0.382207
   rocblas_wo_dt ,   SP ,   600 ,    19 ,   600 ,    1615.842871 ,       0.008224 ,       0.008239 ,   0.179579
   rocblas_wo_dt ,   SP ,   700 ,    19 ,   700 ,    1903.706878 ,       0.009486 ,       0.009521 ,   0.377020
   rocblas_wo_dt ,   SP ,   800 ,    19 ,   800 ,    2216.983105 ,       0.010652 ,       0.010676 ,   0.231190
   rocblas_wo_dt ,   SP ,   900 ,    19 ,   900 ,    2682.751100 ,       0.010589 ,       0.010706 ,   1.109272
   rocblas_wo_dt ,   SP ,  1000 ,    19 ,  1000 ,    2366.658271 ,       0.012579 ,       0.016041 ,  27.520849
   rocblas_wo_dt ,   SP ,  1100 ,    19 ,  1100 ,    2531.363565 ,       0.017037 ,       0.017400 ,   2.127064
   rocblas_wo_dt ,   SP ,  1200 ,    19 ,  1200 ,    2994.277160 ,       0.016980 ,       0.017462 ,   2.836282
   rocblas_wo_dt ,   SP ,  1300 ,    19 ,  1300 ,    3307.661363 ,       0.018401 ,       0.018582 ,   0.984711
   rocblas_wo_dt ,   SP ,  1400 ,    19 ,  1400 ,    2719.889836 ,       0.024662 ,       0.026498 ,   7.443929
   rocblas_wo_dt ,   SP ,  1500 ,    19 ,  1500 ,    3289.398887 ,       0.023479 ,       0.025163 ,   7.168968
   rocblas_wo_dt ,   SP ,  1600 ,    19 ,  1600 ,    3981.181757 ,       0.022984 ,       0.023599 ,   2.676348
   rocblas_wo_dt ,   SP ,  1700 ,    19 ,  1700 ,    4078.599287 ,       0.024881 ,       0.026221 ,   5.385205
   rocblas_wo_dt ,   SP ,  1800 ,    19 ,  1800 ,    4381.220928 ,       0.026917 ,       0.027199 ,   1.045173
   rocblas_wo_dt ,   SP ,  1900 ,    19 ,  1900 ,    3835.784297 ,       0.034380 ,       0.034800 ,   1.220527
   rocblas_wo_dt ,   SP ,  2000 ,    19 ,  2000 ,    4434.667660 ,       0.032339 ,       0.033560 ,   3.774698
   rocblas_wo_dt ,   SP ,  2100 ,    19 ,  2100 ,    4278.849587 ,       0.037422 ,       0.038180 ,   2.025994
   rocblas_wo_dt ,   SP ,  2200 ,    19 ,  2200 ,    4508.800939 ,       0.039358 ,       0.039721 ,   0.920766
   rocblas_wo_dt ,   SP ,  2300 ,    19 ,  2300 ,    4402.101321 ,       0.044041 ,       0.044460 ,   0.952793
   rocblas_wo_dt ,   SP ,  2400 ,    19 ,  2400 ,    5379.237757 ,       0.039282 ,       0.039582 ,   0.764749
   rocblas_wo_dt ,   SP ,  2500 ,    19 ,  2500 ,    5092.647625 ,       0.045099 ,       0.045381 ,   0.623811
   rocblas_wo_dt ,   SP ,  2600 ,    19 ,  2600 ,    5541.234143 ,       0.044699 ,       0.045104 ,   0.906763
   rocblas_wo_dt ,   SP ,  2700 ,    19 ,  2700 ,    5469.811929 ,       0.048857 ,       0.049319 ,   0.946711
   rocblas_wo_dt ,   SP ,  2800 ,    19 ,  2800 ,    5550.663149 ,       0.051880 ,       0.052242 ,   0.698529
   rocblas_wo_dt ,   SP ,  2900 ,    19 ,  2900 ,    5463.337566 ,       0.056081 ,       0.057001 ,   1.641017
   rocblas_wo_dt ,   SP ,  3000 ,    19 ,  3000 ,    4111.190093 ,       0.079942 ,       0.081000 ,   1.324187
   rocblas_wo_dt ,   SP ,   500 ,    20 ,   500 ,    1266.133650 ,       0.007685 ,       0.007696 ,   0.135924
   rocblas_wo_dt ,   SP ,   600 ,    20 ,   600 ,    1670.298828 ,       0.008387 ,       0.008407 ,   0.234801
   rocblas_wo_dt ,   SP ,   700 ,    20 ,   700 ,    1964.109449 ,       0.009710 ,       0.009728 ,   0.184146
   rocblas_wo_dt ,   SP ,   800 ,    20 ,   800 ,    2284.561225 ,       0.010878 ,       0.010925 ,   0.432188
   rocblas_wo_dt ,   SP ,   900 ,    20 ,   900 ,    2772.946143 ,       0.010706 ,       0.010831 ,   1.162600
   rocblas_wo_dt ,   SP ,  1000 ,    20 ,  1000 ,    2502.408597 ,       0.012741 ,       0.015941 ,  25.112276
   rocblas_wo_dt ,   SP ,  1100 ,    20 ,  1100 ,    2643.581973 ,       0.017262 ,       0.017538 ,   1.602210
   rocblas_wo_dt ,   SP ,  1200 ,    20 ,  1200 ,    3152.106386 ,       0.017242 ,       0.017519 ,   1.603982
   rocblas_wo_dt ,   SP ,  1300 ,    20 ,  1300 ,    3473.809555 ,       0.018458 ,       0.018778 ,   1.730819
   rocblas_wo_dt ,   SP ,  1400 ,    20 ,  1400 ,    2956.867387 ,       0.024481 ,       0.026083 ,   6.544605
   rocblas_wo_dt ,   SP ,  1500 ,    20 ,  1500 ,    3518.702287 ,       0.023222 ,       0.025063 ,   7.926078
   rocblas_wo_dt ,   SP ,  1600 ,    20 ,  1600 ,    4240.716763 ,       0.022240 ,       0.023599 ,   6.110635
   rocblas_wo_dt ,   SP ,  1700 ,    20 ,  1700 ,    4263.930008 ,       0.025401 ,       0.025744 ,   1.351605
   rocblas_wo_dt ,   SP ,  1800 ,    20 ,  1800 ,    4670.462543 ,       0.026202 ,       0.026441 ,   0.909918
   rocblas_wo_dt ,   SP ,  1900 ,    20 ,  1900 ,    3991.678588 ,       0.033422 ,       0.035238 ,   5.435868
   rocblas_wo_dt ,   SP ,  2000 ,    20 ,  2000 ,    4548.004737 ,       0.033402 ,       0.034323 ,   2.755175
   rocblas_wo_dt ,   SP ,  2100 ,    20 ,  2100 ,    4427.777958 ,       0.038323 ,       0.038881 ,   1.455767
   rocblas_wo_dt ,   SP ,  2200 ,    20 ,  2200 ,    4646.620534 ,       0.040102 ,       0.040641 ,   1.343639
   rocblas_wo_dt ,   SP ,  2300 ,    20 ,  2300 ,    4573.248809 ,       0.044060 ,       0.045161 ,   2.500000
   rocblas_wo_dt ,   SP ,  2400 ,    20 ,  2400 ,    5541.735630 ,       0.040102 ,       0.040560 ,   1.141498
   rocblas_wo_dt ,   SP ,  2500 ,    20 ,  2500 ,    5245.953376 ,       0.046058 ,       0.046458 ,   0.869655
   rocblas_wo_dt ,   SP ,  2600 ,    20 ,  2600 ,    5682.639546 ,       0.045919 ,       0.046358 ,   0.955348
   rocblas_wo_dt ,   SP ,  2700 ,    20 ,  2700 ,    5658.725356 ,       0.049939 ,       0.050259 ,   0.639740
   rocblas_wo_dt ,   SP ,  2800 ,    20 ,  2800 ,    5755.799114 ,       0.052838 ,       0.053101 ,   0.496345
   rocblas_wo_dt ,   SP ,  2900 ,    20 ,  2900 ,    5676.177578 ,       0.057020 ,       0.057783 ,   1.338016
   rocblas_wo_dt ,   SP ,  3000 ,    20 ,  3000 ,    4205.207900 ,       0.082922 ,       0.083480 ,   0.672800
   rocblas_wo_dt ,   SP ,   500 ,    21 ,   500 ,    1299.975368 ,       0.007848 ,       0.007881 ,   0.422800
   rocblas_wo_dt ,   SP ,   600 ,    21 ,   600 ,    1721.436389 ,       0.008557 ,       0.008575 ,   0.205474
   rocblas_wo_dt ,   SP ,   700 ,    21 ,   700 ,    2016.741881 ,       0.009915 ,       0.009940 ,   0.249055
   rocblas_wo_dt ,   SP ,   800 ,    21 ,   800 ,    2345.810437 ,       0.011169 ,       0.011183 ,   0.130287
   rocblas_wo_dt ,   SP ,   900 ,    21 ,   900 ,    2891.255681 ,       0.010927 ,       0.011111 ,   1.684582
   rocblas_wo_dt ,   SP ,  1000 ,    21 ,  1000 ,    2584.126514 ,       0.012860 ,       0.016122 ,  25.361513
   rocblas_wo_dt ,   SP ,  1100 ,    21 ,  1100 ,    2699.787532 ,       0.017719 ,       0.017982 ,   1.480086
   rocblas_wo_dt ,   SP ,  1200 ,    21 ,  1200 ,    3246.530902 ,       0.017700 ,       0.017796 ,   0.538793
   rocblas_wo_dt ,   SP ,  1300 ,    21 ,  1300 ,    3561.295475 ,       0.019040 ,       0.019259 ,   1.152016
   rocblas_wo_dt ,   SP ,  1400 ,    21 ,  1400 ,    3028.400069 ,       0.025821 ,       0.026441 ,   2.400739
   rocblas_wo_dt ,   SP ,  1500 ,    21 ,  1500 ,    3664.170926 ,       0.023961 ,       0.025101 ,   4.756219
   rocblas_wo_dt ,   SP ,  1600 ,    21 ,  1600 ,    4344.238135 ,       0.023179 ,       0.024161 ,   4.237811
   rocblas_wo_dt ,   SP ,  1700 ,    21 ,  1700 ,    4277.724951 ,       0.027318 ,       0.027637 ,   1.169489
   rocblas_wo_dt ,   SP ,  1800 ,    21 ,  1800 ,    4595.875866 ,       0.028481 ,       0.028801 ,   1.121714
   rocblas_wo_dt ,   SP ,  1900 ,    21 ,  1900 ,    4155.168724 ,       0.035062 ,       0.035620 ,   1.591187
   rocblas_wo_dt ,   SP ,  2000 ,    21 ,  2000 ,    4715.521206 ,       0.033998 ,       0.034881 ,   2.594670
   rocblas_wo_dt ,   SP ,  2100 ,    21 ,  2100 ,    4572.135642 ,       0.039124 ,       0.039577 ,   1.157831
   rocblas_wo_dt ,   SP ,  2200 ,    21 ,  2200 ,    4786.744931 ,       0.041060 ,       0.041518 ,   1.114853
   rocblas_wo_dt ,   SP ,  2300 ,    21 ,  2300 ,    4715.750689 ,       0.045643 ,       0.045981 ,   0.741747
   rocblas_wo_dt ,   SP ,  2400 ,    21 ,  2400 ,    5710.625234 ,       0.040441 ,       0.041380 ,   2.322839
   rocblas_wo_dt ,   SP ,  2500 ,    21 ,  2500 ,    5402.499984 ,       0.046859 ,       0.047441 ,   1.241478
   rocblas_wo_dt ,   SP ,  2600 ,    21 ,  2600 ,    5780.516183 ,       0.047541 ,       0.047960 ,   0.882648
   rocblas_wo_dt ,   SP ,  2700 ,    21 ,  2700 ,    5841.431001 ,       0.050879 ,       0.051160 ,   0.552952
   rocblas_wo_dt ,   SP ,  2800 ,    21 ,  2800 ,    5958.367634 ,       0.053539 ,       0.053940 ,   0.748130
   rocblas_wo_dt ,   SP ,  2900 ,    21 ,  2900 ,    5876.626333 ,       0.058179 ,       0.058742 ,   0.967134
   rocblas_wo_dt ,   SP ,  3000 ,    21 ,  3000 ,    4296.695703 ,       0.085402 ,       0.085897 ,   0.580681
   rocblas_wo_dt ,   SP ,   500 ,    22 ,   500 ,    1353.409242 ,       0.007926 ,       0.007941 ,   0.193828
   rocblas_wo_dt ,   SP ,   600 ,    22 ,   600 ,    1771.686257 ,       0.008717 ,       0.008737 ,   0.233984
   rocblas_wo_dt ,   SP ,   700 ,    22 ,   700 ,    2070.323901 ,       0.010161 ,       0.010175 ,   0.142462
   rocblas_wo_dt ,   SP ,   800 ,    22 ,   800 ,    2401.242015 ,       0.011408 ,       0.011446 ,   0.333595
   rocblas_wo_dt ,   SP ,   900 ,    22 ,   900 ,    2987.181674 ,       0.011030 ,       0.011155 ,   1.128417
   rocblas_wo_dt ,   SP ,  1000 ,    22 ,  1000 ,    2720.955827 ,       0.012980 ,       0.016217 ,  24.944893
   rocblas_wo_dt ,   SP ,  1100 ,    22 ,  1100 ,    2797.702859 ,       0.017920 ,       0.018177 ,   1.436935
   rocblas_wo_dt ,   SP ,  1200 ,    22 ,  1200 ,    3354.677424 ,       0.017643 ,       0.018020 ,   2.135135
   rocblas_wo_dt ,   SP ,  1300 ,    22 ,  1300 ,    3678.953971 ,       0.019422 ,       0.019541 ,   0.613798
   rocblas_wo_dt ,   SP ,  1400 ,    22 ,  1400 ,    3068.132986 ,       0.025144 ,       0.026598 ,   5.784184
   rocblas_wo_dt ,   SP ,  1500 ,    22 ,  1500 ,    3633.250491 ,       0.025120 ,       0.025616 ,   1.974184
   rocblas_wo_dt ,   SP ,  1600 ,    22 ,  1600 ,    4500.856003 ,       0.022521 ,       0.023980 ,   6.478933
   rocblas_wo_dt ,   SP ,  1700 ,    22 ,  1700 ,    4642.484758 ,       0.026379 ,       0.026636 ,   0.976139
   rocblas_wo_dt ,   SP ,  1800 ,    22 ,  1800 ,    4458.085709 ,       0.030360 ,       0.031180 ,   2.701429
   rocblas_wo_dt ,   SP ,  1900 ,    22 ,  1900 ,    4299.389675 ,       0.035400 ,       0.036116 ,   2.020474
   rocblas_wo_dt ,   SP ,  2000 ,    22 ,  2000 ,    4882.889744 ,       0.034442 ,       0.035100 ,   1.910563
   rocblas_wo_dt ,   SP ,  2100 ,    22 ,  2100 ,    4695.998369 ,       0.040078 ,       0.040379 ,   0.749554
   rocblas_wo_dt ,   SP ,  2200 ,    22 ,  2200 ,    4904.872453 ,       0.042219 ,       0.042400 ,   0.429185
   rocblas_wo_dt ,   SP ,  2300 ,    22 ,  2300 ,    4870.778011 ,       0.046377 ,       0.046663 ,   0.616903
   rocblas_wo_dt ,   SP ,  2400 ,    22 ,  2400 ,    5858.657280 ,       0.041618 ,       0.042338 ,   1.730064
   rocblas_wo_dt ,   SP ,  2500 ,    22 ,  2500 ,    5531.718496 ,       0.047979 ,       0.048580 ,   1.252236
   rocblas_wo_dt ,   SP ,  2600 ,    22 ,  2600 ,    5928.021980 ,       0.048656 ,       0.049019 ,   0.744806
   rocblas_wo_dt ,   SP ,  2700 ,    22 ,  2700 ,    6051.928073 ,       0.051522 ,       0.051780 ,   0.499769
   rocblas_wo_dt ,   SP ,  2800 ,    22 ,  2800 ,    6190.133903 ,       0.054116 ,       0.054421 ,   0.563926
   rocblas_wo_dt ,   SP ,  2900 ,    22 ,  2900 ,    6094.263195 ,       0.058799 ,       0.059361 ,   0.956938
   rocblas_wo_dt ,   SP ,  3000 ,    22 ,  3000 ,    4385.309104 ,       0.087380 ,       0.088239 ,   0.982265
   rocblas_wo_dt ,   SP ,   500 ,    23 ,   500 ,    1394.865187 ,       0.008046 ,       0.008062 ,   0.198564
   rocblas_wo_dt ,   SP ,   600 ,    23 ,   600 ,    1818.147627 ,       0.008867 ,       0.008909 ,   0.467957
   rocblas_wo_dt ,   SP ,   700 ,    23 ,   700 ,    2121.564283 ,       0.010375 ,       0.010392 ,   0.172357
   rocblas_wo_dt ,   SP ,   800 ,    23 ,   800 ,    2456.943127 ,       0.011686 ,       0.011718 ,   0.277778
   rocblas_wo_dt ,   SP ,   900 ,    23 ,   900 ,    3090.946112 ,       0.011088 ,       0.011199 ,   0.996047
   rocblas_wo_dt ,   SP ,  1000 ,    23 ,  1000 ,    2824.127696 ,       0.013161 ,       0.016203 ,  23.115942
   rocblas_wo_dt ,   SP ,  1100 ,    23 ,  1100 ,    2919.737901 ,       0.017920 ,       0.018258 ,   1.889303
   rocblas_wo_dt ,   SP ,  1200 ,    23 ,  1200 ,    3456.150864 ,       0.018196 ,       0.018344 ,   0.812369
   rocblas_wo_dt ,   SP ,  1300 ,    23 ,  1300 ,    3828.500379 ,       0.019460 ,       0.019660 ,   1.029160
   rocblas_wo_dt ,   SP ,  1400 ,    23 ,  1400 ,    3300.088522 ,       0.025239 ,       0.026798 ,   6.177971
   rocblas_wo_dt ,   SP ,  1500 ,    23 ,  1500 ,    3917.056161 ,       0.025158 ,       0.025840 ,   2.710387
   rocblas_wo_dt ,   SP ,  1600 ,    23 ,  1600 ,    4684.616186 ,       0.023036 ,       0.024681 ,   7.141378
   rocblas_wo_dt ,   SP ,  1700 ,    23 ,  1700 ,    4525.805876 ,       0.027018 ,       0.028801 ,   6.600777
   rocblas_wo_dt ,   SP ,  1800 ,    23 ,  1800 ,    4400.682717 ,       0.031881 ,       0.033159 ,   4.008376
   rocblas_wo_dt ,   SP ,  1900 ,    23 ,  1900 ,    4431.515065 ,       0.036101 ,       0.036702 ,   1.664245
   rocblas_wo_dt ,   SP ,  2000 ,    23 ,  2000 ,    5103.570427 ,       0.034900 ,       0.035243 ,   0.983741
   rocblas_wo_dt ,   SP ,  2100 ,    23 ,  2100 ,    4834.648363 ,       0.040741 ,       0.041056 ,   0.772472
   rocblas_wo_dt ,   SP ,  2200 ,    23 ,  2200 ,    5023.993798 ,       0.043058 ,       0.043297 ,   0.553710
   rocblas_wo_dt ,   SP ,  2300 ,    23 ,  2300 ,    5036.337465 ,       0.046816 ,       0.047264 ,   0.957425
   rocblas_wo_dt ,   SP ,  2400 ,    23 ,  2400 ,    6045.008687 ,       0.042462 ,       0.042920 ,   1.078046
   rocblas_wo_dt ,   SP ,  2500 ,    23 ,  2500 ,    5691.727478 ,       0.048981 ,       0.049438 ,   0.934579
   rocblas_wo_dt ,   SP ,  2600 ,    23 ,  2600 ,    6073.703638 ,       0.049701 ,       0.050101 ,   0.805910
   rocblas_wo_dt ,   SP ,  2700 ,    23 ,  2700 ,    6234.876676 ,       0.052280 ,       0.052600 ,   0.611091
   rocblas_wo_dt ,   SP ,  2800 ,    23 ,  2800 ,    6400.856551 ,       0.054722 ,       0.055060 ,   0.618682
   rocblas_wo_dt ,   SP ,  2900 ,    23 ,  2900 ,    6290.626690 ,       0.059838 ,       0.060158 ,   0.533907
   rocblas_wo_dt ,   SP ,  3000 ,    23 ,  3000 ,    4465.272413 ,       0.090423 ,       0.090656 ,   0.258398
   rocblas_wo_dt ,   SP ,   500 ,    24 ,   500 ,    1476.015867 ,       0.007930 ,       0.007959 ,   0.356423
   rocblas_wo_dt ,   SP ,   600 ,    24 ,   600 ,    1895.592092 ,       0.008894 ,       0.008920 ,   0.292583
   rocblas_wo_dt ,   SP ,   700 ,    24 ,   700 ,    2245.767024 ,       0.010207 ,       0.010254 ,   0.458830
   rocblas_wo_dt ,   SP ,   800 ,    24 ,   800 ,    2544.828064 ,       0.011789 ,       0.011818 ,   0.246867
   rocblas_wo_dt ,   SP ,   900 ,    24 ,   900 ,    3447.245267 ,       0.010492 ,       0.010559 ,   0.634921
   rocblas_wo_dt ,   SP ,  1000 ,    24 ,  1000 ,    3062.956760 ,       0.012283 ,       0.015678 ,  27.639751
   rocblas_wo_dt ,   SP ,  1100 ,    24 ,  1100 ,    3445.154712 ,       0.014381 ,       0.016680 ,  15.981432
   rocblas_wo_dt ,   SP ,  1200 ,    24 ,  1200 ,    3882.794004 ,       0.015922 ,       0.017242 ,   8.295897
   rocblas_wo_dt ,   SP ,  1300 ,    24 ,  1300 ,    4181.989680 ,       0.018582 ,       0.018682 ,   0.538876
   rocblas_wo_dt ,   SP ,  1400 ,    24 ,  1400 ,    3521.319627 ,       0.024481 ,       0.025959 ,   6.038177
   rocblas_wo_dt ,   SP ,  1500 ,    24 ,  1500 ,    4271.918089 ,       0.023079 ,       0.024920 ,   7.975206
   rocblas_wo_dt ,   SP ,  1600 ,    24 ,  1600 ,    4923.699148 ,       0.022182 ,       0.023642 ,   6.577816
   rocblas_wo_dt ,   SP ,  1700 ,    24 ,  1700 ,    5167.410433 ,       0.025859 ,       0.026202 ,   1.327678
   rocblas_wo_dt ,   SP ,  1800 ,    24 ,  1800 ,    5595.846912 ,       0.026021 ,       0.027199 ,   4.526297
   rocblas_wo_dt ,   SP ,  1900 ,    24 ,  1900 ,    4869.499494 ,       0.034442 ,       0.034857 ,   1.204486
   rocblas_wo_dt ,   SP ,  2000 ,    24 ,  2000 ,    5645.957533 ,       0.032358 ,       0.033479 ,   3.463012
   rocblas_wo_dt ,   SP ,  2100 ,    24 ,  2100 ,    5093.499636 ,       0.040340 ,       0.040684 ,   0.851064
   rocblas_wo_dt ,   SP ,  2200 ,    24 ,  2200 ,    5216.501581 ,       0.043259 ,       0.043621 ,   0.837743
   rocblas_wo_dt ,   SP ,  2300 ,    24 ,  2300 ,    5584.126614 ,       0.044003 ,       0.044541 ,   1.224534
   rocblas_wo_dt ,   SP ,  2400 ,    24 ,  2400 ,    6899.647395 ,       0.038862 ,       0.039220 ,   0.920245
   rocblas_wo_dt ,   SP ,  2500 ,    24 ,  2500 ,    6432.993505 ,       0.045061 ,       0.045638 ,   1.280423
   rocblas_wo_dt ,   SP ,  2600 ,    24 ,  2600 ,    7088.269065 ,       0.044379 ,       0.044742 ,   0.816590
   rocblas_wo_dt ,   SP ,  2700 ,    24 ,  2700 ,    6854.856355 ,       0.049558 ,       0.049963 ,   0.817858
   rocblas_wo_dt ,   SP ,  2800 ,    24 ,  2800 ,    7020.874789 ,       0.051236 ,       0.052519 ,   2.503490
   rocblas_wo_dt ,   SP ,  2900 ,    24 ,  2900 ,    6892.959740 ,       0.056882 ,       0.057340 ,   0.804762
   rocblas_wo_dt ,   SP ,  3000 ,    24 ,  3000 ,    4550.018008 ,       0.092659 ,       0.092959 ,   0.324207
   rocblas_wo_dt ,   SP ,   500 ,    25 ,   500 ,    1434.294639 ,       0.008513 ,       0.008539 ,   0.303162
   rocblas_wo_dt ,   SP ,   600 ,    25 ,   600 ,    1864.532051 ,       0.009363 ,       0.009460 ,   1.036581
   rocblas_wo_dt ,   SP ,   700 ,    25 ,   700 ,    2203.088227 ,       0.010864 ,       0.010900 ,   0.329179
   rocblas_wo_dt ,   SP ,   800 ,    25 ,   800 ,    2471.253999 ,       0.012587 ,       0.012680 ,   0.738106
   rocblas_wo_dt ,   SP ,   900 ,    25 ,   900 ,    3406.769745 ,       0.011067 ,       0.011183 ,   1.045462
   rocblas_wo_dt ,   SP ,  1000 ,    25 ,  1000 ,    3032.469822 ,       0.013218 ,       0.016479 ,  24.675325
   rocblas_wo_dt ,   SP ,  1100 ,    25 ,  1100 ,    3166.789254 ,       0.017862 ,       0.018320 ,   2.562734
   rocblas_wo_dt ,   SP ,  1200 ,    25 ,  1200 ,    3780.364124 ,       0.018020 ,       0.018239 ,   1.217253
   rocblas_wo_dt ,   SP ,  1300 ,    25 ,  1300 ,    4157.205670 ,       0.019517 ,       0.019698 ,   0.928414
   rocblas_wo_dt ,   SP ,  1400 ,    25 ,  1400 ,    3470.819107 ,       0.025878 ,       0.026999 ,   4.330201
   rocblas_wo_dt ,   SP ,  1500 ,    25 ,  1500 ,    4223.761973 ,       0.024338 ,       0.025640 ,   5.348746
   rocblas_wo_dt ,   SP ,  1600 ,    25 ,  1600 ,    5006.182928 ,       0.023499 ,       0.025182 ,   7.163149
   rocblas_wo_dt ,   SP ,  1700 ,    25 ,  1700 ,    5160.355907 ,       0.025659 ,       0.027900 ,   8.734436
   rocblas_wo_dt ,   SP ,  1800 ,    25 ,  1800 ,    5459.689152 ,       0.027637 ,       0.029140 ,   5.434783
   rocblas_wo_dt ,   SP ,  1900 ,    25 ,  1900 ,    4879.806577 ,       0.035782 ,       0.036259 ,   1.332623
   rocblas_wo_dt ,   SP ,  2000 ,    25 ,  2000 ,    5594.422452 ,       0.034580 ,       0.035043 ,   1.337562
   rocblas_wo_dt ,   SP ,  2100 ,    25 ,  2100 ,    4964.797281 ,       0.043001 ,       0.043559 ,   1.297405
   rocblas_wo_dt ,   SP ,  2200 ,    25 ,  2200 ,    5066.562926 ,       0.046597 ,       0.046816 ,   0.470733
   rocblas_wo_dt ,   SP ,  2300 ,    25 ,  2300 ,    5602.366044 ,       0.045938 ,       0.046282 ,   0.747353
   rocblas_wo_dt ,   SP ,  2400 ,    25 ,  2400 ,    6766.606249 ,       0.041161 ,       0.041699 ,   1.309083
   rocblas_wo_dt ,   SP ,  2500 ,    25 ,  2500 ,    6460.568649 ,       0.047040 ,       0.047402 ,   0.770400
   rocblas_wo_dt ,   SP ,  2600 ,    25 ,  2600 ,    7052.282025 ,       0.046277 ,       0.046959 ,   1.473467
   rocblas_wo_dt ,   SP ,  2700 ,    25 ,  2700 ,    6780.084610 ,       0.052381 ,       0.052719 ,   0.646336
   rocblas_wo_dt ,   SP ,  2800 ,    25 ,  2800 ,    6924.137905 ,       0.054998 ,       0.055480 ,   0.875672
   rocblas_wo_dt ,   SP ,  2900 ,    25 ,  2900 ,    6806.706267 ,       0.059981 ,       0.060577 ,   0.993720
   rocblas_wo_dt ,   SP ,  3000 ,    25 ,  3000 ,    4620.947722 ,       0.095301 ,       0.095401 ,   0.105074
   rocblas_wo_dt ,   SP ,   500 ,    26 ,   500 ,    1474.653124 ,       0.008592 ,       0.008647 ,   0.636487
   rocblas_wo_dt ,   SP ,   600 ,    26 ,   600 ,    1906.367139 ,       0.009604 ,       0.009625 ,   0.219684
   rocblas_wo_dt ,   SP ,   700 ,    26 ,   700 ,    2246.225344 ,       0.011082 ,       0.011121 ,   0.353438
   rocblas_wo_dt ,   SP ,   800 ,    26 ,   800 ,    2518.274729 ,       0.012887 ,       0.012963 ,   0.590637
   rocblas_wo_dt ,   SP ,   900 ,    26 ,   900 ,    3473.376788 ,       0.011323 ,       0.011434 ,   0.975383
   rocblas_wo_dt ,   SP ,  1000 ,    26 ,  1000 ,    3043.719262 ,       0.013256 ,       0.016856 ,  27.158274
   rocblas_wo_dt ,   SP ,  1100 ,    26 ,  1100 ,    3294.105169 ,       0.018139 ,       0.018420 ,   1.550999
   rocblas_wo_dt ,   SP ,  1200 ,    26 ,  1200 ,    3906.801196 ,       0.018301 ,       0.018458 ,   0.859823
   rocblas_wo_dt ,   SP ,  1300 ,    26 ,  1300 ,    4294.813681 ,       0.019741 ,       0.019817 ,   0.386473
   rocblas_wo_dt ,   SP ,  1400 ,    26 ,  1400 ,    3679.082748 ,       0.026217 ,       0.027223 ,   3.837759
   rocblas_wo_dt ,   SP ,  1500 ,    26 ,  1500 ,    4393.013935 ,       0.025363 ,       0.026240 ,   3.459297
   rocblas_wo_dt ,   SP ,  1600 ,    26 ,  1600 ,    5155.989039 ,       0.024261 ,       0.025296 ,   4.264937
   rocblas_wo_dt ,   SP ,  1700 ,    26 ,  1700 ,    5158.361836 ,       0.026941 ,       0.028543 ,   5.946903
   rocblas_wo_dt ,   SP ,  1800 ,    26 ,  1800 ,    5115.574163 ,       0.031438 ,       0.032339 ,   2.866677
   rocblas_wo_dt ,   SP ,  1900 ,    26 ,  1900 ,    5042.490662 ,       0.036120 ,       0.036521 ,   1.108911
   rocblas_wo_dt ,   SP ,  2000 ,    26 ,  2000 ,    5801.884431 ,       0.034180 ,       0.035219 ,   3.041295
   rocblas_wo_dt ,   SP ,  2100 ,    26 ,  2100 ,    5061.271091 ,       0.044022 ,       0.044441 ,   0.953206
   rocblas_wo_dt ,   SP ,  2200 ,    26 ,  2200 ,    5166.778152 ,       0.047340 ,       0.047779 ,   0.926672
   rocblas_wo_dt ,   SP ,  2300 ,    26 ,  2300 ,    5736.379350 ,       0.046520 ,       0.047040 ,   1.117261
   rocblas_wo_dt ,   SP ,  2400 ,    26 ,  2400 ,    6921.323551 ,       0.042062 ,       0.042439 ,   0.895590
   rocblas_wo_dt ,   SP ,  2500 ,    26 ,  2500 ,    6596.724532 ,       0.047760 ,       0.048318 ,   1.168131
   rocblas_wo_dt ,   SP ,  2600 ,    26 ,  2600 ,    7200.803541 ,       0.047560 ,       0.047860 ,   0.631642
   rocblas_wo_dt ,   SP ,  2700 ,    26 ,  2700 ,    6886.616879 ,       0.053577 ,       0.053983 ,   0.756497
   rocblas_wo_dt ,   SP ,  2800 ,    26 ,  2800 ,    7075.293644 ,       0.056024 ,       0.056500 ,   0.851136
   rocblas_wo_dt ,   SP ,  2900 ,    26 ,  2900 ,    6945.020481 ,       0.061159 ,       0.061760 ,   0.982380
   rocblas_wo_dt ,   SP ,  3000 ,    26 ,  3000 ,    4704.719050 ,       0.097299 ,       0.097523 ,   0.230336
   rocblas_wo_dt ,   SP ,   500 ,    27 ,   500 ,    1512.295222 ,       0.008714 ,       0.008760 ,   0.528877
   rocblas_wo_dt ,   SP ,   600 ,    27 ,   600 ,    1947.647245 ,       0.009755 ,       0.009796 ,   0.418139
   rocblas_wo_dt ,   SP ,   700 ,    27 ,   700 ,    2287.528408 ,       0.011318 ,       0.011354 ,   0.315980
   rocblas_wo_dt ,   SP ,   800 ,    27 ,   800 ,    2560.712230 ,       0.013169 ,       0.013238 ,   0.526987
   rocblas_wo_dt ,   SP ,   900 ,    27 ,   900 ,    3506.633928 ,       0.011470 ,       0.011574 ,   0.901727
   rocblas_wo_dt ,   SP ,  1000 ,    27 ,  1000 ,    3256.384836 ,       0.013599 ,       0.016599 ,  22.054699
   rocblas_wo_dt ,   SP ,  1100 ,    27 ,  1100 ,    3399.162907 ,       0.018282 ,       0.018563 ,   1.538863
   rocblas_wo_dt ,   SP ,  1200 ,    27 ,  1200 ,    4037.928875 ,       0.018263 ,       0.018597 ,   1.827676
   rocblas_wo_dt ,   SP ,  1300 ,    27 ,  1300 ,    4395.347028 ,       0.019879 ,       0.020299 ,   2.110818
   rocblas_wo_dt ,   SP ,  1400 ,    27 ,  1400 ,    3702.402416 ,       0.025864 ,       0.027418 ,   6.010324
   rocblas_wo_dt ,   SP ,  1500 ,    27 ,  1500 ,    4410.323209 ,       0.025020 ,       0.026202 ,   4.726511
   rocblas_wo_dt ,   SP ,  1600 ,    27 ,  1600 ,    5380.067843 ,       0.023661 ,       0.024762 ,   4.655381
   rocblas_wo_dt ,   SP ,  1700 ,    27 ,  1700 ,    5161.387311 ,       0.028381 ,       0.029440 ,   3.729839
   rocblas_wo_dt ,   SP ,  1800 ,    27 ,  1800 ,    5014.656565 ,       0.032740 ,       0.034161 ,   4.340227
   rocblas_wo_dt ,   SP ,  1900 ,    27 ,  1900 ,    5176.361194 ,       0.036440 ,       0.036960 ,   1.426328
   rocblas_wo_dt ,   SP ,  2000 ,    27 ,  2000 ,    5938.817704 ,       0.035257 ,       0.035682 ,   1.203679
   rocblas_wo_dt ,   SP ,  2100 ,    27 ,  2100 ,    5141.221631 ,       0.045118 ,       0.045438 ,   0.708096
   rocblas_wo_dt ,   SP ,  2200 ,    27 ,  2200 ,    5250.042709 ,       0.048342 ,       0.048862 ,   1.075163
   rocblas_wo_dt ,   SP ,  2300 ,    27 ,  2300 ,    5881.787282 ,       0.047302 ,       0.047717 ,   0.877016
   rocblas_wo_dt ,   SP ,  2400 ,    27 ,  2400 ,    7050.465785 ,       0.042877 ,       0.043321 ,   1.034253
   rocblas_wo_dt ,   SP ,  2500 ,    27 ,  2500 ,    6707.103194 ,       0.049024 ,       0.049343 ,   0.651688
   rocblas_wo_dt ,   SP ,  2600 ,    27 ,  2600 ,    7348.314727 ,       0.048361 ,       0.048780 ,   0.867679
   rocblas_wo_dt ,   SP ,  2700 ,    27 ,  2700 ,    7068.020648 ,       0.054321 ,       0.054636 ,   0.579354
   rocblas_wo_dt ,   SP ,  2800 ,    27 ,  2800 ,    7264.026397 ,       0.056720 ,       0.057220 ,   0.882724
   rocblas_wo_dt ,   SP ,  2900 ,    27 ,  2900 ,    7140.037165 ,       0.061879 ,       0.062423 ,   0.878477
   rocblas_wo_dt ,   SP ,  3000 ,    27 ,  3000 ,    4779.517021 ,       0.099559 ,       0.099802 ,   0.244265
   rocblas_wo_dt ,   SP ,   500 ,    28 ,   500 ,    1552.850919 ,       0.008796 ,       0.008858 ,   0.698568
   rocblas_wo_dt ,   SP ,   600 ,    28 ,   600 ,    1987.089503 ,       0.009941 ,       0.009962 ,   0.205164
   rocblas_wo_dt ,   SP ,   700 ,    28 ,   700 ,    2329.946686 ,       0.011533 ,       0.011568 ,   0.310100
   rocblas_wo_dt ,   SP ,   800 ,    28 ,   800 ,    2529.404604 ,       0.013503 ,       0.013911 ,   3.025781
   rocblas_wo_dt ,   SP ,   900 ,    28 ,   900 ,    3572.269863 ,       0.011500 ,       0.011802 ,   2.621951
   rocblas_wo_dt ,   SP ,  1000 ,    28 ,  1000 ,    3275.332848 ,       0.014582 ,       0.016880 ,  15.761936
   rocblas_wo_dt ,   SP ,  1100 ,    28 ,  1100 ,    3475.043878 ,       0.018640 ,       0.018764 ,   0.665132
   rocblas_wo_dt ,   SP ,  1200 ,    28 ,  1200 ,    4169.126244 ,       0.017977 ,       0.018759 ,   4.350132
   rocblas_wo_dt ,   SP ,  1300 ,    28 ,  1300 ,    4262.188582 ,       0.020599 ,       0.021744 ,   5.555555
   rocblas_wo_dt ,   SP ,  1400 ,    28 ,  1400 ,    3779.903542 ,       0.027041 ,       0.028119 ,   3.985188
   rocblas_wo_dt ,   SP ,  1500 ,    28 ,  1500 ,    4667.689096 ,       0.025563 ,       0.026479 ,   3.581421
   rocblas_wo_dt ,   SP ,  1600 ,    28 ,  1600 ,    5392.342774 ,       0.024219 ,       0.026083 ,   7.698366
   rocblas_wo_dt ,   SP ,  1700 ,    28 ,  1700 ,    5003.462698 ,       0.030298 ,       0.031762 ,   4.831602
   rocblas_wo_dt ,   SP ,  1800 ,    28 ,  1800 ,    5339.219765 ,       0.032582 ,       0.033340 ,   2.326943
   rocblas_wo_dt ,   SP ,  1900 ,    28 ,  1900 ,    5310.483371 ,       0.036120 ,       0.037417 ,   3.590759
   rocblas_wo_dt ,   SP ,  2000 ,    28 ,  2000 ,    6115.621217 ,       0.035677 ,       0.035958 ,   0.788559
   rocblas_wo_dt ,   SP ,  2100 ,    28 ,  2100 ,    5226.504076 ,       0.045781 ,       0.046439 ,   1.437350
   rocblas_wo_dt ,   SP ,  2200 ,    28 ,  2200 ,    5329.896968 ,       0.049701 ,       0.049901 ,   0.402955
   rocblas_wo_dt ,   SP ,  2300 ,    28 ,  2300 ,    6041.067571 ,       0.047679 ,       0.048161 ,   1.010101
   rocblas_wo_dt ,   SP ,  2400 ,    28 ,  2400 ,    7198.362096 ,       0.043297 ,       0.044079 ,   1.806167
   rocblas_wo_dt ,   SP ,  2500 ,    28 ,  2500 ,    6852.810685 ,       0.049601 ,       0.050159 ,   1.124784
   rocblas_wo_dt ,   SP ,  2600 ,    28 ,  2600 ,    7488.259834 ,       0.048938 ,       0.049682 ,   1.520023
   rocblas_wo_dt ,   SP ,  2700 ,    28 ,  2700 ,    7252.004050 ,       0.054936 ,       0.055280 ,   0.624946
   rocblas_wo_dt ,   SP ,  2800 ,    28 ,  2800 ,    7433.154908 ,       0.057721 ,       0.058022 ,   0.520446
   rocblas_wo_dt ,   SP ,  2900 ,    28 ,  2900 ,    7324.821358 ,       0.062423 ,       0.063138 ,   1.145825
   rocblas_wo_dt ,   SP ,  3000 ,    28 ,  3000 ,    4849.825018 ,       0.101838 ,       0.102062 ,   0.220068
   rocblas_wo_dt ,   SP ,   500 ,    29 ,   500 ,    1576.594010 ,       0.009005 ,       0.009038 ,   0.375324
   rocblas_wo_dt ,   SP ,   600 ,    29 ,   600 ,    2024.616330 ,       0.010103 ,       0.010133 ,   0.299339
   rocblas_wo_dt ,   SP ,   700 ,    29 ,   700 ,    2574.837926 ,       0.010825 ,       0.010850 ,   0.228113
   rocblas_wo_dt ,   SP ,   800 ,    29 ,   800 ,    1712.406930 ,       0.020850 ,       0.021338 ,   2.340688
   rocblas_wo_dt ,   SP ,   900 ,    29 ,   900 ,    3677.192486 ,       0.011853 ,       0.011956 ,   0.872652
   rocblas_wo_dt ,   SP ,  1000 ,    29 ,  1000 ,    3267.881752 ,       0.016422 ,       0.017400 ,   5.952381
   rocblas_wo_dt ,   SP ,  1100 ,    29 ,  1100 ,    3586.921124 ,       0.018620 ,       0.018883 ,   1.408451
   rocblas_wo_dt ,   SP ,  1200 ,    29 ,  1200 ,    4268.261344 ,       0.018659 ,       0.019059 ,   2.146691
   rocblas_wo_dt ,   SP ,  1300 ,    29 ,  1300 ,    4093.292580 ,       0.021720 ,       0.023580 ,   8.562019
   rocblas_wo_dt ,   SP ,  1400 ,    29 ,  1400 ,    3870.943849 ,       0.027122 ,       0.028920 ,   6.627989
   rocblas_wo_dt ,   SP ,  1500 ,    29 ,  1500 ,    4732.319847 ,       0.025640 ,       0.026860 ,   4.761019
   rocblas_wo_dt ,   SP ,  1600 ,    29 ,  1600 ,    5704.785767 ,       0.024362 ,       0.025239 ,   3.601488
   rocblas_wo_dt ,   SP ,  1700 ,    29 ,  1700 ,    4941.779987 ,       0.032477 ,       0.033340 ,   2.657466
   rocblas_wo_dt ,   SP ,  1800 ,    29 ,  1800 ,    5430.377799 ,       0.033164 ,       0.033960 ,   2.401150
   rocblas_wo_dt ,   SP ,  1900 ,    29 ,  1900 ,    5434.601355 ,       0.036621 ,       0.037899 ,   3.489583
   rocblas_wo_dt ,   SP ,  2000 ,    29 ,  2000 ,    6263.101849 ,       0.035658 ,       0.036359 ,   1.965766
   rocblas_wo_dt ,   SP ,  2100 ,    29 ,  2100 ,    5300.902806 ,       0.046163 ,       0.047460 ,   2.809627
   rocblas_wo_dt ,   SP ,  2200 ,    29 ,  2200 ,    5408.615655 ,       0.050759 ,       0.050998 ,   0.469704
   rocblas_wo_dt ,   SP ,  2300 ,    29 ,  2300 ,    6166.572389 ,       0.048599 ,       0.048857 ,   0.529827
   rocblas_wo_dt ,   SP ,  2400 ,    29 ,  2400 ,    7349.762896 ,       0.044079 ,       0.044684 ,   1.373864
   rocblas_wo_dt ,   SP ,  2500 ,    29 ,  2500 ,    6971.227430 ,       0.050697 ,       0.051060 ,   0.714823
   rocblas_wo_dt ,   SP ,  2600 ,    29 ,  2600 ,    7603.195652 ,       0.050359 ,       0.050640 ,   0.558659
   rocblas_wo_dt ,   SP ,  2700 ,    29 ,  2700 ,    7428.785504 ,       0.055599 ,       0.055981 ,   0.686106
   rocblas_wo_dt ,   SP ,  2800 ,    29 ,  2800 ,    7595.651258 ,       0.058498 ,       0.058823 ,   0.554288
   rocblas_wo_dt ,   SP ,  2900 ,    29 ,  2900 ,    7507.936181 ,       0.062861 ,       0.063939 ,   1.714329
   rocblas_wo_dt ,   SP ,  3000 ,    29 ,  3000 ,    4916.794636 ,       0.104022 ,       0.104337 ,   0.302544
   rocblas_wo_dt ,   SP ,   500 ,    30 ,   500 ,    1618.848253 ,       0.009072 ,       0.009113 ,   0.453807
   rocblas_wo_dt ,   SP ,   600 ,    30 ,   600 ,    2057.895452 ,       0.010280 ,       0.010298 ,   0.171034
   rocblas_wo_dt ,   SP ,   700 ,    30 ,   700 ,    2646.419142 ,       0.010882 ,       0.010932 ,   0.461659
   rocblas_wo_dt ,   SP ,   800 ,    30 ,   800 ,    1748.370837 ,       0.021201 ,       0.021615 ,   1.953434
   rocblas_wo_dt ,   SP ,   900 ,    30 ,   900 ,    3941.125363 ,       0.012023 ,       0.012124 ,   0.845728
   rocblas_wo_dt ,   SP ,  1000 ,    30 ,  1000 ,    3390.086134 ,       0.016737 ,       0.017357 ,   3.703704
   rocblas_wo_dt ,   SP ,  1100 ,    30 ,  1100 ,    3711.222697 ,       0.018640 ,       0.018897 ,   1.381428
   rocblas_wo_dt ,   SP ,  1200 ,    30 ,  1200 ,    4377.272722 ,       0.019002 ,       0.019140 ,   0.727729
   rocblas_wo_dt ,   SP ,  1300 ,    30 ,  1300 ,    4129.210584 ,       0.022902 ,       0.023999 ,   4.788674
   rocblas_wo_dt ,   SP ,  1400 ,    30 ,  1400 ,    3914.993726 ,       0.027342 ,       0.029321 ,   7.237531
   rocblas_wo_dt ,   SP ,  1500 ,    30 ,  1500 ,    4808.347415 ,       0.025558 ,       0.026841 ,   5.018657
   rocblas_wo_dt ,   SP ,  1600 ,    30 ,  1600 ,    5992.887705 ,       0.024319 ,       0.025077 ,   3.117647
   rocblas_wo_dt ,   SP ,  1700 ,    30 ,  1700 ,    4972.462820 ,       0.032959 ,       0.034304 ,   4.079861
   rocblas_wo_dt ,   SP ,  1800 ,    30 ,  1800 ,    5460.532374 ,       0.034280 ,       0.034900 ,   1.808318
   rocblas_wo_dt ,   SP ,  1900 ,    30 ,  1900 ,    5542.963572 ,       0.037785 ,       0.038443 ,   1.741545
   rocblas_wo_dt ,   SP ,  2000 ,    30 ,  2000 ,    6380.445587 ,       0.036659 ,       0.036941 ,   0.767430
   rocblas_wo_dt ,   SP ,  2100 ,    30 ,  2100 ,    5386.965870 ,       0.047879 ,       0.048323 ,   0.926203
   rocblas_wo_dt ,   SP ,  2200 ,    30 ,  2200 ,    5487.316278 ,       0.051742 ,       0.052061 ,   0.617455
   rocblas_wo_dt ,   SP ,  2300 ,    30 ,  2300 ,    6284.265586 ,       0.049219 ,       0.049639 ,   0.852548
   rocblas_wo_dt ,   SP ,  2400 ,    30 ,  2400 ,    7477.526090 ,       0.045142 ,       0.045438 ,   0.654907
   rocblas_wo_dt ,   SP ,  2500 ,    30 ,  2500 ,    7083.653110 ,       0.051761 ,       0.052023 ,   0.506679
   rocblas_wo_dt ,   SP ,  2600 ,    30 ,  2600 ,    7701.146985 ,       0.051241 ,       0.051761 ,   1.014331
   rocblas_wo_dt ,   SP ,  2700 ,    30 ,  2700 ,    7581.861738 ,       0.055919 ,       0.056758 ,   1.500810
   rocblas_wo_dt ,   SP ,  2800 ,    30 ,  2800 ,    7738.360706 ,       0.059500 ,       0.059719 ,   0.368649
   rocblas_wo_dt ,   SP ,  2900 ,    30 ,  2900 ,    7636.939118 ,       0.064678 ,       0.064940 ,   0.405485
   rocblas_wo_dt ,   SP ,  3000 ,    30 ,  3000 ,    4977.085539 ,       0.106401 ,       0.106659 ,   0.242001
   rocblas_wo_dt ,   SP ,   500 ,    31 ,   500 ,    1649.549497 ,       0.009224 ,       0.009240 ,   0.173206
   rocblas_wo_dt ,   SP ,   600 ,    31 ,   600 ,    2093.872894 ,       0.010448 ,       0.010475 ,   0.255789
   rocblas_wo_dt ,   SP ,   700 ,    31 ,   700 ,    2714.185932 ,       0.010996 ,       0.011011 ,   0.131640
   rocblas_wo_dt ,   SP ,   800 ,    31 ,   800 ,    1804.691215 ,       0.021305 ,       0.021633 ,   1.539351
   rocblas_wo_dt ,   SP ,   900 ,    31 ,   900 ,    4021.797143 ,       0.012154 ,       0.012258 ,   0.851002
   rocblas_wo_dt ,   SP ,  1000 ,    31 ,  1000 ,    3351.959943 ,       0.017300 ,       0.017943 ,   3.721058
   rocblas_wo_dt ,   SP ,  1100 ,    31 ,  1100 ,    3842.569910 ,       0.018544 ,       0.018878 ,   1.799949
   rocblas_wo_dt ,   SP ,  1200 ,    31 ,  1200 ,    4482.167108 ,       0.019140 ,       0.019364 ,   1.170902
   rocblas_wo_dt ,   SP ,  1300 ,    31 ,  1300 ,    4102.030042 ,       0.022521 ,       0.023398 ,   3.895829
   rocblas_wo_dt ,   SP ,  1400 ,    31 ,  1400 ,    3997.918301 ,       0.027618 ,       0.029960 ,   8.477210
   rocblas_wo_dt ,   SP ,  1500 ,    31 ,  1500 ,    5030.357920 ,       0.026298 ,       0.027442 ,   4.351768
   rocblas_wo_dt ,   SP ,  1600 ,    31 ,  1600 ,    5785.359896 ,       0.026021 ,       0.026941 ,   3.536742
   rocblas_wo_dt ,   SP ,  1700 ,    31 ,  1700 ,    5125.341976 ,       0.033402 ,       0.034399 ,   2.983583
   rocblas_wo_dt ,   SP ,  1800 ,    31 ,  1800 ,    5691.081804 ,       0.032220 ,       0.034881 ,   8.258102
   rocblas_wo_dt ,   SP ,  1900 ,    31 ,  1900 ,    5644.471661 ,       0.038562 ,       0.039039 ,   1.236552
   rocblas_wo_dt ,   SP ,  2000 ,    31 ,  2000 ,    6508.812744 ,       0.036998 ,       0.037479 ,   1.301714
   rocblas_wo_dt ,   SP ,  2100 ,    31 ,  2100 ,    5444.798744 ,       0.049019 ,       0.049424 ,   0.826848
   rocblas_wo_dt ,   SP ,  2200 ,    31 ,  2200 ,    5560.538906 ,       0.052800 ,       0.053058 ,   0.487673
   rocblas_wo_dt ,   SP ,  2300 ,    31 ,  2300 ,    6411.965495 ,       0.049939 ,       0.050340 ,   0.802062
   rocblas_wo_dt ,   SP ,  2400 ,    31 ,  2400 ,    7616.183001 ,       0.045800 ,       0.046120 ,   0.697553
   rocblas_wo_dt ,   SP ,  2500 ,    31 ,  2500 ,    7193.779389 ,       0.052581 ,       0.053024 ,   0.843384
   rocblas_wo_dt ,   SP ,  2600 ,    31 ,  2600 ,    7801.561249 ,       0.052619 ,       0.052838 ,   0.416855
   rocblas_wo_dt ,   SP ,  2700 ,    31 ,  2700 ,    7701.712599 ,       0.057378 ,       0.057721 ,   0.598355
   rocblas_wo_dt ,   SP ,  2800 ,    31 ,  2800 ,    7869.253149 ,       0.059657 ,       0.060844 ,   1.990249
   rocblas_wo_dt ,   SP ,  2900 ,    31 ,  2900 ,    7795.153086 ,       0.065517 ,       0.065842 ,   0.494905
   rocblas_wo_dt ,   SP ,  3000 ,    31 ,  3000 ,    5040.845494 ,       0.108600 ,       0.108900 ,   0.276619
   rocblas_wo_dt ,   SP ,   500 ,    32 ,   500 ,    1716.778358 ,       0.009149 ,       0.009172 ,   0.255222
   rocblas_wo_dt ,   SP ,   600 ,    32 ,   600 ,    2157.053774 ,       0.010495 ,       0.010516 ,   0.201032
   rocblas_wo_dt ,   SP ,   700 ,    32 ,   700 ,    2910.502251 ,       0.010575 ,       0.010593 ,   0.169096
   rocblas_wo_dt ,   SP ,   800 ,    32 ,   800 ,    1859.280839 ,       0.021183 ,       0.021723 ,   2.546896
   rocblas_wo_dt ,   SP ,   900 ,    32 ,   900 ,    4223.166529 ,       0.011514 ,       0.011618 ,   0.898295
   rocblas_wo_dt ,   SP ,  1000 ,    32 ,  1000 ,    3770.220868 ,       0.013719 ,       0.016837 ,  22.732012
   rocblas_wo_dt ,   SP ,  1100 ,    32 ,  1100 ,    4097.960550 ,       0.018001 ,       0.018158 ,   0.874172
   rocblas_wo_dt ,   SP ,  1200 ,    32 ,  1200 ,    4764.016358 ,       0.018477 ,       0.018721 ,   1.316129
   rocblas_wo_dt ,   SP ,  1300 ,    32 ,  1300 ,    5055.586728 ,       0.020204 ,       0.020919 ,   3.540241
   rocblas_wo_dt ,   SP ,  1400 ,    32 ,  1400 ,    4374.961910 ,       0.026360 ,       0.027800 ,   5.463097
   rocblas_wo_dt ,   SP ,  1500 ,    32 ,  1500 ,    5189.734499 ,       0.025096 ,       0.026264 ,   4.655139
   rocblas_wo_dt ,   SP ,  1600 ,    32 ,  1600 ,    6254.767790 ,       0.024018 ,       0.025043 ,   4.268414
   rocblas_wo_dt ,   SP ,  1700 ,    32 ,  1700 ,    6642.246951 ,       0.026841 ,       0.027304 ,   1.723219
   rocblas_wo_dt ,   SP ,  1800 ,    32 ,  1800 ,    5975.001860 ,       0.032659 ,       0.034099 ,   4.409403
   rocblas_wo_dt ,   SP ,  1900 ,    32 ,  1900 ,    6105.156087 ,       0.036778 ,       0.037222 ,   1.205757
   rocblas_wo_dt ,   SP ,  2000 ,    32 ,  2000 ,    7025.924501 ,       0.035400 ,       0.035839 ,   1.239224
   rocblas_wo_dt ,   SP ,  2100 ,    32 ,  2100 ,    5563.542413 ,       0.049396 ,       0.049939 ,   1.100492
   rocblas_wo_dt ,   SP ,  2200 ,    32 ,  2200 ,    5659.067631 ,       0.053558 ,       0.053883 ,   0.605413
   rocblas_wo_dt ,   SP ,  2300 ,    32 ,  2300 ,    6995.963864 ,       0.047178 ,       0.047641 ,   0.980392
   rocblas_wo_dt ,   SP ,  2400 ,    32 ,  2400 ,    8250.993748 ,       0.043621 ,       0.043921 ,   0.688675
   rocblas_wo_dt ,   SP ,  2500 ,    32 ,  2500 ,    7992.150362 ,       0.048680 ,       0.049281 ,   1.234205
   rocblas_wo_dt ,   SP ,  2600 ,    32 ,  2600 ,    8687.675876 ,       0.048399 ,       0.049000 ,   1.241379
   rocblas_wo_dt ,   SP ,  2700 ,    32 ,  2700 ,    8184.645806 ,       0.055842 ,       0.056081 ,   0.426949
   rocblas_wo_dt ,   SP ,  2800 ,    32 ,  2800 ,    8479.743837 ,       0.057921 ,       0.058217 ,   0.510414
   rocblas_wo_dt ,   SP ,  2900 ,    32 ,  2900 ,    8349.769582 ,       0.063119 ,       0.063481 ,   0.574148
   rocblas_wo_dt ,   SP ,  3000 ,    32 ,  3000 ,    5559.320596 ,       0.101581 ,       0.102000 ,   0.413087
