          kernel ,  prs ,     m ,     n ,     p ,        GLOPS/s ,   minimum (ms) ,     median (ms),   stab (%)
   rocblas_wo_dt ,   SP ,   500 ,     1 ,   500 ,      46.767144 ,       0.005329 ,       0.005341 ,   0.223714
   rocblas_wo_dt ,   SP ,   600 ,     1 ,   600 ,      61.268597 ,       0.005760 ,       0.005791 ,   0.538079
   rocblas_wo_dt ,   SP ,   700 ,     1 ,   700 ,      70.523664 ,       0.006869 ,       0.006950 ,   1.180146
   rocblas_wo_dt ,   SP ,   800 ,     1 ,   800 ,      88.373769 ,       0.007100 ,       0.007219 ,   1.678979
   rocblas_wo_dt ,   SP ,   900 ,     1 ,   900 ,      90.964319 ,       0.008080 ,       0.008221 ,   1.740927
   rocblas_wo_dt ,   SP ,  1000 ,     1 ,  1000 ,     106.978054 ,       0.009332 ,       0.009349 ,   0.178836
   rocblas_wo_dt ,   SP ,  1100 ,     1 ,  1100 ,     105.168052 ,       0.011487 ,       0.011505 ,   0.157742
   rocblas_wo_dt ,   SP ,  1200 ,     1 ,  1200 ,     133.423976 ,       0.010747 ,       0.010789 ,   0.390452
   rocblas_wo_dt ,   SP ,  1300 ,     1 ,  1300 ,     145.183794 ,       0.011623 ,       0.011640 ,   0.147692
   rocblas_wo_dt ,   SP ,  1400 ,     1 ,  1400 ,      81.749895 ,       0.023746 ,       0.023968 ,   0.934758
   rocblas_wo_dt ,   SP ,  1500 ,     1 ,  1500 ,     122.033814 ,       0.017819 ,       0.018160 ,   1.913299
   rocblas_wo_dt ,   SP ,  1600 ,     1 ,  1600 ,     145.229117 ,       0.017130 ,       0.017459 ,   1.920668
   rocblas_wo_dt ,   SP ,  1700 ,     1 ,  1700 ,     145.191609 ,       0.019641 ,       0.019779 ,   0.704054
   rocblas_wo_dt ,   SP ,  1800 ,     1 ,  1800 ,     163.498341 ,       0.019369 ,       0.019729 ,   1.858690
   rocblas_wo_dt ,   SP ,  1900 ,     1 ,  1900 ,     129.249158 ,       0.027261 ,       0.027630 ,   1.355606
   rocblas_wo_dt ,   SP ,  2000 ,     1 ,  2000 ,     139.781609 ,       0.028489 ,       0.028600 ,   0.389988
   rocblas_wo_dt ,   SP ,  2100 ,     1 ,  2100 ,     164.569517 ,       0.025921 ,       0.027039 ,   4.313834
   rocblas_wo_dt ,   SP ,  2200 ,     1 ,  2200 ,     176.951375 ,       0.026591 ,       0.027311 ,   2.707792
   rocblas_wo_dt ,   SP ,  2300 ,     1 ,  2300 ,     138.858475 ,       0.037849 ,       0.038061 ,   0.560630
   rocblas_wo_dt ,   SP ,  2400 ,     1 ,  2400 ,     179.122764 ,       0.031629 ,       0.032160 ,   1.680989
   rocblas_wo_dt ,   SP ,  2500 ,     1 ,  2500 ,     167.151585 ,       0.036330 ,       0.037391 ,   2.920331
   rocblas_wo_dt ,   SP ,  2600 ,     1 ,  2600 ,     185.064984 ,       0.036089 ,       0.036550 ,   1.275021
   rocblas_wo_dt ,   SP ,  2700 ,     1 ,  2700 ,     180.885115 ,       0.040128 ,       0.040250 ,   0.303012
   rocblas_wo_dt ,   SP ,  2800 ,     1 ,  2800 ,     179.032864 ,       0.043120 ,       0.043819 ,   1.620038
   rocblas_wo_dt ,   SP ,  2900 ,     1 ,  2900 ,     178.339833 ,       0.046980 ,       0.047140 ,   0.340015
   rocblas_wo_dt ,   SP ,  3000 ,     1 ,  3000 ,     186.005774 ,       0.048220 ,       0.048349 ,   0.266996
   rocblas_wo_dt ,   SP ,   500 ,     2 ,   500 ,     138.660871 ,       0.005388 ,       0.005400 ,   0.221239
   rocblas_wo_dt ,   SP ,   600 ,     2 ,   600 ,     180.931060 ,       0.005832 ,       0.005870 ,   0.654129
   rocblas_wo_dt ,   SP ,   700 ,     2 ,   700 ,     208.006300 ,       0.006959 ,       0.007069 ,   1.575882
   rocblas_wo_dt ,   SP ,   800 ,     2 ,   800 ,     259.707944 ,       0.007210 ,       0.007360 ,   2.083333
   rocblas_wo_dt ,   SP ,   900 ,     2 ,   900 ,     262.741884 ,       0.008271 ,       0.008481 ,   2.536754
   rocblas_wo_dt ,   SP ,  1000 ,     2 ,  1000 ,     315.848736 ,       0.009489 ,       0.009498 ,   0.095480
   rocblas_wo_dt ,   SP ,  1100 ,     2 ,  1100 ,     316.813237 ,       0.011437 ,       0.011456 ,   0.166771
   rocblas_wo_dt ,   SP ,  1200 ,     2 ,  1200 ,     401.443839 ,       0.010741 ,       0.010759 ,   0.166478
   rocblas_wo_dt ,   SP ,  1300 ,     2 ,  1300 ,     424.499661 ,       0.011920 ,       0.011943 ,   0.194016
   rocblas_wo_dt ,   SP ,  1400 ,     2 ,  1400 ,     230.612916 ,       0.025209 ,       0.025492 ,   1.123574
   rocblas_wo_dt ,   SP ,  1500 ,     2 ,  1500 ,     368.110226 ,       0.017848 ,       0.018101 ,   1.415977
   rocblas_wo_dt ,   SP ,  1600 ,     2 ,  1600 ,     436.579701 ,       0.017271 ,       0.017450 ,   1.035340
   rocblas_wo_dt ,   SP ,  1700 ,     2 ,  1700 ,     414.870408 ,       0.020349 ,       0.020781 ,   2.120680
   rocblas_wo_dt ,   SP ,  1800 ,     2 ,  1800 ,     464.351595 ,       0.020261 ,       0.020990 ,   3.600847
   rocblas_wo_dt ,   SP ,  1900 ,     2 ,  1900 ,     378.538162 ,       0.027730 ,       0.028701 ,   3.499269
   rocblas_wo_dt ,   SP ,  2000 ,     2 ,  2000 ,     416.963870 ,       0.028567 ,       0.028809 ,   0.847111
   rocblas_wo_dt ,   SP ,  2100 ,     2 ,  2100 ,     495.980674 ,       0.025859 ,       0.026870 ,   3.909275
   rocblas_wo_dt ,   SP ,  2200 ,     2 ,  2200 ,     501.338105 ,       0.028819 ,       0.028949 ,   0.451706
   rocblas_wo_dt ,   SP ,  2300 ,     2 ,  2300 ,     411.951431 ,       0.038300 ,       0.038500 ,   0.522908
   rocblas_wo_dt ,   SP ,  2400 ,     2 ,  2400 ,     520.632340 ,       0.032110 ,       0.033200 ,   3.393228
   rocblas_wo_dt ,   SP ,  2500 ,     2 ,  2500 ,     498.111777 ,       0.037351 ,       0.037630 ,   0.746840
   rocblas_wo_dt ,   SP ,  2600 ,     2 ,  2600 ,     546.422556 ,       0.036788 ,       0.037079 ,   0.790668
   rocblas_wo_dt ,   SP ,  2700 ,     2 ,  2700 ,     530.194284 ,       0.040870 ,       0.041261 ,   0.956715
   rocblas_wo_dt ,   SP ,  2800 ,     2 ,  2800 ,     531.648179 ,       0.043962 ,       0.044210 ,   0.564022
   rocblas_wo_dt ,   SP ,  2900 ,     2 ,  2900 ,     526.289447 ,       0.047710 ,       0.047920 ,   0.439758
   rocblas_wo_dt ,   SP ,  3000 ,     2 ,  3000 ,     539.739313 ,       0.049858 ,       0.049970 ,   0.224751
   rocblas_wo_dt ,   SP ,   500 ,     3 ,   500 ,     227.806927 ,       0.005448 ,       0.005481 ,   0.612691
   rocblas_wo_dt ,   SP ,   600 ,     3 ,   600 ,     297.673823 ,       0.005939 ,       0.005951 ,   0.200723
   rocblas_wo_dt ,   SP ,   700 ,     3 ,   700 ,     339.979222 ,       0.007081 ,       0.007219 ,   1.952862
   rocblas_wo_dt ,   SP ,   800 ,     3 ,   800 ,     423.805991 ,       0.007391 ,       0.007541 ,   2.032258
   rocblas_wo_dt ,   SP ,   900 ,     3 ,   900 ,     437.056744 ,       0.008411 ,       0.008631 ,   2.607710
   rocblas_wo_dt ,   SP ,  1000 ,     3 ,  1000 ,     517.870469 ,       0.009640 ,       0.009654 ,   0.145920
   rocblas_wo_dt ,   SP ,  1100 ,     3 ,  1100 ,     533.329071 ,       0.011311 ,       0.011335 ,   0.212892
   rocblas_wo_dt ,   SP ,  1200 ,     3 ,  1200 ,     647.058684 ,       0.011102 ,       0.011129 ,   0.242672
   rocblas_wo_dt ,   SP ,  1300 ,     3 ,  1300 ,     695.445418 ,       0.012109 ,       0.012151 ,   0.348508
   rocblas_wo_dt ,   SP ,  1400 ,     3 ,  1400 ,     376.901181 ,       0.025608 ,       0.025982 ,   1.461730
   rocblas_wo_dt ,   SP ,  1500 ,     3 ,  1500 ,     605.464992 ,       0.018108 ,       0.018361 ,   1.395655
   rocblas_wo_dt ,   SP ,  1600 ,     3 ,  1600 ,     717.111491 ,       0.017431 ,       0.017631 ,   1.148954
   rocblas_wo_dt ,   SP ,  1700 ,     3 ,  1700 ,     596.326135 ,       0.024012 ,       0.024252 ,   0.999871
   rocblas_wo_dt ,   SP ,  1800 ,     3 ,  1800 ,     699.597743 ,       0.021679 ,       0.022399 ,   3.321236
   rocblas_wo_dt ,   SP ,  1900 ,     3 ,  1900 ,     618.249838 ,       0.027919 ,       0.029159 ,   4.440649
   rocblas_wo_dt ,   SP ,  2000 ,     3 ,  2000 ,     694.878943 ,       0.028470 ,       0.028805 ,   1.176599
   rocblas_wo_dt ,   SP ,  2100 ,     3 ,  2100 ,     811.363315 ,       0.026391 ,       0.027411 ,   3.866655
   rocblas_wo_dt ,   SP ,  2200 ,     3 ,  2200 ,     825.584003 ,       0.029179 ,       0.029307 ,   0.437959
   rocblas_wo_dt ,   SP ,  2300 ,     3 ,  2300 ,     686.887770 ,       0.038161 ,       0.038490 ,   0.862177
   rocblas_wo_dt ,   SP ,  2400 ,     3 ,  2400 ,     860.897497 ,       0.032880 ,       0.033290 ,   1.247190
   rocblas_wo_dt ,   SP ,  2500 ,     3 ,  2500 ,     820.942136 ,       0.037861 ,       0.038040 ,   0.472292
   rocblas_wo_dt ,   SP ,  2600 ,     3 ,  2600 ,     898.694103 ,       0.037320 ,       0.037632 ,   0.836900
   rocblas_wo_dt ,   SP ,  2700 ,     3 ,  2700 ,     859.153331 ,       0.042200 ,       0.042381 ,   0.429379
   rocblas_wo_dt ,   SP ,  2800 ,     3 ,  2800 ,     872.498655 ,       0.044670 ,       0.044868 ,   0.442997
   rocblas_wo_dt ,   SP ,  2900 ,     3 ,  2900 ,     859.556418 ,       0.048721 ,       0.048921 ,   0.411059
   rocblas_wo_dt ,   SP ,  3000 ,     3 ,  3000 ,     873.134737 ,       0.051179 ,       0.051520 ,   0.666170
   rocblas_wo_dt ,   SP ,   500 ,     4 ,   500 ,     315.242009 ,       0.005519 ,       0.005538 ,   0.345572
   rocblas_wo_dt ,   SP ,   600 ,     4 ,   600 ,     410.171088 ,       0.006020 ,       0.006042 ,   0.356436
   rocblas_wo_dt ,   SP ,   700 ,     4 ,   700 ,     471.163694 ,       0.007160 ,       0.007288 ,   1.798202
   rocblas_wo_dt ,   SP ,   800 ,     4 ,   800 ,     572.494265 ,       0.007560 ,       0.007660 ,   1.324503
   rocblas_wo_dt ,   SP ,   900 ,     4 ,   900 ,     617.143708 ,       0.008578 ,       0.008700 ,   1.417454
   rocblas_wo_dt ,   SP ,  1000 ,     4 ,  1000 ,     714.142949 ,       0.009789 ,       0.009802 ,   0.131521
   rocblas_wo_dt ,   SP ,  1100 ,     4 ,  1100 ,     752.896809 ,       0.011220 ,       0.011246 ,   0.231619
   rocblas_wo_dt ,   SP ,  1200 ,     4 ,  1200 ,     885.970637 ,       0.011357 ,       0.011377 ,   0.174242
   rocblas_wo_dt ,   SP ,  1300 ,     4 ,  1300 ,     999.421285 ,       0.011803 ,       0.011832 ,   0.246440
   rocblas_wo_dt ,   SP ,  1400 ,     4 ,  1400 ,     516.160024 ,       0.026337 ,       0.026601 ,   1.003033
   rocblas_wo_dt ,   SP ,  1500 ,     4 ,  1500 ,     833.676055 ,       0.018380 ,       0.018620 ,   1.310157
   rocblas_wo_dt ,   SP ,  1600 ,     4 ,  1600 ,     989.880073 ,       0.017760 ,       0.017850 ,   0.510136
   rocblas_wo_dt ,   SP ,  1700 ,     4 ,  1700 ,     953.169867 ,       0.020380 ,       0.021191 ,   3.977539
   rocblas_wo_dt ,   SP ,  1800 ,     4 ,  1800 ,     869.744553 ,       0.025721 ,       0.026114 ,   1.528536
   rocblas_wo_dt ,   SP ,  1900 ,     4 ,  1900 ,     857.935323 ,       0.028560 ,       0.029399 ,   2.938476
   rocblas_wo_dt ,   SP ,  2000 ,     4 ,  2000 ,     972.414255 ,       0.028041 ,       0.028815 ,   2.759899
   rocblas_wo_dt ,   SP ,  2100 ,     4 ,  2100 ,    1039.722202 ,       0.029555 ,       0.029695 ,   0.473528
   rocblas_wo_dt ,   SP ,  2200 ,     4 ,  2200 ,    1141.458458 ,       0.029535 ,       0.029689 ,   0.521481
   rocblas_wo_dt ,   SP ,  2300 ,     4 ,  2300 ,     952.692683 ,       0.038569 ,       0.038819 ,   0.649070
   rocblas_wo_dt ,   SP ,  2400 ,     4 ,  2400 ,    1191.355649 ,       0.033529 ,       0.033789 ,   0.775084
   rocblas_wo_dt ,   SP ,  2500 ,     4 ,  2500 ,    1133.848132 ,       0.038390 ,       0.038569 ,   0.465781
   rocblas_wo_dt ,   SP ,  2600 ,     4 ,  2600 ,    1234.562118 ,       0.037441 ,       0.038369 ,   2.477076
   rocblas_wo_dt ,   SP ,  2700 ,     4 ,  2700 ,    1178.899501 ,       0.043039 ,       0.043268 ,   0.531797
   rocblas_wo_dt ,   SP ,  2800 ,     4 ,  2800 ,    1195.933433 ,       0.045600 ,       0.045910 ,   0.679703
   rocblas_wo_dt ,   SP ,  2900 ,     4 ,  2900 ,    1176.874678 ,       0.049770 ,       0.050020 ,   0.502994
   rocblas_wo_dt ,   SP ,  3000 ,     4 ,  3000 ,    1180.789134 ,       0.053201 ,       0.053358 ,   0.295778
   rocblas_wo_dt ,   SP ,   500 ,     5 ,   500 ,     398.721833 ,       0.005610 ,       0.005641 ,   0.552486
   rocblas_wo_dt ,   SP ,   600 ,     5 ,   600 ,     522.455213 ,       0.006111 ,       0.006130 ,   0.312134
   rocblas_wo_dt ,   SP ,   700 ,     5 ,   700 ,     602.690094 ,       0.007210 ,       0.007310 ,   1.388889
   rocblas_wo_dt ,   SP ,   800 ,     5 ,   800 ,     724.029986 ,       0.007658 ,       0.007770 ,   1.463263
   rocblas_wo_dt ,   SP ,   900 ,     5 ,   900 ,     756.883314 ,       0.008659 ,       0.008819 ,   1.844714
   rocblas_wo_dt ,   SP ,  1000 ,     5 ,  1000 ,     906.086551 ,       0.009914 ,       0.009933 ,   0.192391
   rocblas_wo_dt ,   SP ,  1100 ,     5 ,  1100 ,     953.524610 ,       0.011397 ,       0.011419 ,   0.194553
   rocblas_wo_dt ,   SP ,  1200 ,     5 ,  1200 ,    1121.427658 ,       0.011525 ,       0.011559 ,   0.295827
   rocblas_wo_dt ,   SP ,  1300 ,     5 ,  1300 ,    1274.746485 ,       0.011885 ,       0.011924 ,   0.328994
   rocblas_wo_dt ,   SP ,  1400 ,     5 ,  1400 ,     644.018048 ,       0.027152 ,       0.027388 ,   0.868428
   rocblas_wo_dt ,   SP ,  1500 ,     5 ,  1500 ,    1058.524639 ,       0.018601 ,       0.018911 ,   1.666239
   rocblas_wo_dt ,   SP ,  1600 ,     5 ,  1600 ,    1252.396578 ,       0.018089 ,       0.018148 ,   0.329511
   rocblas_wo_dt ,   SP ,  1700 ,     5 ,  1700 ,    1201.487115 ,       0.020900 ,       0.021582 ,   3.262605
   rocblas_wo_dt ,   SP ,  1800 ,     5 ,  1800 ,    1024.335446 ,       0.028241 ,       0.028487 ,   0.872091
   rocblas_wo_dt ,   SP ,  1900 ,     5 ,  1900 ,    1084.595470 ,       0.029130 ,       0.029941 ,   2.782779
   rocblas_wo_dt ,   SP ,  2000 ,     5 ,  2000 ,    1349.637317 ,       0.025458 ,       0.026691 ,   4.841731
   rocblas_wo_dt ,   SP ,  2100 ,     5 ,  2100 ,    1382.877954 ,       0.028391 ,       0.028670 ,   0.982533
   rocblas_wo_dt ,   SP ,  2200 ,     5 ,  2200 ,    1519.960220 ,       0.028419 ,       0.028610 ,   0.671141
   rocblas_wo_dt ,   SP ,  2300 ,     5 ,  2300 ,    1212.620406 ,       0.039029 ,       0.039210 ,   0.464264
   rocblas_wo_dt ,   SP ,  2400 ,     5 ,  2400 ,    1514.706289 ,       0.034041 ,       0.034158 ,   0.343185
   rocblas_wo_dt ,   SP ,  2500 ,     5 ,  2500 ,    1436.122665 ,       0.038350 ,       0.039220 ,   2.269195
   rocblas_wo_dt ,   SP ,  2600 ,     5 ,  2600 ,    1560.309351 ,       0.038819 ,       0.038979 ,   0.411497
   rocblas_wo_dt ,   SP ,  2700 ,     5 ,  2700 ,    1487.588954 ,       0.043762 ,       0.044100 ,   0.773631
   rocblas_wo_dt ,   SP ,  2800 ,     5 ,  2800 ,    1521.919553 ,       0.046132 ,       0.046320 ,   0.408290
   rocblas_wo_dt ,   SP ,  2900 ,     5 ,  2900 ,    1485.681412 ,       0.050752 ,       0.050950 ,   0.389909
   rocblas_wo_dt ,   SP ,  3000 ,     5 ,  3000 ,    1474.311564 ,       0.053530 ,       0.054991 ,   2.730269
   rocblas_wo_dt ,   SP ,   500 ,     6 ,   500 ,     472.970862 ,       0.005779 ,       0.005810 ,   0.536304
   rocblas_wo_dt ,   SP ,   600 ,     6 ,   600 ,     625.407386 ,       0.006201 ,       0.006261 ,   0.961169
   rocblas_wo_dt ,   SP ,   700 ,     6 ,   700 ,     723.700974 ,       0.007319 ,       0.007460 ,   1.921824
   rocblas_wo_dt ,   SP ,   800 ,     6 ,   800 ,     879.229195 ,       0.007801 ,       0.007920 ,   1.528117
   rocblas_wo_dt ,   SP ,   900 ,     6 ,   900 ,     900.941159 ,       0.008819 ,       0.008960 ,   1.595026
   rocblas_wo_dt ,   SP ,  1000 ,     6 ,  1000 ,    1092.667844 ,       0.010051 ,       0.010067 ,   0.158930
   rocblas_wo_dt ,   SP ,  1100 ,     6 ,  1100 ,    1148.575542 ,       0.011568 ,       0.011590 ,   0.189613
   rocblas_wo_dt ,   SP ,  1200 ,     6 ,  1200 ,    1354.378725 ,       0.011674 ,       0.011697 ,   0.196058
   rocblas_wo_dt ,   SP ,  1300 ,     6 ,  1300 ,    1547.904413 ,       0.011984 ,       0.011999 ,   0.123346
   rocblas_wo_dt ,   SP ,  1400 ,     6 ,  1400 ,     769.475733 ,       0.027849 ,       0.028008 ,   0.571027
   rocblas_wo_dt ,   SP ,  1500 ,     6 ,  1500 ,    1278.476725 ,       0.019021 ,       0.019200 ,   0.940085
   rocblas_wo_dt ,   SP ,  1600 ,     6 ,  1600 ,    1510.278718 ,       0.018320 ,       0.018511 ,   1.041124
   rocblas_wo_dt ,   SP ,  1700 ,     6 ,  1700 ,    1297.423959 ,       0.023508 ,       0.024581 ,   4.563895
   rocblas_wo_dt ,   SP ,  1800 ,     6 ,  1800 ,    1245.238393 ,       0.028466 ,       0.028579 ,   0.397002
   rocblas_wo_dt ,   SP ,  1900 ,     6 ,  1900 ,    1293.105619 ,       0.030160 ,       0.030670 ,   1.691700
   rocblas_wo_dt ,   SP ,  2000 ,     6 ,  2000 ,    1631.568215 ,       0.026140 ,       0.027289 ,   4.396206
   rocblas_wo_dt ,   SP ,  2100 ,     6 ,  2100 ,    1579.369177 ,       0.030129 ,       0.030639 ,   1.693440
   rocblas_wo_dt ,   SP ,  2200 ,     6 ,  2200 ,    1779.769784 ,       0.029230 ,       0.029869 ,   2.185971
   rocblas_wo_dt ,   SP ,  2300 ,     6 ,  2300 ,    1468.839391 ,       0.039330 ,       0.039620 ,   0.739573
   rocblas_wo_dt ,   SP ,  2400 ,     6 ,  2400 ,    1834.855987 ,       0.034208 ,       0.034499 ,   0.850293
   rocblas_wo_dt ,   SP ,  2500 ,     6 ,  2500 ,    1721.507199 ,       0.039792 ,       0.039921 ,   0.323547
   rocblas_wo_dt ,   SP ,  2600 ,     6 ,  2600 ,    1874.856423 ,       0.039489 ,       0.039670 ,   0.458854
   rocblas_wo_dt ,   SP ,  2700 ,     6 ,  2700 ,    1784.040922 ,       0.044689 ,       0.044901 ,   0.474819
   rocblas_wo_dt ,   SP ,  2800 ,     6 ,  2800 ,    1836.951499 ,       0.046711 ,       0.046909 ,   0.423642
   rocblas_wo_dt ,   SP ,  2900 ,     6 ,  2900 ,    1782.331296 ,       0.051701 ,       0.051861 ,   0.308969
   rocblas_wo_dt ,   SP ,  3000 ,     6 ,  3000 ,    1749.008893 ,       0.056422 ,       0.056551 ,   0.228185
   rocblas_wo_dt ,   SP ,   500 ,     7 ,   500 ,     547.819418 ,       0.005901 ,       0.005929 ,   0.484848
   rocblas_wo_dt ,   SP ,   600 ,     7 ,   600 ,     696.709100 ,       0.006640 ,       0.006719 ,   1.184919
   rocblas_wo_dt ,   SP ,   700 ,     7 ,   700 ,     840.666626 ,       0.007460 ,       0.007579 ,   1.597955
   rocblas_wo_dt ,   SP ,   800 ,     7 ,   800 ,    1025.814878 ,       0.007970 ,       0.008039 ,   0.867484
   rocblas_wo_dt ,   SP ,   900 ,     7 ,   900 ,    1045.963542 ,       0.008850 ,       0.009031 ,   2.047414
   rocblas_wo_dt ,   SP ,  1000 ,     7 ,  1000 ,    1273.276547 ,       0.010196 ,       0.010210 ,   0.137963
   rocblas_wo_dt ,   SP ,  1100 ,     7 ,  1100 ,    1339.651722 ,       0.011709 ,       0.011744 ,   0.299322
   rocblas_wo_dt ,   SP ,  1200 ,     7 ,  1200 ,    1604.448725 ,       0.011634 ,       0.011659 ,   0.213128
   rocblas_wo_dt ,   SP ,  1300 ,     7 ,  1300 ,    1804.420698 ,       0.012157 ,       0.012175 ,   0.147085
   rocblas_wo_dt ,   SP ,  1400 ,     7 ,  1400 ,     969.610318 ,       0.025051 ,       0.026271 ,   4.872942
   rocblas_wo_dt ,   SP ,  1500 ,     7 ,  1500 ,    1485.198859 ,       0.018799 ,       0.019531 ,   3.893469
   rocblas_wo_dt ,   SP ,  1600 ,     7 ,  1600 ,    1754.967738 ,       0.018618 ,       0.018761 ,   0.768344
   rocblas_wo_dt ,   SP ,  1700 ,     7 ,  1700 ,    1309.066896 ,       0.028394 ,       0.028716 ,   1.133568
   rocblas_wo_dt ,   SP ,  1800 ,     7 ,  1800 ,    1466.818156 ,       0.028527 ,       0.028739 ,   0.742994
   rocblas_wo_dt ,   SP ,  1900 ,     7 ,  1900 ,    1497.448519 ,       0.030870 ,       0.031340 ,   1.521471
   rocblas_wo_dt ,   SP ,  2000 ,     7 ,  2000 ,    1903.231359 ,       0.026538 ,       0.027580 ,   3.925972
   rocblas_wo_dt ,   SP ,  2100 ,     7 ,  2100 ,    1706.083691 ,       0.033240 ,       0.033531 ,   0.875054
   rocblas_wo_dt ,   SP ,  2200 ,     7 ,  2200 ,    1886.322942 ,       0.031979 ,       0.033481 ,   4.696936
   rocblas_wo_dt ,   SP ,  2300 ,     7 ,  2300 ,    1717.329645 ,       0.039811 ,       0.040021 ,   0.527009
   rocblas_wo_dt ,   SP ,  2400 ,     7 ,  2400 ,    2142.533666 ,       0.034769 ,       0.034921 ,   0.438867
   rocblas_wo_dt ,   SP ,  2500 ,     7 ,  2500 ,    2012.208578 ,       0.040071 ,       0.040340 ,   0.672339
   rocblas_wo_dt ,   SP ,  2600 ,     7 ,  2600 ,    2181.012481 ,       0.039849 ,       0.040278 ,   1.076941
   rocblas_wo_dt ,   SP ,  2700 ,     7 ,  2700 ,    2095.085744 ,       0.044951 ,       0.045209 ,   0.572823
   rocblas_wo_dt ,   SP ,  2800 ,     7 ,  2800 ,    2144.809458 ,       0.046482 ,       0.047512 ,   2.215839
   rocblas_wo_dt ,   SP ,  2900 ,     7 ,  2900 ,    2086.582727 ,       0.051689 ,       0.052381 ,   1.337638
   rocblas_wo_dt ,   SP ,  3000 ,     7 ,  3000 ,    1995.211923 ,       0.058460 ,       0.058620 ,   0.273246
   rocblas_wo_dt ,   SP ,   500 ,     8 ,   500 ,     677.980717 ,       0.005510 ,       0.005519 ,   0.173085
   rocblas_wo_dt ,   SP ,   600 ,     8 ,   600 ,     881.055978 ,       0.005999 ,       0.006020 ,   0.357711
   rocblas_wo_dt ,   SP ,   700 ,     8 ,   700 ,    1003.341481 ,       0.007188 ,       0.007329 ,   1.956882
   rocblas_wo_dt ,   SP ,   800 ,     8 ,   800 ,    1269.797495 ,       0.007410 ,       0.007548 ,   1.866152
   rocblas_wo_dt ,   SP ,   900 ,     8 ,   900 ,    1311.550778 ,       0.008619 ,       0.008721 ,   1.189488
   rocblas_wo_dt ,   SP ,  1000 ,     8 ,  1000 ,    1251.029107 ,       0.009820 ,       0.010099 ,   2.840495
   rocblas_wo_dt ,   SP ,  1100 ,     8 ,  1100 ,    1617.360098 ,       0.011177 ,       0.011212 ,   0.311433
   rocblas_wo_dt ,   SP ,  1200 ,     8 ,  1200 ,    1951.796613 ,       0.011041 ,       0.011066 ,   0.226738
   rocblas_wo_dt ,   SP ,  1300 ,     8 ,  1300 ,    2161.274223 ,       0.011706 ,       0.011727 ,   0.181270
   rocblas_wo_dt ,   SP ,  1400 ,     8 ,  1400 ,    1134.407825 ,       0.025120 ,       0.025470 ,   1.395216
   rocblas_wo_dt ,   SP ,  1500 ,     8 ,  1500 ,    1735.903336 ,       0.019131 ,       0.019259 ,   0.672981
   rocblas_wo_dt ,   SP ,  1600 ,     8 ,  1600 ,    1764.014676 ,       0.021338 ,       0.021794 ,   2.136361
   rocblas_wo_dt ,   SP ,  1700 ,     8 ,  1700 ,    2073.112157 ,       0.020070 ,       0.020971 ,   4.490378
   rocblas_wo_dt ,   SP ,  1800 ,     8 ,  1800 ,    1786.676514 ,       0.027046 ,       0.027206 ,   0.591507
   rocblas_wo_dt ,   SP ,  1900 ,     8 ,  1900 ,    1839.167590 ,       0.028520 ,       0.029531 ,   3.544558
   rocblas_wo_dt ,   SP ,  2000 ,     8 ,  2000 ,    2186.569195 ,       0.026660 ,       0.027401 ,   2.781255
   rocblas_wo_dt ,   SP ,  2100 ,     8 ,  2100 ,    2131.681911 ,       0.030661 ,       0.031049 ,   1.267496
   rocblas_wo_dt ,   SP ,  2200 ,     8 ,  2200 ,    2468.110452 ,       0.028639 ,       0.029390 ,   2.622378
   rocblas_wo_dt ,   SP ,  2300 ,     8 ,  2300 ,    2016.270767 ,       0.039079 ,       0.039380 ,   0.768715
   rocblas_wo_dt ,   SP ,  2400 ,     8 ,  2400 ,    2527.214812 ,       0.033791 ,       0.034189 ,   1.178297
   rocblas_wo_dt ,   SP ,  2500 ,     8 ,  2500 ,    2385.591552 ,       0.039032 ,       0.039310 ,   0.714678
   rocblas_wo_dt ,   SP ,  2600 ,     8 ,  2600 ,    2612.886660 ,       0.038669 ,       0.038800 ,   0.339108
   rocblas_wo_dt ,   SP ,  2700 ,     8 ,  2700 ,    2593.089203 ,       0.041740 ,       0.042140 ,   0.959616
   rocblas_wo_dt ,   SP ,  2800 ,     8 ,  2800 ,    2567.923657 ,       0.045469 ,       0.045800 ,   0.728855
   rocblas_wo_dt ,   SP ,  2900 ,     8 ,  2900 ,    2538.497069 ,       0.049331 ,       0.049691 ,   0.729786
   rocblas_wo_dt ,   SP ,  3000 ,     8 ,  3000 ,    2218.045652 ,       0.060680 ,       0.060802 ,   0.200385
   rocblas_wo_dt ,   SP ,   500 ,     9 ,   500 ,     703.530758 ,       0.006008 ,       0.006032 ,   0.396825
   rocblas_wo_dt ,   SP ,   600 ,     9 ,   600 ,     890.344739 ,       0.006790 ,       0.006871 ,   1.193820
   rocblas_wo_dt ,   SP ,   700 ,     9 ,   700 ,    1055.663015 ,       0.007770 ,       0.007870 ,   1.288739
   rocblas_wo_dt ,   SP ,   800 ,     9 ,   800 ,    1328.939705 ,       0.008080 ,       0.008178 ,   1.209796
   rocblas_wo_dt ,   SP ,   900 ,     9 ,   900 ,    1270.182005 ,       0.009320 ,       0.009532 ,   2.276797
   rocblas_wo_dt ,   SP ,  1000 ,     9 ,  1000 ,    1276.242222 ,       0.011082 ,       0.011292 ,   1.893287
   rocblas_wo_dt ,   SP ,  1100 ,     9 ,  1100 ,    1686.601264 ,       0.012178 ,       0.012197 ,   0.156623
   rocblas_wo_dt ,   SP ,  1200 ,     9 ,  1200 ,    2082.640091 ,       0.011726 ,       0.011751 ,   0.211455
   rocblas_wo_dt ,   SP ,  1300 ,     9 ,  1300 ,    2241.233767 ,       0.012792 ,       0.012822 ,   0.232974
   rocblas_wo_dt ,   SP ,  1400 ,     9 ,  1400 ,    1166.586409 ,       0.028374 ,       0.028558 ,   0.648690
   rocblas_wo_dt ,   SP ,  1500 ,     9 ,  1500 ,    1840.579947 ,       0.020158 ,       0.020640 ,   2.389119
   rocblas_wo_dt ,   SP ,  1600 ,     9 ,  1600 ,    2199.946024 ,       0.019391 ,       0.019619 ,   1.180376
   rocblas_wo_dt ,   SP ,  1700 ,     9 ,  1700 ,    2112.168656 ,       0.022712 ,       0.022998 ,   1.259710
   rocblas_wo_dt ,   SP ,  1800 ,     9 ,  1800 ,    1929.200608 ,       0.028426 ,       0.028524 ,   0.344721
   rocblas_wo_dt ,   SP ,  1900 ,     9 ,  1900 ,    1849.015214 ,       0.032480 ,       0.033200 ,   2.216839
   rocblas_wo_dt ,   SP ,  2000 ,     9 ,  2000 ,    2528.193195 ,       0.026169 ,       0.027180 ,   3.862974
   rocblas_wo_dt ,   SP ,  2100 ,     9 ,  2100 ,    2315.202676 ,       0.031741 ,       0.032389 ,   2.043116
   rocblas_wo_dt ,   SP ,  2200 ,     9 ,  2200 ,    2454.157096 ,       0.032609 ,       0.033500 ,   2.734518
   rocblas_wo_dt ,   SP ,  2300 ,     9 ,  2300 ,    2235.163934 ,       0.039821 ,       0.040190 ,   0.928033
   rocblas_wo_dt ,   SP ,  2400 ,     9 ,  2400 ,    2835.294695 ,       0.034301 ,       0.034511 ,   0.611663
   rocblas_wo_dt ,   SP ,  2500 ,     9 ,  2500 ,    2642.323608 ,       0.039980 ,       0.040152 ,   0.429364
   rocblas_wo_dt ,   SP ,  2600 ,     9 ,  2600 ,    2900.789368 ,       0.039439 ,       0.039570 ,   0.332487
   rocblas_wo_dt ,   SP ,  2700 ,     9 ,  2700 ,    2789.141905 ,       0.044270 ,       0.044370 ,   0.226196
   rocblas_wo_dt ,   SP ,  2800 ,     9 ,  2800 ,    2778.652077 ,       0.047109 ,       0.047979 ,   1.847260
   rocblas_wo_dt ,   SP ,  2900 ,     9 ,  2900 ,    2740.851914 ,       0.051351 ,       0.052199 ,   1.652893
   rocblas_wo_dt ,   SP ,  3000 ,     9 ,  3000 ,    2429.106313 ,       0.062780 ,       0.062919 ,   0.220264
   rocblas_wo_dt ,   SP ,   500 ,    10 ,   500 ,     781.347807 ,       0.006049 ,       0.006070 ,   0.354750
   rocblas_wo_dt ,   SP ,   600 ,    10 ,   600 ,     979.643624 ,       0.006888 ,       0.006981 ,   1.349948
   rocblas_wo_dt ,   SP ,   700 ,    10 ,   700 ,    1170.454425 ,       0.007839 ,       0.007949 ,   1.399027
   rocblas_wo_dt ,   SP ,   800 ,    10 ,   800 ,    1432.233987 ,       0.008199 ,       0.008302 ,   1.250363
   rocblas_wo_dt ,   SP ,   900 ,    10 ,   900 ,    1413.560987 ,       0.009460 ,       0.009608 ,   1.562500
   rocblas_wo_dt ,   SP ,  1000 ,    10 ,  1000 ,    1698.951973 ,       0.011171 ,       0.011184 ,   0.117386
   rocblas_wo_dt ,   SP ,  1100 ,    10 ,  1100 ,    1839.213901 ,       0.012467 ,       0.012502 ,   0.283037
   rocblas_wo_dt ,   SP ,  1200 ,    10 ,  1200 ,    2273.355119 ,       0.012012 ,       0.012034 ,   0.182605
   rocblas_wo_dt ,   SP ,  1300 ,    10 ,  1300 ,    2453.964272 ,       0.013061 ,       0.013082 ,   0.160637
   rocblas_wo_dt ,   SP ,  1400 ,    10 ,  1400 ,    1295.258097 ,       0.028428 ,       0.028721 ,   1.030738
   rocblas_wo_dt ,   SP ,  1500 ,    10 ,  1500 ,    1759.905184 ,       0.023676 ,       0.024311 ,   2.681664
   rocblas_wo_dt ,   SP ,  1600 ,    10 ,  1600 ,    2372.744841 ,       0.019729 ,       0.020480 ,   3.806647
   rocblas_wo_dt ,   SP ,  1700 ,    10 ,  1700 ,    2294.738040 ,       0.023289 ,       0.023530 ,   1.033988
   rocblas_wo_dt ,   SP ,  1800 ,    10 ,  1800 ,    2273.670903 ,       0.025890 ,       0.026209 ,   1.233999
   rocblas_wo_dt ,   SP ,  1900 ,    10 ,  1900 ,    2052.999984 ,       0.032539 ,       0.033519 ,   3.011430
   rocblas_wo_dt ,   SP ,  2000 ,    10 ,  2000 ,    2747.597065 ,       0.026591 ,       0.027840 ,   4.698287
   rocblas_wo_dt ,   SP ,  2100 ,    10 ,  2100 ,    2486.364542 ,       0.033121 ,       0.033579 ,   1.382090
   rocblas_wo_dt ,   SP ,  2200 ,    10 ,  2200 ,    2666.421601 ,       0.034208 ,       0.034521 ,   0.913019
   rocblas_wo_dt ,   SP ,  2300 ,    10 ,  2300 ,    2456.759620 ,       0.040681 ,       0.040879 ,   0.486433
   rocblas_wo_dt ,   SP ,  2400 ,    10 ,  2400 ,    3090.874055 ,       0.035081 ,       0.035379 ,   0.849531
   rocblas_wo_dt ,   SP ,  2500 ,    10 ,  2500 ,    2875.940436 ,       0.040920 ,       0.041261 ,   0.833188
   rocblas_wo_dt ,   SP ,  2600 ,    10 ,  2600 ,    3138.974998 ,       0.040729 ,       0.040870 ,   0.345373
   rocblas_wo_dt ,   SP ,  2700 ,    10 ,  2700 ,    3040.005463 ,       0.045409 ,       0.045559 ,   0.330778
   rocblas_wo_dt ,   SP ,  2800 ,    10 ,  2800 ,    3054.279649 ,       0.048420 ,       0.048740 ,   0.659806
   rocblas_wo_dt ,   SP ,  2900 ,    10 ,  2900 ,    3008.724804 ,       0.052030 ,       0.053191 ,   2.231591
   rocblas_wo_dt ,   SP ,  3000 ,    10 ,  3000 ,    2625.449132 ,       0.064890 ,       0.065112 ,   0.341698
   rocblas_wo_dt ,   SP ,   500 ,    11 ,   500 ,     840.833490 ,       0.006170 ,       0.006239 ,   1.120556
   rocblas_wo_dt ,   SP ,   600 ,    11 ,   600 ,    1072.646781 ,       0.006959 ,       0.007041 ,   1.164782
   rocblas_wo_dt ,   SP ,   700 ,    11 ,   700 ,    1286.848576 ,       0.007899 ,       0.007999 ,   1.267733
   rocblas_wo_dt ,   SP ,   800 ,    11 ,   800 ,    1552.564325 ,       0.008340 ,       0.008450 ,   1.315037
   rocblas_wo_dt ,   SP ,   900 ,    11 ,   900 ,    1595.922404 ,       0.009420 ,       0.009580 ,   1.695773
   rocblas_wo_dt ,   SP ,  1000 ,    11 ,  1000 ,    1873.370399 ,       0.011174 ,       0.011211 ,   0.330723
   rocblas_wo_dt ,   SP ,  1100 ,    11 ,  1100 ,    1971.566116 ,       0.012846 ,       0.012888 ,   0.326652
   rocblas_wo_dt ,   SP ,  1200 ,    11 ,  1200 ,    2401.457234 ,       0.012573 ,       0.012591 ,   0.142221
   rocblas_wo_dt ,   SP ,  1300 ,    11 ,  1300 ,    2499.479404 ,       0.014068 ,       0.014193 ,   0.888045
   rocblas_wo_dt ,   SP ,  1400 ,    11 ,  1400 ,    1426.847398 ,       0.028704 ,       0.028816 ,   0.390388
   rocblas_wo_dt ,   SP ,  1500 ,    11 ,  1500 ,    1943.456155 ,       0.023160 ,       0.024040 ,   3.798641
   rocblas_wo_dt ,   SP ,  1600 ,    11 ,  1600 ,    2525.629175 ,       0.020700 ,       0.021241 ,   2.614605
   rocblas_wo_dt ,   SP ,  1700 ,    11 ,  1700 ,    2114.493762 ,       0.028558 ,       0.028699 ,   0.493400
   rocblas_wo_dt ,   SP ,  1800 ,    11 ,  1800 ,    2362.513274 ,       0.028682 ,       0.028808 ,   0.438899
   rocblas_wo_dt ,   SP ,  1900 ,    11 ,  1900 ,    2270.532938 ,       0.032959 ,       0.033269 ,   0.940394
   rocblas_wo_dt ,   SP ,  2000 ,    11 ,  2000 ,    2914.709215 ,       0.027912 ,       0.028789 ,   3.143419
   rocblas_wo_dt ,   SP ,  2100 ,    11 ,  2100 ,    2665.955042 ,       0.034480 ,       0.034750 ,   0.781358
   rocblas_wo_dt ,   SP ,  2200 ,    11 ,  2200 ,    2847.828274 ,       0.035529 ,       0.035679 ,   0.422762
   rocblas_wo_dt ,   SP ,  2300 ,    11 ,  2300 ,    2668.918158 ,       0.041349 ,       0.041602 ,   0.611198
   rocblas_wo_dt ,   SP ,  2400 ,    11 ,  2400 ,    3314.391475 ,       0.036252 ,       0.036480 ,   0.631371
   rocblas_wo_dt ,   SP ,  2500 ,    11 ,  2500 ,    3119.649981 ,       0.041769 ,       0.042050 ,   0.673554
   rocblas_wo_dt ,   SP ,  2600 ,    11 ,  2600 ,    3350.153400 ,       0.042109 ,       0.042369 ,   0.617144
   rocblas_wo_dt ,   SP ,  2700 ,    11 ,  2700 ,    3310.326505 ,       0.046051 ,       0.046239 ,   0.409009
   rocblas_wo_dt ,   SP ,  2800 ,    11 ,  2800 ,    3344.764712 ,       0.049000 ,       0.049179 ,   0.364928
   rocblas_wo_dt ,   SP ,  2900 ,    11 ,  2900 ,    3274.801281 ,       0.053680 ,       0.053859 ,   0.333111
   rocblas_wo_dt ,   SP ,  3000 ,    11 ,  3000 ,    2815.363256 ,       0.066960 ,       0.067091 ,   0.195834
   rocblas_wo_dt ,   SP ,   500 ,    12 ,   500 ,     855.318742 ,       0.006649 ,       0.006719 ,   1.039799
   rocblas_wo_dt ,   SP ,   600 ,    12 ,   600 ,    1157.953602 ,       0.007031 ,       0.007160 ,   1.831129
   rocblas_wo_dt ,   SP ,   700 ,    12 ,   700 ,    1381.443600 ,       0.008080 ,       0.008140 ,   0.737681
   rocblas_wo_dt ,   SP ,   800 ,    12 ,   800 ,    1697.537950 ,       0.008481 ,       0.008578 ,   1.152657
   rocblas_wo_dt ,   SP ,   900 ,    12 ,   900 ,    1745.993529 ,       0.009382 ,       0.009611 ,   2.439644
   rocblas_wo_dt ,   SP ,  1000 ,    12 ,  1000 ,    2053.223246 ,       0.011178 ,       0.011196 ,   0.159969
   rocblas_wo_dt ,   SP ,  1100 ,    12 ,  1100 ,    2045.852182 ,       0.013474 ,       0.013594 ,   0.888260
   rocblas_wo_dt ,   SP ,  1200 ,    12 ,  1200 ,    2603.019748 ,       0.012669 ,       0.012719 ,   0.393316
   rocblas_wo_dt ,   SP ,  1300 ,    12 ,  1300 ,    2206.119241 ,       0.017259 ,       0.017350 ,   0.524934
   rocblas_wo_dt ,   SP ,  1400 ,    12 ,  1400 ,    1672.296495 ,       0.026579 ,       0.026870 ,   1.094367
   rocblas_wo_dt ,   SP ,  1500 ,    12 ,  1500 ,    2062.812013 ,       0.024121 ,       0.024972 ,   3.528714
   rocblas_wo_dt ,   SP ,  1600 ,    12 ,  1600 ,    2707.752190 ,       0.021000 ,       0.021720 ,   3.428701
   rocblas_wo_dt ,   SP ,  1700 ,    12 ,  1700 ,    2310.754333 ,       0.028573 ,       0.028779 ,   0.720937
   rocblas_wo_dt ,   SP ,  1800 ,    12 ,  1800 ,    2766.512962 ,       0.026062 ,       0.026550 ,   1.875400
   rocblas_wo_dt ,   SP ,  1900 ,    12 ,  1900 ,    2488.634866 ,       0.033040 ,       0.033259 ,   0.663876
   rocblas_wo_dt ,   SP ,  2000 ,    12 ,  2000 ,    3016.756191 ,       0.030391 ,       0.030486 ,   0.313017
   rocblas_wo_dt ,   SP ,  2100 ,    12 ,  2100 ,    2842.823851 ,       0.035100 ,       0.035710 ,   1.738894
   rocblas_wo_dt ,   SP ,  2200 ,    12 ,  2200 ,    3014.188606 ,       0.036671 ,       0.036910 ,   0.650153
   rocblas_wo_dt ,   SP ,  2300 ,    12 ,  2300 ,    2877.670887 ,       0.041981 ,       0.042288 ,   0.732622
   rocblas_wo_dt ,   SP ,  2400 ,    12 ,  2400 ,    3582.626492 ,       0.036471 ,       0.036991 ,   1.425116
   rocblas_wo_dt ,   SP ,  2500 ,    12 ,  2500 ,    3361.258375 ,       0.042560 ,       0.042689 ,   0.302504
   rocblas_wo_dt ,   SP ,  2600 ,    12 ,  2600 ,    3605.897552 ,       0.042770 ,       0.043099 ,   0.769274
   rocblas_wo_dt ,   SP ,  2700 ,    12 ,  2700 ,    3612.757408 ,       0.046158 ,       0.046389 ,   0.501033
   rocblas_wo_dt ,   SP ,  2800 ,    12 ,  2800 ,    3650.158945 ,       0.049112 ,       0.049400 ,   0.587407
   rocblas_wo_dt ,   SP ,  2900 ,    12 ,  2900 ,    3575.409478 ,       0.053880 ,       0.054090 ,   0.389398
   rocblas_wo_dt ,   SP ,  3000 ,    12 ,  3000 ,    2981.285486 ,       0.069289 ,       0.069420 ,   0.189251
   rocblas_wo_dt ,   SP ,   500 ,    13 ,   500 ,     908.179692 ,       0.006850 ,       0.006881 ,   0.452489
   rocblas_wo_dt ,   SP ,   600 ,    13 ,   600 ,    1231.641965 ,       0.007222 ,       0.007310 ,   1.221525
   rocblas_wo_dt ,   SP ,   700 ,    13 ,   700 ,    1490.815921 ,       0.008090 ,       0.008230 ,   1.738874
   rocblas_wo_dt ,   SP ,   800 ,    13 ,   800 ,    1813.702339 ,       0.008700 ,       0.008819 ,   1.370238
   rocblas_wo_dt ,   SP ,   900 ,    13 ,   900 ,    1809.272754 ,       0.009489 ,       0.009680 ,   2.010050
   rocblas_wo_dt ,   SP ,  1000 ,    13 ,  1000 ,    1856.135999 ,       0.011261 ,       0.011621 ,   3.197120
   rocblas_wo_dt ,   SP ,  1100 ,    13 ,  1100 ,    1942.430495 ,       0.015332 ,       0.015577 ,   1.598582
   rocblas_wo_dt ,   SP ,  1200 ,    13 ,  1200 ,    2809.732295 ,       0.012763 ,       0.012814 ,   0.399761
   rocblas_wo_dt ,   SP ,  1300 ,    13 ,  1300 ,    2349.686461 ,       0.017228 ,       0.017610 ,   2.214226
   rocblas_wo_dt ,   SP ,  1400 ,    13 ,  1400 ,    1813.376250 ,       0.026779 ,       0.026970 ,   0.712251
   rocblas_wo_dt ,   SP ,  1500 ,    13 ,  1500 ,    1977.488651 ,       0.028254 ,       0.028454 ,   0.708831
   rocblas_wo_dt ,   SP ,  1600 ,    13 ,  1600 ,    2914.852111 ,       0.021410 ,       0.021880 ,   2.193764
   rocblas_wo_dt ,   SP ,  1700 ,    13 ,  1700 ,    2660.375783 ,       0.026121 ,       0.027161 ,   3.979555
   rocblas_wo_dt ,   SP ,  1800 ,    13 ,  1800 ,    2989.604930 ,       0.026309 ,       0.026598 ,   1.096511
   rocblas_wo_dt ,   SP ,  1900 ,    13 ,  1900 ,    2685.420898 ,       0.033181 ,       0.033560 ,   1.142488
   rocblas_wo_dt ,   SP ,  2000 ,    13 ,  2000 ,    3339.761367 ,       0.029140 ,       0.030010 ,   2.986418
   rocblas_wo_dt ,   SP ,  2100 ,    13 ,  2100 ,    3008.701236 ,       0.036461 ,       0.036600 ,   0.379258
   rocblas_wo_dt ,   SP ,  2200 ,    13 ,  2200 ,    3192.194330 ,       0.036910 ,       0.037899 ,   2.680705
   rocblas_wo_dt ,   SP ,  2300 ,    13 ,  2300 ,    3089.439253 ,       0.042410 ,       0.042810 ,   0.944457
   rocblas_wo_dt ,   SP ,  2400 ,    13 ,  2400 ,    3836.179608 ,       0.037291 ,       0.037541 ,   0.671313
   rocblas_wo_dt ,   SP ,  2500 ,    13 ,  2500 ,    3592.005069 ,       0.042579 ,       0.043561 ,   2.306960
   rocblas_wo_dt ,   SP ,  2600 ,    13 ,  2600 ,    3867.076154 ,       0.043471 ,       0.043709 ,   0.548456
   rocblas_wo_dt ,   SP ,  2700 ,    13 ,  2700 ,    3920.965534 ,       0.046120 ,       0.046461 ,   0.739247
   rocblas_wo_dt ,   SP ,  2800 ,    13 ,  2800 ,    3958.227661 ,       0.049310 ,       0.049498 ,   0.381975
   rocblas_wo_dt ,   SP ,  2900 ,    13 ,  2900 ,    3891.056704 ,       0.053780 ,       0.054018 ,   0.443321
   rocblas_wo_dt ,   SP ,  3000 ,    13 ,  3000 ,    3160.241146 ,       0.070989 ,       0.071142 ,   0.214945
   rocblas_wo_dt ,   SP ,   500 ,    14 ,   500 ,     965.411759 ,       0.006950 ,       0.006979 ,   0.411664
   rocblas_wo_dt ,   SP ,   600 ,    14 ,   600 ,    1313.265476 ,       0.007288 ,       0.007410 ,   1.668302
   rocblas_wo_dt ,   SP ,   700 ,    14 ,   700 ,    1581.378387 ,       0.008240 ,       0.008359 ,   1.446759
   rocblas_wo_dt ,   SP ,   800 ,    14 ,   800 ,    1837.112078 ,       0.008869 ,       0.009019 ,   1.693548
   rocblas_wo_dt ,   SP ,   900 ,    14 ,   900 ,    2004.567654 ,       0.009611 ,       0.009758 ,   1.538080
   rocblas_wo_dt ,   SP ,  1000 ,    14 ,  1000 ,    2419.484537 ,       0.011138 ,       0.011159 ,   0.186228
   rocblas_wo_dt ,   SP ,  1100 ,    14 ,  1100 ,    1930.699404 ,       0.016644 ,       0.016921 ,   1.664518
   rocblas_wo_dt ,   SP ,  1200 ,    14 ,  1200 ,    3011.114667 ,       0.012871 ,       0.012914 ,   0.333426
   rocblas_wo_dt ,   SP ,  1300 ,    14 ,  1300 ,    2518.233012 ,       0.017390 ,       0.017731 ,   1.960515
   rocblas_wo_dt ,   SP ,  1400 ,    14 ,  1400 ,    1836.304503 ,       0.028079 ,       0.028801 ,   2.571069
   rocblas_wo_dt ,   SP ,  1500 ,    14 ,  1500 ,    2138.736822 ,       0.028245 ,       0.028375 ,   0.460884
   rocblas_wo_dt ,   SP ,  1600 ,    14 ,  1600 ,    2870.336075 ,       0.023852 ,       0.024093 ,   1.010565
   rocblas_wo_dt ,   SP ,  1700 ,    14 ,  1700 ,    2855.360315 ,       0.027120 ,       0.027261 ,   0.518681
   rocblas_wo_dt ,   SP ,  1800 ,    14 ,  1800 ,    3178.725867 ,       0.026560 ,       0.027459 ,   3.384201
   rocblas_wo_dt ,   SP ,  1900 ,    14 ,  1900 ,    2881.891194 ,       0.033309 ,       0.033791 ,   1.445852
   rocblas_wo_dt ,   SP ,  2000 ,    14 ,  2000 ,    3551.532087 ,       0.029910 ,       0.030420 ,   1.705859
   rocblas_wo_dt ,   SP ,  2100 ,    14 ,  2100 ,    3160.195301 ,       0.037301 ,       0.037651 ,   0.939597
   rocblas_wo_dt ,   SP ,  2200 ,    14 ,  2200 ,    3359.377460 ,       0.038090 ,       0.038900 ,   2.128192
   rocblas_wo_dt ,   SP ,  2300 ,    14 ,  2300 ,    3311.629530 ,       0.042899 ,       0.043108 ,   0.489079
   rocblas_wo_dt ,   SP ,  2400 ,    14 ,  2400 ,    4094.027715 ,       0.037649 ,       0.037971 ,   0.854917
   rocblas_wo_dt ,   SP ,  2500 ,    14 ,  2500 ,    3813.753552 ,       0.043960 ,       0.044239 ,   0.634559
   rocblas_wo_dt ,   SP ,  2600 ,    14 ,  2600 ,    4130.734024 ,       0.044031 ,       0.044169 ,   0.314057
   rocblas_wo_dt ,   SP ,  2700 ,    14 ,  2700 ,    4200.189980 ,       0.046530 ,       0.046859 ,   0.707112
   rocblas_wo_dt ,   SP ,  2800 ,    14 ,  2800 ,    4232.641259 ,       0.049760 ,       0.049980 ,   0.440803
   rocblas_wo_dt ,   SP ,  2900 ,    14 ,  2900 ,    4201.829143 ,       0.053399 ,       0.054021 ,   1.165335
   rocblas_wo_dt ,   SP ,  3000 ,    14 ,  3000 ,    3299.229375 ,       0.073528 ,       0.073619 ,   0.123217
   rocblas_wo_dt ,   SP ,   500 ,    15 ,   500 ,    1009.993325 ,       0.007131 ,       0.007172 ,   0.568372
   rocblas_wo_dt ,   SP ,   600 ,    15 ,   600 ,    1373.501533 ,       0.007520 ,       0.007601 ,   1.077996
   rocblas_wo_dt ,   SP ,   700 ,    15 ,   700 ,    1653.059368 ,       0.008500 ,       0.008590 ,   1.065919
   rocblas_wo_dt ,   SP ,   800 ,    15 ,   800 ,    1971.915990 ,       0.009170 ,       0.009320 ,   1.638066
   rocblas_wo_dt ,   SP ,   900 ,    15 ,   900 ,    2145.367093 ,       0.009708 ,       0.009880 ,   1.768173
   rocblas_wo_dt ,   SP ,  1000 ,    15 ,  1000 ,    2592.419662 ,       0.011165 ,       0.011185 ,   0.179376
   rocblas_wo_dt ,   SP ,  1100 ,    15 ,  1100 ,    1957.837269 ,       0.017140 ,       0.017829 ,   4.020030
   rocblas_wo_dt ,   SP ,  1200 ,    15 ,  1200 ,    3117.290074 ,       0.013229 ,       0.013387 ,   1.193072
   rocblas_wo_dt ,   SP ,  1300 ,    15 ,  1300 ,    2640.956028 ,       0.018048 ,       0.018139 ,   0.501981
   rocblas_wo_dt ,   SP ,  1400 ,    15 ,  1400 ,    2263.595623 ,       0.024681 ,       0.024951 ,   1.091576
   rocblas_wo_dt ,   SP ,  1500 ,    15 ,  1500 ,    2288.849332 ,       0.028403 ,       0.028490 ,   0.306385
   rocblas_wo_dt ,   SP ,  1600 ,    15 ,  1600 ,    2878.238034 ,       0.025519 ,       0.025816 ,   1.164116
   rocblas_wo_dt ,   SP ,  1700 ,    15 ,  1700 ,    3091.695974 ,       0.026550 ,       0.026801 ,   0.942888
   rocblas_wo_dt ,   SP ,  1800 ,    15 ,  1800 ,    3452.524089 ,       0.026350 ,       0.027180 ,   3.148751
   rocblas_wo_dt ,   SP ,  1900 ,    15 ,  1900 ,    3034.938202 ,       0.034111 ,       0.034518 ,   1.195219
   rocblas_wo_dt ,   SP ,  2000 ,    15 ,  2000 ,    3717.700602 ,       0.030770 ,       0.031211 ,   1.433442
   rocblas_wo_dt ,   SP ,  2100 ,    15 ,  2100 ,    3318.727845 ,       0.038049 ,       0.038540 ,   1.290808
   rocblas_wo_dt ,   SP ,  2200 ,    15 ,  2200 ,    3521.935692 ,       0.039670 ,       0.039818 ,   0.372619
   rocblas_wo_dt ,   SP ,  2300 ,    15 ,  2300 ,    3506.844974 ,       0.043519 ,       0.043709 ,   0.438284
   rocblas_wo_dt ,   SP ,  2400 ,    15 ,  2400 ,    4295.633949 ,       0.038650 ,       0.038900 ,   0.647708
   rocblas_wo_dt ,   SP ,  2500 ,    15 ,  2500 ,    4040.794800 ,       0.044589 ,       0.044849 ,   0.582825
   rocblas_wo_dt ,   SP ,  2600 ,    15 ,  2600 ,    4344.931496 ,       0.044899 ,       0.045092 ,   0.430119
   rocblas_wo_dt ,   SP ,  2700 ,    15 ,  2700 ,    4428.733661 ,       0.047152 ,       0.047700 ,   1.162967
   rocblas_wo_dt ,   SP ,  2800 ,    15 ,  2800 ,    4472.834101 ,       0.050552 ,       0.050831 ,   0.551809
   rocblas_wo_dt ,   SP ,  2900 ,    15 ,  2900 ,    4427.532572 ,       0.054801 ,       0.055091 ,   0.530781
   rocblas_wo_dt ,   SP ,  3000 ,    15 ,  3000 ,    3451.926561 ,       0.075459 ,       0.075560 ,   0.132701
   rocblas_wo_dt ,   SP ,   500 ,    16 ,   500 ,    1124.272492 ,       0.006859 ,       0.006890 ,   0.451860
   rocblas_wo_dt ,   SP ,   600 ,    16 ,   600 ,    1479.850403 ,       0.007410 ,       0.007548 ,   1.866152
   rocblas_wo_dt ,   SP ,   700 ,    16 ,   700 ,    1783.164035 ,       0.008440 ,       0.008521 ,   0.960452
   rocblas_wo_dt ,   SP ,   800 ,    16 ,   800 ,    2032.011060 ,       0.009279 ,       0.009379 ,   1.079137
   rocblas_wo_dt ,   SP ,   900 ,    16 ,   900 ,    2334.796123 ,       0.009429 ,       0.009592 ,   1.719343
   rocblas_wo_dt ,   SP ,  1000 ,    16 ,  1000 ,    2911.082996 ,       0.010630 ,       0.010649 ,   0.177186
   rocblas_wo_dt ,   SP ,  1100 ,    16 ,  1100 ,    3090.159967 ,       0.012106 ,       0.012138 ,   0.261930
   rocblas_wo_dt ,   SP ,  1200 ,    16 ,  1200 ,    3682.722346 ,       0.012065 ,       0.012114 ,   0.405106
   rocblas_wo_dt ,   SP ,  1300 ,    16 ,  1300 ,    2970.230977 ,       0.016980 ,       0.017440 ,   2.709913
   rocblas_wo_dt ,   SP ,  1400 ,    16 ,  1400 ,    2249.311557 ,       0.025630 ,       0.026791 ,   4.530232
   rocblas_wo_dt ,   SP ,  1500 ,    16 ,  1500 ,    2441.828383 ,       0.028034 ,       0.028591 ,   1.986682
   rocblas_wo_dt ,   SP ,  1600 ,    16 ,  1600 ,    3881.804227 ,       0.019960 ,       0.020370 ,   2.054467
   rocblas_wo_dt ,   SP ,  1700 ,    16 ,  1700 ,    3127.699412 ,       0.028448 ,       0.028594 ,   0.512906
   rocblas_wo_dt ,   SP ,  1800 ,    16 ,  1800 ,    3489.935098 ,       0.028611 ,       0.028782 ,   0.598318
   rocblas_wo_dt ,   SP ,  1900 ,    16 ,  1900 ,    3306.934860 ,       0.033090 ,       0.033960 ,   2.629873
   rocblas_wo_dt ,   SP ,  2000 ,    16 ,  2000 ,    4200.012754 ,       0.028839 ,       0.029511 ,   2.331349
   rocblas_wo_dt ,   SP ,  2100 ,    16 ,  2100 ,    3906.170214 ,       0.034549 ,       0.034990 ,   1.276654
   rocblas_wo_dt ,   SP ,  2200 ,    16 ,  2200 ,    4252.575045 ,       0.035021 ,       0.035288 ,   0.762475
   rocblas_wo_dt ,   SP ,  2300 ,    16 ,  2300 ,    3888.315445 ,       0.041800 ,       0.042191 ,   0.935432
   rocblas_wo_dt ,   SP ,  2400 ,    16 ,  2400 ,    4865.954071 ,       0.036418 ,       0.036719 ,   0.824877
   rocblas_wo_dt ,   SP ,  2500 ,    16 ,  2500 ,    4578.289713 ,       0.041850 ,       0.042269 ,   1.002678
   rocblas_wo_dt ,   SP ,  2600 ,    16 ,  2600 ,    4953.427048 ,       0.041988 ,       0.042238 ,   0.596218
   rocblas_wo_dt ,   SP ,  2700 ,    16 ,  2700 ,    4980.531835 ,       0.044539 ,       0.045438 ,   2.018093
   rocblas_wo_dt ,   SP ,  2800 ,    16 ,  2800 ,    5001.350383 ,       0.048330 ,       0.048580 ,   0.517981
   rocblas_wo_dt ,   SP ,  2900 ,    16 ,  2900 ,    4928.749206 ,       0.052640 ,       0.052879 ,   0.452919
   rocblas_wo_dt ,   SP ,  3000 ,    16 ,  3000 ,    4315.888166 ,       0.064421 ,       0.064590 ,   0.262768
   rocblas_wo_dt ,   SP ,   500 ,    17 ,   500 ,    1085.173990 ,       0.007570 ,       0.007598 ,   0.377953
   rocblas_wo_dt ,   SP ,   600 ,    17 ,   600 ,    1478.266934 ,       0.007970 ,       0.008030 ,   0.747831
   rocblas_wo_dt ,   SP ,   700 ,    17 ,   700 ,    1751.342084 ,       0.009151 ,       0.009241 ,   0.990099
   rocblas_wo_dt ,   SP ,   800 ,    17 ,   800 ,    1976.510851 ,       0.010080 ,       0.010240 ,   1.584674
   rocblas_wo_dt ,   SP ,   900 ,    17 ,   900 ,    2625.306257 ,       0.010167 ,       0.010182 ,   0.147735
   rocblas_wo_dt ,   SP ,  1000 ,    17 ,  1000 ,    2782.589101 ,       0.011843 ,       0.011859 ,   0.134882
   rocblas_wo_dt ,   SP ,  1100 ,    17 ,  1100 ,    2710.723557 ,       0.014449 ,       0.014749 ,   2.075771
   rocblas_wo_dt ,   SP ,  1200 ,    17 ,  1200 ,    3584.929803 ,       0.013187 ,       0.013254 ,   0.508046
   rocblas_wo_dt ,   SP ,  1300 ,    17 ,  1300 ,    3045.726127 ,       0.017719 ,       0.017970 ,   1.412809
   rocblas_wo_dt ,   SP ,  1400 ,    17 ,  1400 ,    2237.228442 ,       0.028829 ,       0.028894 ,   0.224946
   rocblas_wo_dt ,   SP ,  1500 ,    17 ,  1500 ,    2573.289331 ,       0.028669 ,       0.028787 ,   0.412488
   rocblas_wo_dt ,   SP ,  1600 ,    17 ,  1600 ,    2959.659842 ,       0.028301 ,       0.028563 ,   0.924998
   rocblas_wo_dt ,   SP ,  1700 ,    17 ,  1700 ,    3523.494922 ,       0.026031 ,       0.026579 ,   2.106613
   rocblas_wo_dt ,   SP ,  1800 ,    17 ,  1800 ,    3933.470699 ,       0.026710 ,       0.026951 ,   0.901544
   rocblas_wo_dt ,   SP ,  1900 ,    17 ,  1900 ,    3453.657954 ,       0.034220 ,       0.034490 ,   0.787292
   rocblas_wo_dt ,   SP ,  2000 ,    17 ,  2000 ,    4198.792576 ,       0.031009 ,       0.031431 ,   1.360910
   rocblas_wo_dt ,   SP ,  2100 ,    17 ,  2100 ,    3947.214388 ,       0.036628 ,       0.036840 ,   0.579314
   rocblas_wo_dt ,   SP ,  2200 ,    17 ,  2200 ,    4179.737929 ,       0.038061 ,       0.038199 ,   0.363317
   rocblas_wo_dt ,   SP ,  2300 ,    17 ,  2300 ,    4027.318593 ,       0.043111 ,       0.043340 ,   0.530915
   rocblas_wo_dt ,   SP ,  2400 ,    17 ,  2400 ,    4999.036792 ,       0.037630 ,       0.038018 ,   1.032757
   rocblas_wo_dt ,   SP ,  2500 ,    17 ,  2500 ,    4736.975799 ,       0.043299 ,       0.043521 ,   0.512086
   rocblas_wo_dt ,   SP ,  2600 ,    17 ,  2600 ,    5218.039643 ,       0.042560 ,       0.042701 ,   0.330514
   rocblas_wo_dt ,   SP ,  2700 ,    17 ,  2700 ,    5110.361525 ,       0.046699 ,       0.047061 ,   0.776025
   rocblas_wo_dt ,   SP ,  2800 ,    17 ,  2800 ,    5086.870498 ,       0.050528 ,       0.050819 ,   0.575662
   rocblas_wo_dt ,   SP ,  2900 ,    17 ,  2900 ,    5071.781937 ,       0.054491 ,       0.054679 ,   0.345657
   rocblas_wo_dt ,   SP ,  3000 ,    17 ,  3000 ,    3883.821892 ,       0.076292 ,       0.076461 ,   0.221882
   rocblas_wo_dt ,   SP ,   500 ,    18 ,   500 ,    1144.443517 ,       0.007601 ,       0.007639 ,   0.501882
   rocblas_wo_dt ,   SP ,   600 ,    18 ,   600 ,    1535.401288 ,       0.008149 ,       0.008199 ,   0.614394
   rocblas_wo_dt ,   SP ,   700 ,    18 ,   700 ,    1811.972368 ,       0.009370 ,       0.009451 ,   0.865140
   rocblas_wo_dt ,   SP ,   800 ,    18 ,   800 ,    2023.544096 ,       0.010428 ,       0.010540 ,   1.074531
   rocblas_wo_dt ,   SP ,   900 ,    18 ,   900 ,    2318.375737 ,       0.010400 ,       0.010540 ,   1.352591
   rocblas_wo_dt ,   SP ,  1000 ,    18 ,  1000 ,    2902.591159 ,       0.012030 ,       0.012059 ,   0.239803
   rocblas_wo_dt ,   SP ,  1100 ,    18 ,  1100 ,    2474.218158 ,       0.016937 ,       0.017102 ,   0.974113
   rocblas_wo_dt ,   SP ,  1200 ,    18 ,  1200 ,    3367.502017 ,       0.014810 ,       0.014970 ,   1.078592
   rocblas_wo_dt ,   SP ,  1300 ,    18 ,  1300 ,    3175.829756 ,       0.018170 ,       0.018299 ,   0.708568
   rocblas_wo_dt ,   SP ,  1400 ,    18 ,  1400 ,    2361.132991 ,       0.028879 ,       0.029050 ,   0.592766
   rocblas_wo_dt ,   SP ,  1500 ,    18 ,  1500 ,    2734.316112 ,       0.028574 ,       0.028778 ,   0.714238
   rocblas_wo_dt ,   SP ,  1600 ,    18 ,  1600 ,    3125.408851 ,       0.028386 ,       0.028668 ,   0.994465
   rocblas_wo_dt ,   SP ,  1700 ,    18 ,  1700 ,    3648.678945 ,       0.026650 ,       0.027502 ,   3.193774
   rocblas_wo_dt ,   SP ,  1800 ,    18 ,  1800 ,    4140.785717 ,       0.027061 ,       0.027261 ,   0.740088
   rocblas_wo_dt ,   SP ,  1900 ,    18 ,  1900 ,    3658.560900 ,       0.034299 ,       0.034480 ,   0.528291
   rocblas_wo_dt ,   SP ,  2000 ,    18 ,  2000 ,    4324.122188 ,       0.032060 ,       0.032401 ,   1.063434
   rocblas_wo_dt ,   SP ,  2100 ,    18 ,  2100 ,    4187.642095 ,       0.036650 ,       0.036860 ,   0.572469
   rocblas_wo_dt ,   SP ,  2200 ,    18 ,  2200 ,    4429.913403 ,       0.038030 ,       0.038218 ,   0.495267
   rocblas_wo_dt ,   SP ,  2300 ,    18 ,  2300 ,    4313.786531 ,       0.042651 ,       0.042930 ,   0.654033
   rocblas_wo_dt ,   SP ,  2400 ,    18 ,  2400 ,    5262.527803 ,       0.037649 ,       0.038438 ,   2.096131
   rocblas_wo_dt ,   SP ,  2500 ,    18 ,  2500 ,    4998.643275 ,       0.043361 ,       0.043759 ,   0.918238
   rocblas_wo_dt ,   SP ,  2600 ,    18 ,  2600 ,    5492.832660 ,       0.042930 ,       0.043049 ,   0.277685
   rocblas_wo_dt ,   SP ,  2700 ,    18 ,  2700 ,    5339.664045 ,       0.047469 ,       0.047750 ,   0.592667
   rocblas_wo_dt ,   SP ,  2800 ,    18 ,  2800 ,    5322.404964 ,       0.050859 ,       0.051608 ,   1.471967
   rocblas_wo_dt ,   SP ,  2900 ,    18 ,  2900 ,    5351.020684 ,       0.054731 ,       0.055020 ,   0.527095
   rocblas_wo_dt ,   SP ,  3000 ,    18 ,  3000 ,    4025.377381 ,       0.077651 ,       0.078270 ,   0.798305
   rocblas_wo_dt ,   SP ,   500 ,    19 ,   500 ,    1195.222583 ,       0.007708 ,       0.007730 ,   0.278379
   rocblas_wo_dt ,   SP ,   600 ,    19 ,   600 ,    1588.982180 ,       0.008349 ,       0.008380 ,   0.371216
   rocblas_wo_dt ,   SP ,   700 ,    19 ,   700 ,    1878.417977 ,       0.009551 ,       0.009651 ,   1.048427
   rocblas_wo_dt ,   SP ,   800 ,    19 ,   800 ,    2107.594636 ,       0.010679 ,       0.010800 ,   1.138647
   rocblas_wo_dt ,   SP ,   900 ,    19 ,   900 ,    2449.862684 ,       0.010281 ,       0.010750 ,   4.568645
   rocblas_wo_dt ,   SP ,  1000 ,    19 ,  1000 ,    3035.112924 ,       0.012165 ,       0.012182 ,   0.139150
   rocblas_wo_dt ,   SP ,  1100 ,    19 ,  1100 ,    2477.061792 ,       0.017240 ,       0.017881 ,   3.720094
   rocblas_wo_dt ,   SP ,  1200 ,    19 ,  1200 ,    2845.230435 ,       0.018414 ,       0.018718 ,   1.650827
   rocblas_wo_dt ,   SP ,  1300 ,    19 ,  1300 ,    3418.131023 ,       0.017800 ,       0.017979 ,   1.004554
   rocblas_wo_dt ,   SP ,  1400 ,    19 ,  1400 ,    2644.155633 ,       0.026782 ,       0.027359 ,   2.154366
   rocblas_wo_dt ,   SP ,  1500 ,    19 ,  1500 ,    3124.790908 ,       0.025451 ,       0.026500 ,   4.121780
   rocblas_wo_dt ,   SP ,  1600 ,    19 ,  1600 ,    3684.375568 ,       0.024469 ,       0.025630 ,   4.745201
   rocblas_wo_dt ,   SP ,  1700 ,    19 ,  1700 ,    3960.788451 ,       0.026429 ,       0.026979 ,   2.083897
   rocblas_wo_dt ,   SP ,  1800 ,    19 ,  1800 ,    4350.095417 ,       0.026939 ,       0.027220 ,   1.044340
   rocblas_wo_dt ,   SP ,  1900 ,    19 ,  1900 ,    3945.864312 ,       0.033689 ,       0.033801 ,   0.332626
   rocblas_wo_dt ,   SP ,  2000 ,    19 ,  2000 ,    4588.587073 ,       0.032098 ,       0.032248 ,   0.467949
   rocblas_wo_dt ,   SP ,  2100 ,    19 ,  2100 ,    4329.459058 ,       0.037320 ,       0.037529 ,   0.562193
   rocblas_wo_dt ,   SP ,  2200 ,    19 ,  2200 ,    4569.890586 ,       0.039020 ,       0.039189 ,   0.433826
   rocblas_wo_dt ,   SP ,  2300 ,    19 ,  2300 ,    4450.685089 ,       0.043480 ,       0.043919 ,   1.008938
   rocblas_wo_dt ,   SP ,  2400 ,    19 ,  2400 ,    5475.072423 ,       0.038590 ,       0.038900 ,   0.803163
   rocblas_wo_dt ,   SP ,  2500 ,    19 ,  2500 ,    5184.367418 ,       0.044379 ,       0.044558 ,   0.402923
   rocblas_wo_dt ,   SP ,  2600 ,    19 ,  2600 ,    5657.739562 ,       0.043931 ,       0.044150 ,   0.499294
   rocblas_wo_dt ,   SP ,  2700 ,    19 ,  2700 ,    5542.244105 ,       0.048149 ,       0.048790 ,   1.332013
   rocblas_wo_dt ,   SP ,  2800 ,    19 ,  2800 ,    5593.132627 ,       0.051448 ,       0.051799 ,   0.681218
   rocblas_wo_dt ,   SP ,  2900 ,    19 ,  2900 ,    5517.262730 ,       0.056059 ,       0.056369 ,   0.552886
   rocblas_wo_dt ,   SP ,  3000 ,    19 ,  3000 ,    4126.843494 ,       0.080152 ,       0.080760 ,   0.758522
   rocblas_wo_dt ,   SP ,   500 ,    20 ,   500 ,    1242.715938 ,       0.007799 ,       0.007839 ,   0.519719
   rocblas_wo_dt ,   SP ,   600 ,    20 ,   600 ,    1608.393058 ,       0.008531 ,       0.008571 ,   0.475126
   rocblas_wo_dt ,   SP ,   700 ,    20 ,   700 ,    1938.264204 ,       0.009789 ,       0.009859 ,   0.706284
   rocblas_wo_dt ,   SP ,   800 ,    20 ,   800 ,    2248.848271 ,       0.011010 ,       0.011101 ,   0.822867
   rocblas_wo_dt ,   SP ,   900 ,    20 ,   900 ,    2947.065768 ,       0.010691 ,       0.010719 ,   0.263152
   rocblas_wo_dt ,   SP ,  1000 ,    20 ,  1000 ,    3147.585875 ,       0.012361 ,       0.012393 ,   0.258458
   rocblas_wo_dt ,   SP ,  1100 ,    20 ,  1100 ,    2532.195171 ,       0.017650 ,       0.018029 ,   2.147778
   rocblas_wo_dt ,   SP ,  1200 ,    20 ,  1200 ,    3033.342741 ,       0.017312 ,       0.017979 ,   3.856218
   rocblas_wo_dt ,   SP ,  1300 ,    20 ,  1300 ,    3444.467391 ,       0.018609 ,       0.018890 ,   1.511851
   rocblas_wo_dt ,   SP ,  1400 ,    20 ,  1400 ,    2619.353092 ,       0.029032 ,       0.029189 ,   0.540367
   rocblas_wo_dt ,   SP ,  1500 ,    20 ,  1500 ,    3300.830489 ,       0.025530 ,       0.026309 ,   3.053792
   rocblas_wo_dt ,   SP ,  1600 ,    20 ,  1600 ,    4170.043358 ,       0.023589 ,       0.023808 ,   0.929856
   rocblas_wo_dt ,   SP ,  1700 ,    20 ,  1700 ,    4049.714418 ,       0.026801 ,       0.027809 ,   3.763011
   rocblas_wo_dt ,   SP ,  1800 ,    20 ,  1800 ,    4456.163459 ,       0.027509 ,       0.028450 ,   3.423470
   rocblas_wo_dt ,   SP ,  1900 ,    20 ,  1900 ,    4009.303343 ,       0.034881 ,       0.035081 ,   0.574163
   rocblas_wo_dt ,   SP ,  2000 ,    20 ,  2000 ,    4647.587164 ,       0.033369 ,       0.033550 ,   0.543012
   rocblas_wo_dt ,   SP ,  2100 ,    20 ,  2100 ,    4410.575414 ,       0.038800 ,       0.038950 ,   0.387121
   rocblas_wo_dt ,   SP ,  2200 ,    20 ,  2200 ,    4644.270703 ,       0.039902 ,       0.040638 ,   1.846319
   rocblas_wo_dt ,   SP ,  2300 ,    20 ,  2300 ,    4573.812091 ,       0.044808 ,       0.045140 ,   0.739598
   rocblas_wo_dt ,   SP ,  2400 ,    20 ,  2400 ,    5540.137685 ,       0.040412 ,       0.040541 ,   0.318584
   rocblas_wo_dt ,   SP ,  2500 ,    20 ,  2500 ,    5264.469218 ,       0.045750 ,       0.046291 ,   1.182969
   rocblas_wo_dt ,   SP ,  2600 ,    20 ,  2600 ,    5699.335431 ,       0.046029 ,       0.046220 ,   0.414379
   rocblas_wo_dt ,   SP ,  2700 ,    20 ,  2700 ,    5690.806844 ,       0.049450 ,       0.049920 ,   0.949810
   rocblas_wo_dt ,   SP ,  2800 ,    20 ,  2800 ,    5730.578814 ,       0.053129 ,       0.053310 ,   0.341052
   rocblas_wo_dt ,   SP ,  2900 ,    20 ,  2900 ,    5694.794103 ,       0.057361 ,       0.057530 ,   0.295108
   rocblas_wo_dt ,   SP ,  3000 ,    20 ,  3000 ,    4205.896776 ,       0.083292 ,       0.083411 ,   0.143123
   rocblas_wo_dt ,   SP ,   500 ,    21 ,   500 ,    1285.151903 ,       0.007911 ,       0.007980 ,   0.874021
   rocblas_wo_dt ,   SP ,   600 ,    21 ,   600 ,    1693.170945 ,       0.008681 ,       0.008709 ,   0.329580
   rocblas_wo_dt ,   SP ,   700 ,    21 ,   700 ,    1990.107495 ,       0.009999 ,       0.010099 ,   1.001431
   rocblas_wo_dt ,   SP ,   800 ,    21 ,   800 ,    2288.649718 ,       0.011289 ,       0.011342 ,   0.464625
   rocblas_wo_dt ,   SP ,   900 ,    21 ,   900 ,    2626.873239 ,       0.010650 ,       0.011101 ,   4.231028
   rocblas_wo_dt ,   SP ,  1000 ,    21 ,  1000 ,    3262.779725 ,       0.012535 ,       0.012554 ,   0.150259
   rocblas_wo_dt ,   SP ,  1100 ,    21 ,  1100 ,    2619.679309 ,       0.017879 ,       0.018399 ,   2.907054
   rocblas_wo_dt ,   SP ,  1200 ,    21 ,  1200 ,    3213.207383 ,       0.017500 ,       0.017838 ,   1.934605
   rocblas_wo_dt ,   SP ,  1300 ,    21 ,  1300 ,    3556.691615 ,       0.019028 ,       0.019171 ,   0.751786
   rocblas_wo_dt ,   SP ,  1400 ,    21 ,  1400 ,    2733.593229 ,       0.029035 ,       0.029429 ,   1.356522
   rocblas_wo_dt ,   SP ,  1500 ,    21 ,  1500 ,    3200.043426 ,       0.028664 ,       0.028814 ,   0.523181
   rocblas_wo_dt ,   SP ,  1600 ,    21 ,  1600 ,    4334.419141 ,       0.023789 ,       0.024102 ,   1.312888
   rocblas_wo_dt ,   SP ,  1700 ,    21 ,  1700 ,    4179.298576 ,       0.027318 ,       0.028300 ,   3.595741
   rocblas_wo_dt ,   SP ,  1800 ,    21 ,  1800 ,    4575.170660 ,       0.028191 ,       0.029099 ,   3.222260
   rocblas_wo_dt ,   SP ,  1900 ,    21 ,  1900 ,    4181.081229 ,       0.034561 ,       0.035460 ,   2.600718
   rocblas_wo_dt ,   SP ,  2000 ,    21 ,  2000 ,    4782.506957 ,       0.033791 ,       0.034289 ,   1.474635
   rocblas_wo_dt ,   SP ,  2100 ,    21 ,  2100 ,    4570.069433 ,       0.039320 ,       0.039520 ,   0.509338
   rocblas_wo_dt ,   SP ,  2200 ,    21 ,  2200 ,    4771.491368 ,       0.041389 ,       0.041521 ,   0.316820
   rocblas_wo_dt ,   SP ,  2300 ,    21 ,  2300 ,    4701.193435 ,       0.045731 ,       0.046101 ,   0.808091
   rocblas_wo_dt ,   SP ,  2400 ,    21 ,  2400 ,    5731.646460 ,       0.040910 ,       0.041151 ,   0.588612
   rocblas_wo_dt ,   SP ,  2500 ,    21 ,  2500 ,    5401.772368 ,       0.047221 ,       0.047400 ,   0.378673
   rocblas_wo_dt ,   SP ,  2600 ,    21 ,  2600 ,    5804.062367 ,       0.047479 ,       0.047731 ,   0.532289
   rocblas_wo_dt ,   SP ,  2700 ,    21 ,  2700 ,    5865.317555 ,       0.050471 ,       0.050972 ,   0.992017
   rocblas_wo_dt ,   SP ,  2800 ,    21 ,  2800 ,    5939.708916 ,       0.053430 ,       0.054119 ,   1.289603
   rocblas_wo_dt ,   SP ,  2900 ,    21 ,  2900 ,    5899.897892 ,       0.058210 ,       0.058420 ,   0.360434
   rocblas_wo_dt ,   SP ,  3000 ,    21 ,  3000 ,    4295.138911 ,       0.085731 ,       0.085869 ,   0.161299
   rocblas_wo_dt ,   SP ,   500 ,    22 ,   500 ,    1333.720588 ,       0.008039 ,       0.008051 ,   0.148280
   rocblas_wo_dt ,   SP ,   600 ,    22 ,   600 ,    1741.103935 ,       0.008860 ,       0.008888 ,   0.322928
   rocblas_wo_dt ,   SP ,   700 ,    22 ,   700 ,    2046.420846 ,       0.010219 ,       0.010300 ,   0.793280
   rocblas_wo_dt ,   SP ,   800 ,    22 ,   800 ,    2352.583696 ,       0.011580 ,       0.011630 ,   0.432366
   rocblas_wo_dt ,   SP ,   900 ,    22 ,   900 ,    2769.873875 ,       0.011129 ,       0.011230 ,   0.899743
   rocblas_wo_dt ,   SP ,  1000 ,    22 ,  1000 ,    3390.753031 ,       0.012605 ,       0.012687 ,   0.650665
   rocblas_wo_dt ,   SP ,  1100 ,    22 ,  1100 ,    2769.882552 ,       0.017960 ,       0.018330 ,   2.057613
   rocblas_wo_dt ,   SP ,  1200 ,    22 ,  1200 ,    3351.652884 ,       0.017660 ,       0.018048 ,   2.200621
   rocblas_wo_dt ,   SP ,  1300 ,    22 ,  1300 ,    3709.915316 ,       0.019140 ,       0.019400 ,   1.357748
   rocblas_wo_dt ,   SP ,  1400 ,    22 ,  1400 ,    2851.170849 ,       0.029301 ,       0.029577 ,   0.941431
   rocblas_wo_dt ,   SP ,  1500 ,    22 ,  1500 ,    3355.112774 ,       0.028658 ,       0.028818 ,   0.558232
   rocblas_wo_dt ,   SP ,  1600 ,    22 ,  1600 ,    3832.517458 ,       0.028595 ,       0.028750 ,   0.541956
   rocblas_wo_dt ,   SP ,  1700 ,    22 ,  1700 ,    4285.703664 ,       0.028021 ,       0.028901 ,   3.139624
   rocblas_wo_dt ,   SP ,  1800 ,    22 ,  1800 ,    4510.514883 ,       0.030360 ,       0.030911 ,   1.814041
   rocblas_wo_dt ,   SP ,  1900 ,    22 ,  1900 ,    4318.291608 ,       0.035560 ,       0.035911 ,   0.985585
   rocblas_wo_dt ,   SP ,  2000 ,    22 ,  2000 ,    4974.254896 ,       0.034301 ,       0.034561 ,   0.757628
   rocblas_wo_dt ,   SP ,  2100 ,    22 ,  2100 ,    4706.846451 ,       0.040090 ,       0.040231 ,   0.350877
   rocblas_wo_dt ,   SP ,  2200 ,    22 ,  2200 ,    4899.612273 ,       0.042210 ,       0.042422 ,   0.502711
   rocblas_wo_dt ,   SP ,  2300 ,    22 ,  2300 ,    4864.640257 ,       0.046439 ,       0.046749 ,   0.667420
   rocblas_wo_dt ,   SP ,  2400 ,    22 ,  2400 ,    5900.778764 ,       0.041749 ,       0.041981 ,   0.553938
   rocblas_wo_dt ,   SP ,  2500 ,    22 ,  2500 ,    5550.272721 ,       0.048170 ,       0.048420 ,   0.519699
   rocblas_wo_dt ,   SP ,  2600 ,    22 ,  2600 ,    5930.975486 ,       0.048778 ,       0.048978 ,   0.410577
   rocblas_wo_dt ,   SP ,  2700 ,    22 ,  2700 ,    6058.608897 ,       0.051310 ,       0.051720 ,   0.799219
   rocblas_wo_dt ,   SP ,  2800 ,    22 ,  2800 ,    6152.613432 ,       0.054541 ,       0.054760 ,   0.402168
   rocblas_wo_dt ,   SP ,  2900 ,    22 ,  2900 ,    6110.602854 ,       0.058968 ,       0.059168 ,   0.339627
   rocblas_wo_dt ,   SP ,  3000 ,    22 ,  3000 ,    4375.137308 ,       0.088270 ,       0.088451 ,   0.205278
   rocblas_wo_dt ,   SP ,   500 ,    23 ,   500 ,    1370.198099 ,       0.008171 ,       0.008209 ,   0.466881
   rocblas_wo_dt ,   SP ,   600 ,    23 ,   600 ,    1789.561882 ,       0.009029 ,       0.009041 ,   0.132031
   rocblas_wo_dt ,   SP ,   700 ,    23 ,   700 ,    2091.509326 ,       0.010431 ,       0.010540 ,   1.051429
   rocblas_wo_dt ,   SP ,   800 ,    23 ,   800 ,    2415.646373 ,       0.011859 ,       0.011890 ,   0.261359
   rocblas_wo_dt ,   SP ,   900 ,    23 ,   900 ,    2893.455310 ,       0.011199 ,       0.011270 ,   0.638706
   rocblas_wo_dt ,   SP ,  1000 ,    23 ,  1000 ,    3506.855832 ,       0.012792 ,       0.012837 ,   0.352257
   rocblas_wo_dt ,   SP ,  1100 ,    23 ,  1100 ,    2814.743204 ,       0.018170 ,       0.019031 ,   4.736911
   rocblas_wo_dt ,   SP ,  1200 ,    23 ,  1200 ,    3459.700963 ,       0.017951 ,       0.018351 ,   2.231372
   rocblas_wo_dt ,   SP ,  1300 ,    23 ,  1300 ,    3811.391409 ,       0.019629 ,       0.019760 ,   0.668043
   rocblas_wo_dt ,   SP ,  1400 ,    23 ,  1400 ,    2974.250363 ,       0.029482 ,       0.029663 ,   0.613795
   rocblas_wo_dt ,   SP ,  1500 ,    23 ,  1500 ,    3665.292777 ,       0.027299 ,       0.027549 ,   0.917031
   rocblas_wo_dt ,   SP ,  1600 ,    23 ,  1600 ,    4273.319326 ,       0.026660 ,       0.026889 ,   0.858523
   rocblas_wo_dt ,   SP ,  1700 ,    23 ,  1700 ,    4389.109346 ,       0.029209 ,       0.029490 ,   0.963187
   rocblas_wo_dt ,   SP ,  1800 ,    23 ,  1800 ,    4496.466528 ,       0.032110 ,       0.032411 ,   0.935551
   rocblas_wo_dt ,   SP ,  1900 ,    23 ,  1900 ,    4429.058658 ,       0.036190 ,       0.036688 ,   1.376902
   rocblas_wo_dt ,   SP ,  2000 ,    23 ,  2000 ,    5136.628314 ,       0.034769 ,       0.035050 ,   0.809161
   rocblas_wo_dt ,   SP ,  2100 ,    23 ,  2100 ,    4838.536409 ,       0.040121 ,       0.041032 ,   2.270026
   rocblas_wo_dt ,   SP ,  2200 ,    23 ,  2200 ,    5007.003889 ,       0.043309 ,       0.043452 ,   0.330306
   rocblas_wo_dt ,   SP ,  2300 ,    23 ,  2300 ,    5026.735934 ,       0.047069 ,       0.047381 ,   0.663560
   rocblas_wo_dt ,   SP ,  2400 ,    23 ,  2400 ,    6069.521360 ,       0.042391 ,       0.042670 ,   0.658043
   rocblas_wo_dt ,   SP ,  2500 ,    23 ,  2500 ,    5697.677674 ,       0.049150 ,       0.049310 ,   0.325006
   rocblas_wo_dt ,   SP ,  2600 ,    23 ,  2600 ,    6075.138134 ,       0.049748 ,       0.050042 ,   0.589476
   rocblas_wo_dt ,   SP ,  2700 ,    23 ,  2700 ,    6246.277024 ,       0.051579 ,       0.052550 ,   1.881298
   rocblas_wo_dt ,   SP ,  2800 ,    23 ,  2800 ,    6370.912827 ,       0.055082 ,       0.055370 ,   0.523741
   rocblas_wo_dt ,   SP ,  2900 ,    23 ,  2900 ,    6306.168281 ,       0.059760 ,       0.060022 ,   0.438859
   rocblas_wo_dt ,   SP ,  3000 ,    23 ,  3000 ,    4445.766162 ,       0.090940 ,       0.091109 ,   0.186142
   rocblas_wo_dt ,   SP ,   500 ,    24 ,   500 ,    1449.402100 ,       0.008070 ,       0.008099 ,   0.354505
   rocblas_wo_dt ,   SP ,   600 ,    24 ,   600 ,    1863.326927 ,       0.009038 ,       0.009060 ,   0.237404
   rocblas_wo_dt ,   SP ,   700 ,    24 ,   700 ,    2214.124723 ,       0.010321 ,       0.010400 ,   0.762301
   rocblas_wo_dt ,   SP ,   800 ,    24 ,   800 ,    2517.377918 ,       0.011909 ,       0.011940 ,   0.260260
   rocblas_wo_dt ,   SP ,   900 ,    24 ,   900 ,    3087.250404 ,       0.010591 ,       0.010788 ,   1.868528
   rocblas_wo_dt ,   SP ,  1000 ,    24 ,  1000 ,    3905.942680 ,       0.012009 ,       0.012031 ,   0.184637
   rocblas_wo_dt ,   SP ,  1100 ,    24 ,  1100 ,    4009.930734 ,       0.014034 ,       0.014192 ,   1.126344
   rocblas_wo_dt ,   SP ,  1200 ,    24 ,  1200 ,    3857.377928 ,       0.016949 ,       0.017240 ,   1.716134
   rocblas_wo_dt ,   SP ,  1300 ,    24 ,  1300 ,    4201.766594 ,       0.018339 ,       0.018671 ,   1.807072
   rocblas_wo_dt ,   SP ,  1400 ,    24 ,  1400 ,    3183.677046 ,       0.028725 ,       0.028962 ,   0.825026
   rocblas_wo_dt ,   SP ,  1500 ,    24 ,  1500 ,    3955.719743 ,       0.025108 ,       0.026209 ,   4.387048
   rocblas_wo_dt ,   SP ,  1600 ,    24 ,  1600 ,    5046.337004 ,       0.023258 ,       0.023510 ,   1.086622
   rocblas_wo_dt ,   SP ,  1700 ,    24 ,  1700 ,    4885.457927 ,       0.027030 ,       0.027702 ,   2.487431
   rocblas_wo_dt ,   SP ,  1800 ,    24 ,  1800 ,    5325.679181 ,       0.027928 ,       0.028450 ,   1.869558
   rocblas_wo_dt ,   SP ,  1900 ,    24 ,  1900 ,    4899.283388 ,       0.034440 ,       0.034618 ,   0.519211
   rocblas_wo_dt ,   SP ,  2000 ,    24 ,  2000 ,    5702.628261 ,       0.032589 ,       0.032971 ,   1.170532
   rocblas_wo_dt ,   SP ,  2100 ,    24 ,  2100 ,    5077.284423 ,       0.040679 ,       0.040779 ,   0.246161
   rocblas_wo_dt ,   SP ,  2200 ,    24 ,  2200 ,    5193.281368 ,       0.043650 ,       0.043750 ,   0.229408
   rocblas_wo_dt ,   SP ,  2300 ,    24 ,  2300 ,    5591.684792 ,       0.044188 ,       0.044410 ,   0.501781
   rocblas_wo_dt ,   SP ,  2400 ,    24 ,  2400 ,    6893.933211 ,       0.039029 ,       0.039270 ,   0.616982
   rocblas_wo_dt ,   SP ,  2500 ,    24 ,  2500 ,    6437.751932 ,       0.045400 ,       0.045629 ,   0.504149
   rocblas_wo_dt ,   SP ,  2600 ,    24 ,  2600 ,    7091.752529 ,       0.044520 ,       0.044808 ,   0.647994
   rocblas_wo_dt ,   SP ,  2700 ,    24 ,  2700 ,    6862.273384 ,       0.049770 ,       0.049882 ,   0.225150
   rocblas_wo_dt ,   SP ,  2800 ,    24 ,  2800 ,    6966.884934 ,       0.052669 ,       0.052891 ,   0.420986
   rocblas_wo_dt ,   SP ,  2900 ,    24 ,  2900 ,    6900.989657 ,       0.057061 ,       0.057240 ,   0.313375
   rocblas_wo_dt ,   SP ,  3000 ,    24 ,  3000 ,    4535.470513 ,       0.093100 ,       0.093219 ,   0.128044
   rocblas_wo_dt ,   SP ,   500 ,    25 ,   500 ,    1406.497976 ,       0.008678 ,       0.008700 ,   0.247253
   rocblas_wo_dt ,   SP ,   600 ,    25 ,   600 ,    1833.423562 ,       0.009570 ,       0.009611 ,   0.423518
   rocblas_wo_dt ,   SP ,   700 ,    25 ,   700 ,    2160.544816 ,       0.011010 ,       0.011110 ,   0.909485
   rocblas_wo_dt ,   SP ,   800 ,    25 ,   800 ,    2337.581085 ,       0.012772 ,       0.012870 ,   0.765354
   rocblas_wo_dt ,   SP ,   900 ,    25 ,   900 ,    3006.384108 ,       0.011210 ,       0.011399 ,   1.680136
   rocblas_wo_dt ,   SP ,  1000 ,    25 ,  1000 ,    3788.808122 ,       0.012894 ,       0.012936 ,   0.327287
   rocblas_wo_dt ,   SP ,  1100 ,    25 ,  1100 ,    3099.942421 ,       0.018220 ,       0.018730 ,   2.800314
   rocblas_wo_dt ,   SP ,  1200 ,    25 ,  1200 ,    3751.814061 ,       0.018132 ,       0.018330 ,   1.091387
   rocblas_wo_dt ,   SP ,  1300 ,    25 ,  1300 ,    4167.910738 ,       0.019500 ,       0.019670 ,   0.868077
   rocblas_wo_dt ,   SP ,  1400 ,    25 ,  1400 ,    3259.145783 ,       0.029253 ,       0.029478 ,   0.768566
   rocblas_wo_dt ,   SP ,  1500 ,    25 ,  1500 ,    3800.835888 ,       0.028838 ,       0.029021 ,   0.634947
   rocblas_wo_dt ,   SP ,  1600 ,    25 ,  1600 ,    4555.976295 ,       0.026219 ,       0.027201 ,   3.746476
   rocblas_wo_dt ,   SP ,  1700 ,    25 ,  1700 ,    4936.939447 ,       0.027649 ,       0.028720 ,   3.871691
   rocblas_wo_dt ,   SP ,  1800 ,    25 ,  1800 ,    5378.529912 ,       0.028570 ,       0.029628 ,   3.705249
   rocblas_wo_dt ,   SP ,  1900 ,    25 ,  1900 ,    4888.548680 ,       0.035939 ,       0.036130 ,   0.530715
   rocblas_wo_dt ,   SP ,  2000 ,    25 ,  2000 ,    5635.291393 ,       0.034521 ,       0.034740 ,   0.635403
   rocblas_wo_dt ,   SP ,  2100 ,    25 ,  2100 ,    4946.329644 ,       0.043299 ,       0.043650 ,   0.809427
   rocblas_wo_dt ,   SP ,  2200 ,    25 ,  2200 ,    5056.357567 ,       0.046699 ,       0.046852 ,   0.326747
   rocblas_wo_dt ,   SP ,  2300 ,    25 ,  2300 ,    5589.490998 ,       0.046139 ,       0.046382 ,   0.527077
   rocblas_wo_dt ,   SP ,  2400 ,    25 ,  2400 ,    6736.579026 ,       0.041671 ,       0.041859 ,   0.451997
   rocblas_wo_dt ,   SP ,  2500 ,    25 ,  2500 ,    6440.185434 ,       0.046690 ,       0.047541 ,   1.823010
   rocblas_wo_dt ,   SP ,  2600 ,    25 ,  2600 ,    7035.596509 ,       0.046890 ,       0.047052 ,   0.345757
   rocblas_wo_dt ,   SP ,  2700 ,    25 ,  2700 ,    6775.897142 ,       0.052571 ,       0.052691 ,   0.226757
   rocblas_wo_dt ,   SP ,  2800 ,    25 ,  2800 ,    6856.137278 ,       0.055602 ,       0.056009 ,   0.733245
   rocblas_wo_dt ,   SP ,  2900 ,    25 ,  2900 ,    6827.342985 ,       0.059981 ,       0.060341 ,   0.600207
   rocblas_wo_dt ,   SP ,  3000 ,    25 ,  3000 ,    4610.706233 ,       0.095320 ,       0.095589 ,   0.282641
   rocblas_wo_dt ,   SP ,   500 ,    26 ,   500 ,    1446.689822 ,       0.008709 ,       0.008812 ,   1.177115
   rocblas_wo_dt ,   SP ,   600 ,    26 ,   600 ,    1878.934067 ,       0.009739 ,       0.009768 ,   0.293758
   rocblas_wo_dt ,   SP ,   700 ,    26 ,   700 ,    2202.623417 ,       0.011280 ,       0.011349 ,   0.612978
   rocblas_wo_dt ,   SP ,   800 ,    26 ,   800 ,    2307.323270 ,       0.013030 ,       0.013180 ,   1.152790
   rocblas_wo_dt ,   SP ,   900 ,    26 ,   900 ,    3652.296895 ,       0.011282 ,       0.011306 ,   0.213440
   rocblas_wo_dt ,   SP ,  1000 ,    26 ,  1000 ,    3880.880689 ,       0.013102 ,       0.013144 ,   0.318448
   rocblas_wo_dt ,   SP ,  1100 ,    26 ,  1100 ,    3216.382271 ,       0.018201 ,       0.018640 ,   2.410270
   rocblas_wo_dt ,   SP ,  1200 ,    26 ,  1200 ,    3870.572402 ,       0.018411 ,       0.018549 ,   0.751101
   rocblas_wo_dt ,   SP ,  1300 ,    26 ,  1300 ,    4286.148785 ,       0.019729 ,       0.019929 ,   1.015106
   rocblas_wo_dt ,   SP ,  1400 ,    26 ,  1400 ,    3349.905045 ,       0.029682 ,       0.029831 ,   0.502028
   rocblas_wo_dt ,   SP ,  1500 ,    26 ,  1500 ,    3946.274502 ,       0.028884 ,       0.029086 ,   0.699970
   rocblas_wo_dt ,   SP ,  1600 ,    26 ,  1600 ,    4532.087903 ,       0.028673 ,       0.028806 ,   0.463983
   rocblas_wo_dt ,   SP ,  1700 ,    26 ,  1700 ,    5024.735231 ,       0.028419 ,       0.029340 ,   3.238255
   rocblas_wo_dt ,   SP ,  1800 ,    26 ,  1800 ,    5093.745230 ,       0.032060 ,       0.032430 ,   1.152673
   rocblas_wo_dt ,   SP ,  1900 ,    26 ,  1900 ,    5033.600519 ,       0.036390 ,       0.036578 ,   0.517592
   rocblas_wo_dt ,   SP ,  2000 ,    26 ,  2000 ,    5804.007268 ,       0.034950 ,       0.035112 ,   0.463879
   rocblas_wo_dt ,   SP ,  2100 ,    26 ,  2100 ,    5044.634863 ,       0.043609 ,       0.044601 ,   2.274343
   rocblas_wo_dt ,   SP ,  2200 ,    26 ,  2200 ,    5145.328357 ,       0.047810 ,       0.047932 ,   0.254326
   rocblas_wo_dt ,   SP ,  2300 ,    26 ,  2300 ,    5737.692766 ,       0.046818 ,       0.046980 ,   0.346285
   rocblas_wo_dt ,   SP ,  2400 ,    26 ,  2400 ,    6904.766292 ,       0.042231 ,       0.042529 ,   0.705696
   rocblas_wo_dt ,   SP ,  2500 ,    26 ,  2500 ,    6570.659598 ,       0.048299 ,       0.048490 ,   0.394906
   rocblas_wo_dt ,   SP ,  2600 ,    26 ,  2600 ,    7195.586251 ,       0.047660 ,       0.047870 ,   0.440220
   rocblas_wo_dt ,   SP ,  2700 ,    26 ,  2700 ,    6883.769166 ,       0.053191 ,       0.054049 ,   1.613626
   rocblas_wo_dt ,   SP ,  2800 ,    26 ,  2800 ,    7015.530943 ,       0.056751 ,       0.056980 ,   0.403311
   rocblas_wo_dt ,   SP ,  2900 ,    26 ,  2900 ,    6960.080278 ,       0.061371 ,       0.061560 ,   0.306903
   rocblas_wo_dt ,   SP ,  3000 ,    26 ,  3000 ,    4686.355925 ,       0.097799 ,       0.097899 ,   0.102389
   rocblas_wo_dt ,   SP ,   500 ,    27 ,   500 ,    1486.528111 ,       0.008879 ,       0.008910 ,   0.349087
   rocblas_wo_dt ,   SP ,   600 ,    27 ,   600 ,    1913.602467 ,       0.009940 ,       0.009961 ,   0.215879
   rocblas_wo_dt ,   SP ,   700 ,    27 ,   700 ,    2242.406749 ,       0.011508 ,       0.011580 ,   0.621504
   rocblas_wo_dt ,   SP ,   800 ,    27 ,   800 ,    2376.815531 ,       0.013309 ,       0.013430 ,   0.913651
   rocblas_wo_dt ,   SP ,   900 ,    27 ,   900 ,    3703.209340 ,       0.011565 ,       0.011593 ,   0.243264
   rocblas_wo_dt ,   SP ,  1000 ,    27 ,  1000 ,    3857.372677 ,       0.013615 ,       0.013758 ,   1.050696
   rocblas_wo_dt ,   SP ,  1100 ,    27 ,  1100 ,    3326.735238 ,       0.018361 ,       0.018802 ,   2.402285
   rocblas_wo_dt ,   SP ,  1200 ,    27 ,  1200 ,    3997.309596 ,       0.018559 ,       0.018740 ,   0.976362
   rocblas_wo_dt ,   SP ,  1300 ,    27 ,  1300 ,    4342.592316 ,       0.020101 ,       0.020490 ,   1.933341
   rocblas_wo_dt ,   SP ,  1400 ,    27 ,  1400 ,    3472.864150 ,       0.028799 ,       0.029981 ,   4.106300
   rocblas_wo_dt ,   SP ,  1500 ,    27 ,  1500 ,    4087.283340 ,       0.028943 ,       0.029186 ,   0.840232
   rocblas_wo_dt ,   SP ,  1600 ,    27 ,  1600 ,    4707.005216 ,       0.028705 ,       0.028841 ,   0.473430
   rocblas_wo_dt ,   SP ,  1700 ,    27 ,  1700 ,    4980.151130 ,       0.030179 ,       0.030661 ,   1.595829
   rocblas_wo_dt ,   SP ,  1800 ,    27 ,  1800 ,    5218.433072 ,       0.032561 ,       0.032899 ,   1.039760
   rocblas_wo_dt ,   SP ,  1900 ,    27 ,  1900 ,    5149.107688 ,       0.036929 ,       0.037172 ,   0.658532
   rocblas_wo_dt ,   SP ,  2000 ,    27 ,  2000 ,    5965.960513 ,       0.035331 ,       0.035520 ,   0.533099
   rocblas_wo_dt ,   SP ,  2100 ,    27 ,  2100 ,    5114.958347 ,       0.045562 ,       0.045640 ,   0.172684
   rocblas_wo_dt ,   SP ,  2200 ,    27 ,  2200 ,    5218.015757 ,       0.048940 ,       0.049150 ,   0.428704
   rocblas_wo_dt ,   SP ,  2300 ,    27 ,  2300 ,    5872.117630 ,       0.047450 ,       0.047719 ,   0.567782
   rocblas_wo_dt ,   SP ,  2400 ,    27 ,  2400 ,    7048.072711 ,       0.042992 ,       0.043292 ,   0.698758
   rocblas_wo_dt ,   SP ,  2500 ,    27 ,  2500 ,    6693.164521 ,       0.049210 ,       0.049460 ,   0.508721
   rocblas_wo_dt ,   SP ,  2600 ,    27 ,  2600 ,    7329.229856 ,       0.048699 ,       0.048831 ,   0.269265
   rocblas_wo_dt ,   SP ,  2700 ,    27 ,  2700 ,    7070.726324 ,       0.054381 ,       0.054600 ,   0.403350
   rocblas_wo_dt ,   SP ,  2800 ,    27 ,  2800 ,    7201.545876 ,       0.057518 ,       0.057678 ,   0.277720
   rocblas_wo_dt ,   SP ,  2900 ,    27 ,  2900 ,    7143.466849 ,       0.062182 ,       0.062370 ,   0.302902
   rocblas_wo_dt ,   SP ,  3000 ,    27 ,  3000 ,    4754.411846 ,       0.100191 ,       0.100319 ,   0.128501
   rocblas_wo_dt ,   SP ,   500 ,    28 ,   500 ,    1522.849975 ,       0.008991 ,       0.009019 ,   0.318218
   rocblas_wo_dt ,   SP ,   600 ,    28 ,   600 ,    1953.014091 ,       0.010099 ,       0.010130 ,   0.306893
   rocblas_wo_dt ,   SP ,   700 ,    28 ,   700 ,    2288.378707 ,       0.011721 ,       0.011771 ,   0.427177
   rocblas_wo_dt ,   SP ,   800 ,    28 ,   800 ,    2428.749534 ,       0.014330 ,       0.014485 ,   1.081441
   rocblas_wo_dt ,   SP ,   900 ,    28 ,   900 ,    3214.819918 ,       0.011861 ,       0.012419 ,   4.703517
   rocblas_wo_dt ,   SP ,  1000 ,    28 ,  1000 ,    3560.728166 ,       0.015217 ,       0.015448 ,   1.518214
   rocblas_wo_dt ,   SP ,  1100 ,    28 ,  1100 ,    3383.116261 ,       0.018609 ,       0.019152 ,   2.921204
   rocblas_wo_dt ,   SP ,  1200 ,    28 ,  1200 ,    4069.191666 ,       0.018580 ,       0.018950 ,   1.988964
   rocblas_wo_dt ,   SP ,  1300 ,    28 ,  1300 ,    4185.092006 ,       0.021341 ,       0.022168 ,   3.876662
   rocblas_wo_dt ,   SP ,  1400 ,    28 ,  1400 ,    3552.376605 ,       0.030120 ,       0.030354 ,   0.776519
   rocblas_wo_dt ,   SP ,  1500 ,    28 ,  1500 ,    4357.927242 ,       0.027831 ,       0.028141 ,   1.113681
   rocblas_wo_dt ,   SP ,  1600 ,    28 ,  1600 ,    5094.820225 ,       0.027320 ,       0.027490 ,   0.619600
   rocblas_wo_dt ,   SP ,  1700 ,    28 ,  1700 ,    4946.723826 ,       0.031760 ,       0.032148 ,   1.223632
   rocblas_wo_dt ,   SP ,  1800 ,    28 ,  1800 ,    5342.907464 ,       0.033100 ,       0.033329 ,   0.691493
   rocblas_wo_dt ,   SP ,  1900 ,    28 ,  1900 ,    5290.997667 ,       0.037301 ,       0.037470 ,   0.453819
   rocblas_wo_dt ,   SP ,  2000 ,    28 ,  2000 ,    6115.242057 ,       0.035570 ,       0.035961 ,   1.099269
   rocblas_wo_dt ,   SP ,  2100 ,    28 ,  2100 ,    5197.612592 ,       0.046420 ,       0.046580 ,   0.344119
   rocblas_wo_dt ,   SP ,  2200 ,    28 ,  2200 ,    5312.852969 ,       0.049939 ,       0.050051 ,   0.224387
   rocblas_wo_dt ,   SP ,  2300 ,    28 ,  2300 ,    6017.839436 ,       0.048020 ,       0.048308 ,   0.600765
   rocblas_wo_dt ,   SP ,  2400 ,    28 ,  2400 ,    7191.684152 ,       0.043771 ,       0.044022 ,   0.571927
   rocblas_wo_dt ,   SP ,  2500 ,    28 ,  2500 ,    6834.959205 ,       0.050070 ,       0.050220 ,   0.299986
   rocblas_wo_dt ,   SP ,  2600 ,    28 ,  2600 ,    7457.723452 ,       0.049570 ,       0.049839 ,   0.543504
   rocblas_wo_dt ,   SP ,  2700 ,    28 ,  2700 ,    7261.528572 ,       0.054960 ,       0.055189 ,   0.416450
   rocblas_wo_dt ,   SP ,  2800 ,    28 ,  2800 ,    7382.367229 ,       0.058131 ,       0.058389 ,   0.442950
   rocblas_wo_dt ,   SP ,  2900 ,    28 ,  2900 ,    7333.221472 ,       0.062890 ,       0.063040 ,   0.238835
   rocblas_wo_dt ,   SP ,  3000 ,    28 ,  3000 ,    4831.344094 ,       0.102301 ,       0.102391 ,   0.088562
   rocblas_wo_dt ,   SP ,   500 ,    29 ,   500 ,    1550.194316 ,       0.009160 ,       0.009189 ,   0.312337
   rocblas_wo_dt ,   SP ,   600 ,    29 ,   600 ,    1989.721463 ,       0.010290 ,       0.010309 ,   0.185357
   rocblas_wo_dt ,   SP ,   700 ,    29 ,   700 ,    2529.520033 ,       0.010939 ,       0.011051 ,   1.024412
   rocblas_wo_dt ,   SP ,   800 ,    29 ,   800 ,    1695.745559 ,       0.021100 ,       0.021529 ,   2.033898
   rocblas_wo_dt ,   SP ,   900 ,    29 ,   900 ,    3327.188251 ,       0.011971 ,       0.012159 ,   1.573392
   rocblas_wo_dt ,   SP ,  1000 ,    29 ,  1000 ,    3561.378525 ,       0.015556 ,       0.016011 ,   2.924272
   rocblas_wo_dt ,   SP ,  1100 ,    29 ,  1100 ,    3453.952299 ,       0.018940 ,       0.019498 ,   2.945619
   rocblas_wo_dt ,   SP ,  1200 ,    29 ,  1200 ,    4217.613678 ,       0.018630 ,       0.019119 ,   2.623496
   rocblas_wo_dt ,   SP ,  1300 ,    29 ,  1300 ,    3639.625443 ,       0.026190 ,       0.026450 ,   0.993182
   rocblas_wo_dt ,   SP ,  1400 ,    29 ,  1400 ,    3777.626647 ,       0.028551 ,       0.029550 ,   3.498956
   rocblas_wo_dt ,   SP ,  1500 ,    29 ,  1500 ,    4581.516955 ,       0.027330 ,       0.027912 ,   2.128588
   rocblas_wo_dt ,   SP ,  1600 ,    29 ,  1600 ,    5362.687003 ,       0.026050 ,       0.027201 ,   4.420648
   rocblas_wo_dt ,   SP ,  1700 ,    29 ,  1700 ,    4892.139304 ,       0.032549 ,       0.033810 ,   3.874890
   rocblas_wo_dt ,   SP ,  1800 ,    29 ,  1800 ,    5460.817222 ,       0.033641 ,       0.033810 ,   0.503189
   rocblas_wo_dt ,   SP ,  1900 ,    29 ,  1900 ,    5414.120416 ,       0.037780 ,       0.037980 ,   0.530102
   rocblas_wo_dt ,   SP ,  2000 ,    29 ,  2000 ,    6238.320382 ,       0.036290 ,       0.036519 ,   0.630708
   rocblas_wo_dt ,   SP ,  2100 ,    29 ,  2100 ,    5278.518810 ,       0.047271 ,       0.047562 ,   0.615323
   rocblas_wo_dt ,   SP ,  2200 ,    29 ,  2200 ,    5391.025674 ,       0.051000 ,       0.051081 ,   0.158945
   rocblas_wo_dt ,   SP ,  2300 ,    29 ,  2300 ,    6116.965776 ,       0.049059 ,       0.049250 ,   0.388784
   rocblas_wo_dt ,   SP ,  2400 ,    29 ,  2400 ,    7299.793096 ,       0.044739 ,       0.045002 ,   0.586198
   rocblas_wo_dt ,   SP ,  2500 ,    29 ,  2500 ,    6945.190597 ,       0.050981 ,       0.051241 ,   0.509751
   rocblas_wo_dt ,   SP ,  2600 ,    29 ,  2600 ,    7569.335371 ,       0.050330 ,       0.050910 ,   1.151113
   rocblas_wo_dt ,   SP ,  2700 ,    29 ,  2700 ,    7413.827571 ,       0.055830 ,       0.056000 ,   0.303199
   rocblas_wo_dt ,   SP ,  2800 ,    29 ,  2800 ,    7530.980485 ,       0.058651 ,       0.059330 ,   1.158537
   rocblas_wo_dt ,   SP ,  2900 ,    29 ,  2900 ,    7490.779795 ,       0.063751 ,       0.063961 ,   0.329107
   rocblas_wo_dt ,   SP ,  3000 ,    29 ,  3000 ,    4891.630067 ,       0.104561 ,       0.104828 ,   0.255381
   rocblas_wo_dt ,   SP ,   500 ,    30 ,   500 ,    1586.081897 ,       0.009270 ,       0.009301 ,   0.334362
   rocblas_wo_dt ,   SP ,   600 ,    30 ,   600 ,    2019.453485 ,       0.010469 ,       0.010509 ,   0.387156
   rocblas_wo_dt ,   SP ,   700 ,    30 ,   700 ,    2594.229928 ,       0.011089 ,       0.011139 ,   0.451516
   rocblas_wo_dt ,   SP ,   800 ,    30 ,   800 ,    1753.808913 ,       0.021360 ,       0.021541 ,   0.848309
   rocblas_wo_dt ,   SP ,   900 ,    30 ,   900 ,    3950.363644 ,       0.012063 ,       0.012097 ,   0.282631
   rocblas_wo_dt ,   SP ,  1000 ,    30 ,  1000 ,    3287.896299 ,       0.017683 ,       0.017936 ,   1.431904
   rocblas_wo_dt ,   SP ,  1100 ,    30 ,  1100 ,    3575.392021 ,       0.018971 ,       0.019360 ,   2.048511
   rocblas_wo_dt ,   SP ,  1200 ,    30 ,  1200 ,    3908.314927 ,       0.021503 ,       0.021766 ,   1.222974
   rocblas_wo_dt ,   SP ,  1300 ,    30 ,  1300 ,    3480.624864 ,       0.028276 ,       0.028597 ,   1.135770
   rocblas_wo_dt ,   SP ,  1400 ,    30 ,  1400 ,    3844.647385 ,       0.028980 ,       0.029981 ,   3.455368
   rocblas_wo_dt ,   SP ,  1500 ,    30 ,  1500 ,    4451.328497 ,       0.029664 ,       0.029822 ,   0.532873
   rocblas_wo_dt ,   SP ,  1600 ,    30 ,  1600 ,    5478.281209 ,       0.026910 ,       0.027461 ,   2.046602
   rocblas_wo_dt ,   SP ,  1700 ,    30 ,  1700 ,    5009.026950 ,       0.032771 ,       0.034070 ,   3.965078
   rocblas_wo_dt ,   SP ,  1800 ,    30 ,  1800 ,    5533.545783 ,       0.033860 ,       0.034568 ,   2.091255
   rocblas_wo_dt ,   SP ,  1900 ,    30 ,  1900 ,    5515.070675 ,       0.038412 ,       0.038579 ,   0.434486
   rocblas_wo_dt ,   SP ,  2000 ,    30 ,  2000 ,    6354.945494 ,       0.036802 ,       0.037129 ,   0.887536
   rocblas_wo_dt ,   SP ,  2100 ,    30 ,  2100 ,    5346.520450 ,       0.047941 ,       0.048621 ,   1.417346
   rocblas_wo_dt ,   SP ,  2200 ,    30 ,  2200 ,    5438.440460 ,       0.052350 ,       0.052500 ,   0.286924
   rocblas_wo_dt ,   SP ,  2300 ,    30 ,  2300 ,    6271.103782 ,       0.049469 ,       0.049739 ,   0.544605
   rocblas_wo_dt ,   SP ,  2400 ,    30 ,  2400 ,    7469.208905 ,       0.045278 ,       0.045488 ,   0.463377
   rocblas_wo_dt ,   SP ,  2500 ,    30 ,  2500 ,    7061.258561 ,       0.051961 ,       0.052221 ,   0.500138
   rocblas_wo_dt ,   SP ,  2600 ,    30 ,  2600 ,    7690.404406 ,       0.051661 ,       0.051830 ,   0.327672
   rocblas_wo_dt ,   SP ,  2700 ,    30 ,  2700 ,    7559.552573 ,       0.056670 ,       0.056839 ,   0.298708
   rocblas_wo_dt ,   SP ,  2800 ,    30 ,  2800 ,    7682.333801 ,       0.059290 ,       0.060251 ,   1.620557
   rocblas_wo_dt ,   SP ,  2900 ,    30 ,  2900 ,    7639.397980 ,       0.064681 ,       0.064912 ,   0.357551
   rocblas_wo_dt ,   SP ,  3000 ,    30 ,  3000 ,    4949.821336 ,       0.107071 ,       0.107222 ,   0.140284
   rocblas_wo_dt ,   SP ,   500 ,    31 ,   500 ,    1617.032498 ,       0.009408 ,       0.009429 ,   0.228079
   rocblas_wo_dt ,   SP ,   600 ,    31 ,   600 ,    2061.021137 ,       0.010309 ,       0.010650 ,   3.307123
   rocblas_wo_dt ,   SP ,   700 ,    31 ,   700 ,    2666.185948 ,       0.011139 ,       0.011208 ,   0.620719
   rocblas_wo_dt ,   SP ,   800 ,    31 ,   800 ,    1809.066148 ,       0.021360 ,       0.021570 ,   0.982252
   rocblas_wo_dt ,   SP ,   900 ,    31 ,   900 ,    4018.344747 ,       0.012259 ,       0.012290 ,   0.252830
   rocblas_wo_dt ,   SP ,  1000 ,    31 ,  1000 ,    2849.131711 ,       0.021061 ,       0.021413 ,   1.670893
   rocblas_wo_dt ,   SP ,  1100 ,    31 ,  1100 ,    3725.429474 ,       0.018978 ,       0.019441 ,   2.437186
   rocblas_wo_dt ,   SP ,  1200 ,    31 ,  1200 ,    4444.709238 ,       0.019360 ,       0.019460 ,   0.517241
   rocblas_wo_dt ,   SP ,  1300 ,    31 ,  1300 ,    3559.661508 ,       0.028671 ,       0.028984 ,   1.091846
   rocblas_wo_dt ,   SP ,  1400 ,    31 ,  1400 ,    3894.051146 ,       0.029860 ,       0.030670 ,   2.714788
   rocblas_wo_dt ,   SP ,  1500 ,    31 ,  1500 ,    4563.766488 ,       0.029858 ,       0.030084 ,   0.757787
   rocblas_wo_dt ,   SP ,  1600 ,    31 ,  1600 ,    5606.876043 ,       0.027192 ,       0.027740 ,   2.016659
   rocblas_wo_dt ,   SP ,  1700 ,    31 ,  1700 ,    5149.181967 ,       0.033498 ,       0.034242 ,   2.220641
   rocblas_wo_dt ,   SP ,  1800 ,    31 ,  1800 ,    5654.881891 ,       0.034451 ,       0.034981 ,   1.536332
   rocblas_wo_dt ,   SP ,  1900 ,    31 ,  1900 ,    5620.763474 ,       0.038970 ,       0.039158 ,   0.483328
   rocblas_wo_dt ,   SP ,  2000 ,    31 ,  2000 ,    6467.348056 ,       0.037510 ,       0.037708 ,   0.527554
   rocblas_wo_dt ,   SP ,  2100 ,    31 ,  2100 ,    5421.663084 ,       0.049450 ,       0.049570 ,   0.241068
   rocblas_wo_dt ,   SP ,  2200 ,    31 ,  2200 ,    5497.306518 ,       0.053482 ,       0.053561 ,   0.147111
   rocblas_wo_dt ,   SP ,  2300 ,    31 ,  2300 ,    6384.132878 ,       0.050271 ,       0.050509 ,   0.474271
   rocblas_wo_dt ,   SP ,  2400 ,    31 ,  2400 ,    7611.427558 ,       0.045261 ,       0.046182 ,   2.033291
   rocblas_wo_dt ,   SP ,  2500 ,    31 ,  2500 ,    7173.709181 ,       0.052879 ,       0.053148 ,   0.509491
   rocblas_wo_dt ,   SP ,  2600 ,    31 ,  2600 ,    7785.882404 ,       0.052741 ,       0.052929 ,   0.357127
   rocblas_wo_dt ,   SP ,  2700 ,    31 ,  2700 ,    7682.115888 ,       0.057721 ,       0.057840 ,   0.206526
   rocblas_wo_dt ,   SP ,  2800 ,    31 ,  2800 ,    7817.521439 ,       0.060711 ,       0.061181 ,   0.773641
   rocblas_wo_dt ,   SP ,  2900 ,    31 ,  2900 ,    7783.624966 ,       0.065699 ,       0.065870 ,   0.261286
   rocblas_wo_dt ,   SP ,  3000 ,    31 ,  3000 ,    5013.038823 ,       0.109129 ,       0.109470 ,   0.312418
   rocblas_wo_dt ,   SP ,   500 ,    32 ,   500 ,    1686.587189 ,       0.009301 ,       0.009332 ,   0.333248
   rocblas_wo_dt ,   SP ,   600 ,    32 ,   600 ,    2114.113647 ,       0.010691 ,       0.010719 ,   0.267618
   rocblas_wo_dt ,   SP ,   700 ,    32 ,   700 ,    2857.408443 ,       0.010750 ,       0.010800 ,   0.465735
   rocblas_wo_dt ,   SP ,   800 ,    32 ,   800 ,    1863.957877 ,       0.021422 ,       0.021660 ,   1.112966
   rocblas_wo_dt ,   SP ,   900 ,    32 ,   900 ,    4418.728186 ,       0.011509 ,       0.011541 ,   0.277594
   rocblas_wo_dt ,   SP ,  1000 ,    32 ,  1000 ,    4536.385573 ,       0.013730 ,       0.013892 ,   1.179065
   rocblas_wo_dt ,   SP ,  1100 ,    32 ,  1100 ,    3978.165417 ,       0.017941 ,       0.018380 ,   2.445183
   rocblas_wo_dt ,   SP ,  1200 ,    32 ,  1200 ,    4688.302534 ,       0.018699 ,       0.018840 ,   0.752263
   rocblas_wo_dt ,   SP ,  1300 ,    32 ,  1300 ,    4952.860931 ,       0.020690 ,       0.021479 ,   3.814243
   rocblas_wo_dt ,   SP ,  1400 ,    32 ,  1400 ,    4116.860598 ,       0.029845 ,       0.029983 ,   0.462538
   rocblas_wo_dt ,   SP ,  1500 ,    32 ,  1500 ,    4846.286079 ,       0.029105 ,       0.029251 ,   0.502150
   rocblas_wo_dt ,   SP ,  1600 ,    32 ,  1600 ,    5591.796628 ,       0.028542 ,       0.028857 ,   1.103463
   rocblas_wo_dt ,   SP ,  1700 ,    32 ,  1700 ,    6104.485031 ,       0.028722 ,       0.029829 ,   3.851581
   rocblas_wo_dt ,   SP ,  1800 ,    32 ,  1800 ,    6179.592405 ,       0.032620 ,       0.032868 ,   0.760123
   rocblas_wo_dt ,   SP ,  1900 ,    32 ,  1900 ,    6096.114205 ,       0.036900 ,       0.037310 ,   1.111326
   rocblas_wo_dt ,   SP ,  2000 ,    32 ,  2000 ,    7070.757080 ,       0.035470 ,       0.035620 ,   0.423472
   rocblas_wo_dt ,   SP ,  2100 ,    32 ,  2100 ,    5549.752223 ,       0.049801 ,       0.049992 ,   0.382995
   rocblas_wo_dt ,   SP ,  2200 ,    32 ,  2200 ,    5619.140067 ,       0.053909 ,       0.054140 ,   0.428995
   rocblas_wo_dt ,   SP ,  2300 ,    32 ,  2300 ,    6969.795444 ,       0.047588 ,       0.047789 ,   0.420842
   rocblas_wo_dt ,   SP ,  2400 ,    32 ,  2400 ,    8239.705534 ,       0.043750 ,       0.044062 ,   0.713896
   rocblas_wo_dt ,   SP ,  2500 ,    32 ,  2500 ,    7967.741918 ,       0.048611 ,       0.049410 ,   1.643043
   rocblas_wo_dt ,   SP ,  2600 ,    32 ,  2600 ,    8640.045986 ,       0.049078 ,       0.049241 ,   0.330338
   rocblas_wo_dt ,   SP ,  2700 ,    32 ,  2700 ,    8175.113637 ,       0.055909 ,       0.056131 ,   0.396588
   rocblas_wo_dt ,   SP ,  2800 ,    32 ,  2800 ,    8395.345162 ,       0.058291 ,       0.058830 ,   0.924373
   rocblas_wo_dt ,   SP ,  2900 ,    32 ,  2900 ,    8328.319579 ,       0.063369 ,       0.063601 ,   0.364950
   rocblas_wo_dt ,   SP ,  3000 ,    32 ,  3000 ,    5521.713989 ,       0.102119 ,       0.102701 ,   0.569668
