          kernel ,  prs ,     m ,     n ,     p ,        GLOPS/s ,   minimum (ms) ,     median (ms),   stab (%)
         rocblas ,   SP ,   500 ,     1 ,   500 ,       1.302001 ,       0.188047 ,       0.188603 ,   0.295727
         rocblas ,   SP ,   600 ,     1 ,   600 ,       0.971443 ,       0.369607 ,       0.370183 ,   0.155842
         rocblas ,   SP ,   700 ,     1 ,   700 ,       1.074757 ,       0.454611 ,       0.455157 ,   0.120248
         rocblas ,   SP ,   800 ,     1 ,   800 ,       1.234321 ,       0.504507 ,       0.519187 ,   2.909789
         rocblas ,   SP ,   900 ,     1 ,   900 ,       1.076568 ,       0.717074 ,       0.756588 ,   5.510504
         rocblas ,   SP ,  1000 ,     1 ,  1000 ,       1.000030 ,       0.994778 ,       0.999942 ,   0.519126
         rocblas ,   SP ,  1100 ,     1 ,  1100 ,       1.210106 ,       0.992560 ,       1.000037 ,   0.753285
         rocblas ,   SP ,  1200 ,     1 ,  1200 ,       1.440165 ,       0.997295 ,       1.000004 ,   0.271578
         rocblas ,   SP ,  1300 ,     1 ,  1300 ,       1.688456 ,       0.997100 ,       0.999942 ,   0.285022
         rocblas ,   SP ,  1400 ,     1 ,  1400 ,       1.938001 ,       0.995717 ,       1.000004 ,   0.430521
         rocblas ,   SP ,  1500 ,     1 ,  1500 ,       2.166781 ,       1.026182 ,       1.037884 ,   1.140303
         rocblas ,   SP ,  1600 ,     1 ,  1600 ,       1.884780 ,       1.333957 ,       1.340199 ,   0.467916
         rocblas ,   SP ,  1700 ,     1 ,  1700 ,       2.151448 ,       1.329880 ,       1.341419 ,   0.867707
         rocblas ,   SP ,  1800 ,     1 ,  1800 ,       2.144474 ,       1.496077 ,       1.501837 ,   0.385020
         rocblas ,   SP ,  1900 ,     1 ,  1900 ,       2.006015 ,       1.719279 ,       1.800103 ,   4.701034
         rocblas ,   SP ,  2000 ,     1 ,  2000 ,       1.999413 ,       1.989141 ,       2.000022 ,   0.547041
         rocblas ,   SP ,  2100 ,     1 ,  2100 ,       2.198421 ,       1.997504 ,       2.000437 ,   0.146811
         rocblas ,   SP ,  2200 ,     1 ,  2200 ,       2.215419 ,       2.151122 ,       2.181921 ,   1.431760
         rocblas ,   SP ,  2300 ,     1 ,  2300 ,       2.280673 ,       2.282639 ,       2.319860 ,   1.630653
         rocblas ,   SP ,  2400 ,     1 ,  2400 ,       2.197995 ,       2.594943 ,       2.612000 ,   0.657296
         rocblas ,   SP ,  2500 ,     1 ,  2500 ,       2.255544 ,       2.755542 ,       2.770901 ,   0.557383
         rocblas ,   SP ,  2600 ,     1 ,  2600 ,       2.253139 ,       2.993684 ,       3.000016 ,   0.211525
         rocblas ,   SP ,  2700 ,     1 ,  2700 ,       2.322501 ,       3.095579 ,       3.121719 ,   0.844437
         rocblas ,   SP ,  2800 ,     1 ,  2800 ,       2.329191 ,       3.344221 ,       3.366356 ,   0.661882
         rocblas ,   SP ,  2900 ,     1 ,  2900 ,       2.415213 ,       3.453460 ,       3.477063 ,   0.683472
         rocblas ,   SP ,  3000 ,     1 ,  3000 ,       2.416397 ,       3.702483 ,       3.716898 ,   0.389328
         rocblas ,   SP ,   500 ,     2 ,   500 ,       3.889263 ,       0.188603 ,       0.189425 ,   0.435603
         rocblas ,   SP ,   600 ,     2 ,   600 ,       2.868052 ,       0.375086 ,       0.376286 ,   0.319881
         rocblas ,   SP ,   700 ,     2 ,   700 ,       3.214692 ,       0.455629 ,       0.456618 ,   0.216972
         rocblas ,   SP ,   800 ,     2 ,   800 ,       3.715282 ,       0.503825 ,       0.511691 ,   1.561170
         rocblas ,   SP ,   900 ,     2 ,   900 ,       3.297743 ,       0.713082 ,       0.731735 ,   2.615793
         rocblas ,   SP ,  1000 ,     2 ,  1000 ,       2.999782 ,       0.999742 ,       1.000037 ,   0.029572
         rocblas ,   SP ,  1100 ,     2 ,  1100 ,       3.629973 ,       0.997081 ,       1.000018 ,   0.294592
         rocblas ,   SP ,  1200 ,     2 ,  1200 ,       4.304507 ,       0.990701 ,       1.000080 ,   0.946743
         rocblas ,   SP ,  1300 ,     2 ,  1300 ,       5.063902 ,       0.997100 ,       0.999980 ,   0.288847
         rocblas ,   SP ,  1400 ,     2 ,  1400 ,       5.334295 ,       1.091199 ,       1.100020 ,   0.808422
         rocblas ,   SP ,  1500 ,     2 ,  1500 ,       5.734474 ,       1.164761 ,       1.173840 ,   0.779472
         rocblas ,   SP ,  1600 ,     2 ,  1600 ,       5.477324 ,       1.332836 ,       1.403780 ,   5.322772
         rocblas ,   SP ,  1700 ,     2 ,  1700 ,       5.757636 ,       1.497498 ,       1.500120 ,   0.175132
         rocblas ,   SP ,  1800 ,     2 ,  1800 ,       6.356777 ,       1.509318 ,       1.522741 ,   0.889340
         rocblas ,   SP ,  1900 ,     2 ,  1900 ,       6.007513 ,       1.778884 ,       1.800160 ,   1.196057
         rocblas ,   SP ,  2000 ,     2 ,  2000 ,       5.986138 ,       1.991024 ,       2.000060 ,   0.453840
         rocblas ,   SP ,  2100 ,     2 ,  2100 ,       6.514357 ,       1.993842 ,       2.022576 ,   1.441148
         rocblas ,   SP ,  2200 ,     2 ,  2200 ,       6.586791 ,       2.187581 ,       2.197881 ,   0.470825
         rocblas ,   SP ,  2300 ,     2 ,  2300 ,       6.880544 ,       2.276721 ,       2.299962 ,   1.020812
         rocblas ,   SP ,  2400 ,     2 ,  2400 ,       6.623225 ,       2.597580 ,       2.608900 ,   0.435795
         rocblas ,   SP ,  2500 ,     2 ,  2500 ,       6.713791 ,       2.778959 ,       2.792039 ,   0.470667
         rocblas ,   SP ,  2600 ,     2 ,  2600 ,       6.748136 ,       2.998242 ,       3.000383 ,   0.071408
         rocblas ,   SP ,  2700 ,     2 ,  2700 ,       6.942471 ,       3.132601 ,       3.149600 ,   0.542656
         rocblas ,   SP ,  2800 ,     2 ,  2800 ,       6.958743 ,       3.359337 ,       3.376141 ,   0.500210
         rocblas ,   SP ,  2900 ,     2 ,  2900 ,       7.196667 ,       3.495040 ,       3.503399 ,   0.239166
         rocblas ,   SP ,  3000 ,     2 ,  3000 ,       7.267019 ,       3.654561 ,       3.712740 ,   1.591953
         rocblas ,   SP ,   500 ,     3 ,   500 ,       6.401012 ,       0.191139 ,       0.191717 ,   0.302194
         rocblas ,   SP ,   600 ,     3 ,   600 ,       4.822840 ,       0.370321 ,       0.371413 ,   0.294940
         rocblas ,   SP ,   700 ,     3 ,   700 ,       5.511847 ,       0.435486 ,       0.445154 ,   2.220019
         rocblas ,   SP ,   800 ,     3 ,   800 ,       6.190064 ,       0.504479 ,       0.511797 ,   1.450648
         rocblas ,   SP ,   900 ,     3 ,   900 ,       5.926547 ,       0.669029 ,       0.680795 ,   1.758767
         rocblas ,   SP ,  1000 ,     3 ,  1000 ,       4.999540 ,       0.999503 ,       1.000004 ,   0.050093
         rocblas ,   SP ,  1100 ,     3 ,  1100 ,       6.046622 ,       0.997739 ,       1.000018 ,   0.228445
         rocblas ,   SP ,  1200 ,     3 ,  1200 ,       7.200638 ,       0.996299 ,       1.000018 ,   0.373315
         rocblas ,   SP ,  1300 ,     3 ,  1300 ,       8.450455 ,       0.996919 ,       0.999999 ,   0.308989
         rocblas ,   SP ,  1400 ,     3 ,  1400 ,       8.905979 ,       1.088181 ,       1.099939 ,   1.080593
         rocblas ,   SP ,  1500 ,     3 ,  1500 ,       9.466009 ,       1.165619 ,       1.177721 ,   1.038258
         rocblas ,   SP ,  1600 ,     3 ,  1600 ,       9.475145 ,       1.333241 ,       1.346822 ,   1.018594
         rocblas ,   SP ,  1700 ,     3 ,  1700 ,       9.630936 ,       1.496639 ,       1.500101 ,   0.231307
         rocblas ,   SP ,  1800 ,     3 ,  1800 ,      10.619145 ,       1.505218 ,       1.523943 ,   1.244033
         rocblas ,   SP ,  1900 ,     3 ,  1900 ,       9.844275 ,       1.793580 ,       1.824799 ,   1.740571
         rocblas ,   SP ,  2000 ,     3 ,  2000 ,       9.960944 ,       1.991477 ,       2.000160 ,   0.436018
         rocblas ,   SP ,  2100 ,     3 ,  2100 ,      11.020116 ,       1.995540 ,       2.000318 ,   0.239429
         rocblas ,   SP ,  2200 ,     3 ,  2200 ,      11.249820 ,       2.126904 ,       2.136040 ,   0.429554
         rocblas ,   SP ,  2300 ,     3 ,  2300 ,      11.561158 ,       2.250781 ,       2.280397 ,   1.315826
         rocblas ,   SP ,  2400 ,     3 ,  2400 ,      10.901962 ,       2.612281 ,       2.629619 ,   0.663704
         rocblas ,   SP ,  2500 ,     3 ,  2500 ,      11.225434 ,       2.751904 ,       2.780261 ,   1.030469
         rocblas ,   SP ,  2600 ,     3 ,  2600 ,      11.212367 ,       2.997923 ,       3.001180 ,   0.108635
         rocblas ,   SP ,  2700 ,     3 ,  2700 ,      11.689196 ,       3.076921 ,       3.112283 ,   1.149274
         rocblas ,   SP ,  2800 ,     3 ,  2800 ,      11.803639 ,       3.307638 ,       3.315821 ,   0.247383
         rocblas ,   SP ,  2900 ,     3 ,  2900 ,      11.982314 ,       3.493862 ,       3.499064 ,   0.148898
         rocblas ,   SP ,  3000 ,     3 ,  3000 ,      12.088436 ,       3.700018 ,       3.721957 ,   0.592951
         rocblas ,   SP ,   500 ,     4 ,   500 ,       8.971031 ,       0.190464 ,       0.191781 ,   0.691382
         rocblas ,   SP ,   600 ,     4 ,   600 ,       7.173071 ,       0.349360 ,       0.350445 ,   0.310623
         rocblas ,   SP ,   700 ,     4 ,   700 ,       7.845216 ,       0.436293 ,       0.436850 ,   0.127638
         rocblas ,   SP ,   800 ,     4 ,   800 ,       8.780160 ,       0.504385 ,       0.509371 ,   0.988436
         rocblas ,   SP ,   900 ,     4 ,   900 ,       8.375619 ,       0.668051 ,       0.676287 ,   1.232835
         rocblas ,   SP ,  1000 ,     4 ,  1000 ,       7.002467 ,       0.997000 ,       0.999961 ,   0.297007
         rocblas ,   SP ,  1100 ,     4 ,  1100 ,       8.470011 ,       0.997319 ,       0.999999 ,   0.268703
         rocblas ,   SP ,  1200 ,     4 ,  1200 ,      10.052081 ,       0.999403 ,       1.000023 ,   0.062026
         rocblas ,   SP ,  1300 ,     4 ,  1300 ,      11.806731 ,       0.997877 ,       1.000042 ,   0.216945
         rocblas ,   SP ,  1400 ,     4 ,  1400 ,      12.313199 ,       1.107521 ,       1.113863 ,   0.572624
         rocblas ,   SP ,  1500 ,     4 ,  1500 ,      13.348578 ,       1.165099 ,       1.174140 ,   0.775971
         rocblas ,   SP ,  1600 ,     4 ,  1600 ,      13.186933 ,       1.333079 ,       1.353159 ,   1.506258
         rocblas ,   SP ,  1700 ,     4 ,  1700 ,      13.486183 ,       1.495700 ,       1.500077 ,   0.292663
         rocblas ,   SP ,  1800 ,     4 ,  1800 ,      14.688543 ,       1.509399 ,       1.535902 ,   1.755838
         rocblas ,   SP ,  1900 ,     4 ,  1900 ,      13.603862 ,       1.800499 ,       1.866817 ,   3.683341
         rocblas ,   SP ,  2000 ,     4 ,  2000 ,      14.001011 ,       1.989317 ,       2.000079 ,   0.541000
         rocblas ,   SP ,  2100 ,     4 ,  2100 ,      15.305943 ,       1.997719 ,       2.004600 ,   0.344431
         rocblas ,   SP ,  2200 ,     4 ,  2200 ,      15.526303 ,       2.157240 ,       2.173142 ,   0.737170
         rocblas ,   SP ,  2300 ,     4 ,  2300 ,      16.041121 ,       2.285681 ,       2.296357 ,   0.467099
         rocblas ,   SP ,  2400 ,     4 ,  2400 ,      15.331561 ,       2.617879 ,       2.626138 ,   0.315478
         rocblas ,   SP ,  2500 ,     4 ,  2500 ,      15.766469 ,       2.749019 ,       2.773781 ,   0.900763
         rocblas ,   SP ,  2600 ,     4 ,  2600 ,      15.756088 ,       2.997499 ,       3.000140 ,   0.088129
         rocblas ,   SP ,  2700 ,     4 ,  2700 ,      16.334798 ,       3.093157 ,       3.122020 ,   0.933123
         rocblas ,   SP ,  2800 ,     4 ,  2800 ,      16.353697 ,       3.328156 ,       3.338761 ,   0.318641
         rocblas ,   SP ,  2900 ,     4 ,  2900 ,      16.864643 ,       3.463702 ,       3.491163 ,   0.792824
         rocblas ,   SP ,  3000 ,     4 ,  3000 ,      16.832960 ,       3.709822 ,       3.727961 ,   0.488942
         rocblas ,   SP ,   500 ,     5 ,   500 ,      13.086942 ,       0.168464 ,       0.168696 ,   0.137512
         rocblas ,   SP ,   600 ,     5 ,   600 ,       9.065016 ,       0.355903 ,       0.357029 ,   0.316571
         rocblas ,   SP ,   700 ,     5 ,   700 ,      10.060668 ,       0.435608 ,       0.436300 ,   0.158919
         rocblas ,   SP ,   800 ,     5 ,   800 ,      11.205782 ,       0.504390 ,       0.508085 ,   0.732554
         rocblas ,   SP ,   900 ,     5 ,   900 ,      10.581828 ,       0.670133 ,       0.683066 ,   1.929833
         rocblas ,   SP ,  1000 ,     5 ,  1000 ,       8.999984 ,       0.994639 ,       1.000042 ,   0.543168
         rocblas ,   SP ,  1100 ,     5 ,  1100 ,      10.889862 ,       0.998802 ,       0.999999 ,   0.119830
         rocblas ,   SP ,  1200 ,     5 ,  1200 ,      12.945858 ,       0.996523 ,       1.000061 ,   0.355048
         rocblas ,   SP ,  1300 ,     5 ,  1300 ,      15.166037 ,       0.989480 ,       1.000037 ,   1.066942
         rocblas ,   SP ,  1400 ,     5 ,  1400 ,      15.767372 ,       1.090617 ,       1.115699 ,   2.299765
         rocblas ,   SP ,  1500 ,     5 ,  1500 ,      17.069843 ,       1.176043 ,       1.184440 ,   0.714013
         rocblas ,   SP ,  1600 ,     5 ,  1600 ,      16.598126 ,       1.332941 ,       1.384482 ,   3.866737
         rocblas ,   SP ,  1700 ,     5 ,  1700 ,      17.230607 ,       1.497140 ,       1.500139 ,   0.200336
         rocblas ,   SP ,  1800 ,     5 ,  1800 ,      18.851646 ,       1.519103 ,       1.539459 ,   1.340013
         rocblas ,   SP ,  1900 ,     5 ,  1900 ,      17.641580 ,       1.809959 ,       1.838660 ,   1.585717
         rocblas ,   SP ,  2000 ,     5 ,  2000 ,      17.931353 ,       1.991901 ,       2.000160 ,   0.414620
         rocblas ,   SP ,  2100 ,     5 ,  2100 ,      19.361235 ,       1.999717 ,       2.052202 ,   2.624645
         rocblas ,   SP ,  2200 ,     5 ,  2200 ,      19.977772 ,       2.168598 ,       2.179422 ,   0.499134
         rocblas ,   SP ,  2300 ,     5 ,  2300 ,      20.785345 ,       2.251139 ,       2.275720 ,   1.091934
         rocblas ,   SP ,  2400 ,     5 ,  2400 ,      19.741585 ,       2.608461 ,       2.620721 ,   0.469989
         rocblas ,   SP ,  2500 ,     5 ,  2500 ,      20.198099 ,       2.768340 ,       2.779579 ,   0.405985
         rocblas ,   SP ,  2600 ,     5 ,  2600 ,      20.266854 ,       2.995958 ,       3.000298 ,   0.144836
         rocblas ,   SP ,  2700 ,     5 ,  2700 ,      21.208846 ,       3.076482 ,       3.086920 ,   0.339283
         rocblas ,   SP ,  2800 ,     5 ,  2800 ,      21.211220 ,       3.299723 ,       3.313661 ,   0.422398
         rocblas ,   SP ,  2900 ,     5 ,  2900 ,      21.565494 ,       3.490896 ,       3.502340 ,   0.327827
         rocblas ,   SP ,  3000 ,     5 ,  3000 ,      21.597123 ,       3.730659 ,       3.749037 ,   0.492602
         rocblas ,   SP ,   500 ,     6 ,   500 ,      15.492459 ,       0.173611 ,       0.174015 ,   0.232893
         rocblas ,   SP ,   600 ,     6 ,   600 ,      11.247443 ,       0.350124 ,       0.350947 ,   0.234819
         rocblas ,   SP ,   700 ,     6 ,   700 ,      12.133495 ,       0.442914 ,       0.444175 ,   0.284527
         rocblas ,   SP ,   800 ,     6 ,   800 ,      13.734181 ,       0.504075 ,       0.505436 ,   0.270022
         rocblas ,   SP ,   900 ,     6 ,   900 ,      12.918609 ,       0.665984 ,       0.677589 ,   1.742591
         rocblas ,   SP ,  1000 ,     6 ,  1000 ,      11.001383 ,       0.997200 ,       1.000023 ,   0.283080
         rocblas ,   SP ,  1100 ,     6 ,  1100 ,      13.309747 ,       0.999398 ,       0.999999 ,   0.060118
         rocblas ,   SP ,  1200 ,     6 ,  1200 ,      15.842073 ,       0.997357 ,       1.000023 ,   0.267258
         rocblas ,   SP ,  1300 ,     6 ,  1300 ,      18.577299 ,       0.997796 ,       1.000023 ,   0.223175
         rocblas ,   SP ,  1400 ,     6 ,  1400 ,      19.334419 ,       1.107740 ,       1.113324 ,   0.504068
         rocblas ,   SP ,  1500 ,     6 ,  1500 ,      20.850967 ,       1.168199 ,       1.177840 ,   0.825343
         rocblas ,   SP ,  1600 ,     6 ,  1600 ,      20.392759 ,       1.333399 ,       1.373277 ,   2.990695
         rocblas ,   SP ,  1700 ,     6 ,  1700 ,      21.130974 ,       1.497779 ,       1.500101 ,   0.155043
         rocblas ,   SP ,  1800 ,     6 ,  1800 ,      22.874755 ,       1.543479 ,       1.556120 ,   0.818991
         rocblas ,   SP ,  1900 ,     6 ,  1900 ,      21.713353 ,       1.804843 ,       1.825142 ,   1.124694
         rocblas ,   SP ,  2000 ,     6 ,  2000 ,      21.975612 ,       1.987743 ,       2.000136 ,   0.623471
         rocblas ,   SP ,  2100 ,     6 ,  2100 ,      24.102852 ,       1.998482 ,       2.004580 ,   0.305169
         rocblas ,   SP ,  2200 ,     6 ,  2200 ,      24.598396 ,       2.140803 ,       2.156959 ,   0.754635
         rocblas ,   SP ,  2300 ,     6 ,  2300 ,      25.522397 ,       2.259517 ,       2.270203 ,   0.472929
         rocblas ,   SP ,  2400 ,     6 ,  2400 ,      24.054002 ,       2.616439 ,       2.625818 ,   0.358479
         rocblas ,   SP ,  2500 ,     6 ,  2500 ,      24.796294 ,       2.751598 ,       2.767377 ,   0.573432
         rocblas ,   SP ,  2600 ,     6 ,  2600 ,      24.750091 ,       2.997942 ,       3.000040 ,   0.069984
         rocblas ,   SP ,  2700 ,     6 ,  2700 ,      25.618365 ,       3.109498 ,       3.124199 ,   0.472774
         rocblas ,   SP ,  2800 ,     6 ,  2800 ,      25.694780 ,       3.341823 ,       3.351860 ,   0.300358
         rocblas ,   SP ,  2900 ,     6 ,  2900 ,      26.513606 ,       3.458004 ,       3.488598 ,   0.884726
         rocblas ,   SP ,  3000 ,     6 ,  3000 ,      26.548095 ,       3.707118 ,       3.720303 ,   0.355655
         rocblas ,   SP ,   500 ,     7 ,   500 ,      18.082978 ,       0.175922 ,       0.176245 ,   0.183378
         rocblas ,   SP ,   600 ,     7 ,   600 ,      13.322882 ,       0.349894 ,       0.350534 ,   0.182913
         rocblas ,   SP ,   700 ,     7 ,   700 ,      14.305991 ,       0.443260 ,       0.444389 ,   0.254722
         rocblas ,   SP ,   800 ,     7 ,   800 ,      16.261244 ,       0.504225 ,       0.504910 ,   0.135859
         rocblas ,   SP ,   900 ,     7 ,   900 ,      15.384762 ,       0.665985 ,       0.680810 ,   2.225878
         rocblas ,   SP ,  1000 ,     7 ,  1000 ,      13.000283 ,       0.998840 ,       0.999980 ,   0.114096
         rocblas ,   SP ,  1100 ,     7 ,  1100 ,      15.727869 ,       0.999818 ,       1.000042 ,   0.022415
         rocblas ,   SP ,  1200 ,     7 ,  1200 ,      18.720449 ,       0.998783 ,       1.000023 ,   0.124129
         rocblas ,   SP ,  1300 ,     7 ,  1300 ,      21.973080 ,       0.996881 ,       1.000042 ,   0.317132
         rocblas ,   SP ,  1400 ,     7 ,  1400 ,      22.544913 ,       1.091323 ,       1.127920 ,   3.353476
         rocblas ,   SP ,  1500 ,     7 ,  1500 ,      24.748352 ,       1.165500 ,       1.177382 ,   1.019544
         rocblas ,   SP ,  1600 ,     7 ,  1600 ,      24.113088 ,       1.353617 ,       1.373982 ,   1.504541
         rocblas ,   SP ,  1700 ,     7 ,  1700 ,      24.971333 ,       1.496158 ,       1.500096 ,   0.263253
         rocblas ,   SP ,  1800 ,     7 ,  1800 ,      27.278482 ,       1.520157 ,       1.538620 ,   1.214555
         rocblas ,   SP ,  1900 ,     7 ,  1900 ,      25.646541 ,       1.811500 ,       1.820621 ,   0.503555
         rocblas ,   SP ,  2000 ,     7 ,  2000 ,      25.851384 ,       1.988239 ,       2.000141 ,   0.598613
         rocblas ,   SP ,  2100 ,     7 ,  2100 ,      28.128545 ,       2.000561 ,       2.023783 ,   1.160773
         rocblas ,   SP ,  2200 ,     7 ,  2200 ,      29.107292 ,       2.126403 ,       2.147160 ,   0.976142
         rocblas ,   SP ,  2300 ,     7 ,  2300 ,      29.558663 ,       2.291036 ,       2.311659 ,   0.900170
         rocblas ,   SP ,  2400 ,     7 ,  2400 ,      28.428000 ,       2.617078 ,       2.626982 ,   0.378434
         rocblas ,   SP ,  2500 ,     7 ,  2500 ,      28.797832 ,       2.790599 ,       2.808318 ,   0.634963
         rocblas ,   SP ,  2600 ,     7 ,  2600 ,      29.080135 ,       2.997341 ,       3.003840 ,   0.216835
         rocblas ,   SP ,  2700 ,     7 ,  2700 ,      30.417944 ,       3.080540 ,       3.101997 ,   0.696556
         rocblas ,   SP ,  2800 ,     7 ,  2800 ,      30.491447 ,       3.317556 ,       3.334341 ,   0.505935
         rocblas ,   SP ,  2900 ,     7 ,  2900 ,      31.130415 ,       3.494301 ,       3.499961 ,   0.161980
         rocblas ,   SP ,  3000 ,     7 ,  3000 ,      30.995932 ,       3.753181 ,       3.770418 ,   0.459281
         rocblas ,   SP ,   500 ,     8 ,   500 ,      21.090506 ,       0.174006 ,       0.174541 ,   0.307937
         rocblas ,   SP ,   600 ,     8 ,   600 ,      15.359847 ,       0.350572 ,       0.351259 ,   0.196001
         rocblas ,   SP ,   700 ,     8 ,   700 ,      16.672615 ,       0.437036 ,       0.438464 ,   0.326737
         rocblas ,   SP ,   800 ,     8 ,   800 ,      18.718176 ,       0.504235 ,       0.511606 ,   1.461784
         rocblas ,   SP ,   900 ,     8 ,   900 ,      17.792071 ,       0.665949 ,       0.682640 ,   2.506357
         rocblas ,   SP ,  1000 ,     8 ,  1000 ,      15.004920 ,       0.994363 ,       1.000018 ,   0.568735
         rocblas ,   SP ,  1100 ,     8 ,  1100 ,      18.150777 ,       0.998058 ,       1.000018 ,   0.196361
         rocblas ,   SP ,  1200 ,     8 ,  1200 ,      21.544448 ,       0.995040 ,       1.000023 ,   0.500779
         rocblas ,   SP ,  1300 ,     8 ,  1300 ,      25.334000 ,       0.998759 ,       1.000018 ,   0.126041
         rocblas ,   SP ,  1400 ,     8 ,  1400 ,      26.446287 ,       1.099596 ,       1.104822 ,   0.475278
         rocblas ,   SP ,  1500 ,     8 ,  1500 ,      27.967327 ,       1.197019 ,       1.201000 ,   0.332626
         rocblas ,   SP ,  1600 ,     8 ,  1600 ,      26.295148 ,       1.425424 ,       1.460319 ,   2.448040
         rocblas ,   SP ,  1700 ,     8 ,  1700 ,      28.874971 ,       1.496062 ,       1.500082 ,   0.268688
         rocblas ,   SP ,  1800 ,     8 ,  1800 ,      31.089224 ,       1.548080 ,       1.561499 ,   0.866764
         rocblas ,   SP ,  1900 ,     8 ,  1900 ,      28.698831 ,       1.834922 ,       1.885076 ,   2.733290
         rocblas ,   SP ,  2000 ,     8 ,  2000 ,      29.975279 ,       1.991038 ,       2.000041 ,   0.452160
         rocblas ,   SP ,  2100 ,     8 ,  2100 ,      32.823451 ,       1.996140 ,       2.000203 ,   0.203525
         rocblas ,   SP ,  2200 ,     8 ,  2200 ,      33.636717 ,       2.142220 ,       2.156978 ,   0.688917
         rocblas ,   SP ,  2300 ,     8 ,  2300 ,      33.850372 ,       2.312021 ,       2.328939 ,   0.731749
         rocblas ,   SP ,  2400 ,     8 ,  2400 ,      32.431882 ,       2.640080 ,       2.659559 ,   0.737811
         rocblas ,   SP ,  2500 ,     8 ,  2500 ,      33.779662 ,       2.749043 ,       2.765265 ,   0.590096
         rocblas ,   SP ,  2600 ,     8 ,  2600 ,      33.753826 ,       2.998242 ,       3.000541 ,   0.076657
         rocblas ,   SP ,  2700 ,     8 ,  2700 ,      34.788058 ,       3.122120 ,       3.135962 ,   0.443371
         rocblas ,   SP ,  2800 ,     8 ,  2800 ,      34.869756 ,       3.356657 ,       3.369522 ,   0.383270
         rocblas ,   SP ,  2900 ,     8 ,  2900 ,      35.950503 ,       3.486619 ,       3.498678 ,   0.345871
         rocblas ,   SP ,  3000 ,     8 ,  3000 ,      35.909294 ,       3.739920 ,       3.758621 ,   0.500052
         rocblas ,   SP ,   500 ,     9 ,   500 ,      23.973585 ,       0.173467 ,       0.173951 ,   0.279138
         rocblas ,   SP ,   600 ,     9 ,   600 ,      17.425177 ,       0.349678 ,       0.350823 ,   0.327234
         rocblas ,   SP ,   700 ,     9 ,   700 ,      18.958779 ,       0.437839 ,       0.438821 ,   0.224426
         rocblas ,   SP ,   800 ,     9 ,   800 ,      21.410923 ,       0.504479 ,       0.507117 ,   0.522970
         rocblas ,   SP ,   900 ,     9 ,   900 ,      20.037224 ,       0.667824 ,       0.676521 ,   1.302291
         rocblas ,   SP ,  1000 ,     9 ,  1000 ,      16.996602 ,       0.999079 ,       1.000099 ,   0.102137
         rocblas ,   SP ,  1100 ,     9 ,  1100 ,      20.569312 ,       0.995698 ,       1.000018 ,   0.433881
         rocblas ,   SP ,  1200 ,     9 ,  1200 ,      24.452086 ,       0.997162 ,       0.999999 ,   0.284526
         rocblas ,   SP ,  1300 ,     9 ,  1300 ,      28.656378 ,       0.995221 ,       1.000018 ,   0.482002
         rocblas ,   SP ,  1400 ,     9 ,  1400 ,      29.959856 ,       1.107965 ,       1.113520 ,   0.501384
         rocblas ,   SP ,  1500 ,     9 ,  1500 ,      31.676288 ,       1.198797 ,       1.203318 ,   0.377079
         rocblas ,   SP ,  1600 ,     9 ,  1600 ,      29.833900 ,       1.432481 ,       1.459498 ,   1.886070
         rocblas ,   SP ,  1700 ,     9 ,  1700 ,      32.745480 ,       1.496139 ,       1.500001 ,   0.258157
         rocblas ,   SP ,  1800 ,     9 ,  1800 ,      35.529011 ,       1.523199 ,       1.539502 ,   1.070317
         rocblas ,   SP ,  1900 ,     9 ,  1900 ,      32.523600 ,       1.839781 ,       1.884923 ,   2.453671
         rocblas ,   SP ,  2000 ,     9 ,  2000 ,      33.903048 ,       1.988940 ,       2.000141 ,   0.563159
         rocblas ,   SP ,  2100 ,     9 ,  2100 ,      37.064750 ,       1.997662 ,       2.008400 ,   0.537547
         rocblas ,   SP ,  2200 ,     9 ,  2200 ,      37.863833 ,       2.136941 ,       2.176142 ,   1.834435
         rocblas ,   SP ,  2300 ,     9 ,  2300 ,      38.537803 ,       2.302861 ,       2.327356 ,   1.063682
         rocblas ,   SP ,  2400 ,     9 ,  2400 ,      37.024132 ,       2.630801 ,       2.642460 ,   0.443160
         rocblas ,   SP ,  2500 ,     9 ,  2500 ,      37.599685 ,       2.807517 ,       2.821584 ,   0.501037
         rocblas ,   SP ,  2600 ,     9 ,  2600 ,      38.241077 ,       2.998238 ,       3.000059 ,   0.060753
         rocblas ,   SP ,  2700 ,     9 ,  2700 ,      39.478658 ,       3.121157 ,       3.129158 ,   0.256358
         rocblas ,   SP ,  2800 ,     9 ,  2800 ,      39.124798 ,       3.390622 ,       3.402462 ,   0.349195
         rocblas ,   SP ,  2900 ,     9 ,  2900 ,      40.666808 ,       3.497458 ,       3.505883 ,   0.240910
         rocblas ,   SP ,  3000 ,     9 ,  3000 ,      40.752868 ,       3.740020 ,       3.754520 ,   0.387715
         rocblas ,   SP ,   500 ,    10 ,   500 ,      26.559010 ,       0.175111 ,       0.175601 ,   0.279675
         rocblas ,   SP ,   600 ,    10 ,   600 ,      19.476995 ,       0.350015 ,       0.350469 ,   0.129602
         rocblas ,   SP ,   700 ,    10 ,   700 ,      21.187792 ,       0.438157 ,       0.438878 ,   0.164602
         rocblas ,   SP ,   800 ,    10 ,   800 ,      23.684981 ,       0.503963 ,       0.506958 ,   0.594358
         rocblas ,   SP ,   900 ,    10 ,   900 ,      22.528470 ,       0.665935 ,       0.676625 ,   1.605303
         rocblas ,   SP ,  1000 ,    10 ,  1000 ,      19.000933 ,       0.991678 ,       1.000061 ,   0.845314
         rocblas ,   SP ,  1100 ,    10 ,  1100 ,      22.981564 ,       0.995178 ,       1.000023 ,   0.486814
         rocblas ,   SP ,  1200 ,    10 ,  1200 ,      27.358905 ,       0.997281 ,       0.999985 ,   0.271104
         rocblas ,   SP ,  1300 ,    10 ,  1300 ,      31.992133 ,       0.994802 ,       1.000123 ,   0.534931
         rocblas ,   SP ,  1400 ,    10 ,  1400 ,      33.461423 ,       1.099663 ,       1.104259 ,   0.418011
         rocblas ,   SP ,  1500 ,    10 ,  1500 ,      35.443397 ,       1.198716 ,       1.202221 ,   0.292376
         rocblas ,   SP ,  1600 ,    10 ,  1600 ,      34.310574 ,       1.400242 ,       1.419458 ,   1.372373
         rocblas ,   SP ,  1700 ,    10 ,  1700 ,      36.160984 ,       1.498299 ,       1.511998 ,   0.914339
         rocblas ,   SP ,  1800 ,    10 ,  1800 ,      39.777155 ,       1.524081 ,       1.540837 ,   1.099420
         rocblas ,   SP ,  1900 ,    10 ,  1900 ,      36.704705 ,       1.820097 ,       1.864223 ,   2.424404
         rocblas ,   SP ,  2000 ,    10 ,  2000 ,      38.007442 ,       1.989079 ,       2.000041 ,   0.551134
         rocblas ,   SP ,  2100 ,    10 ,  2100 ,      41.168214 ,       2.003241 ,       2.029481 ,   1.309895
         rocblas ,   SP ,  2200 ,    10 ,  2200 ,      42.380894 ,       2.155800 ,       2.171221 ,   0.715322
         rocblas ,   SP ,  2300 ,    10 ,  2300 ,      44.034431 ,       2.264738 ,       2.275162 ,   0.460259
         rocblas ,   SP ,  2400 ,    10 ,  2400 ,      41.903518 ,       2.599039 ,       2.607799 ,   0.337028
         rocblas ,   SP ,  2500 ,    10 ,  2500 ,      42.193298 ,       2.798424 ,       2.809820 ,   0.407244
         rocblas ,   SP ,  2600 ,    10 ,  2600 ,      42.795398 ,       2.987976 ,       3.000302 ,   0.412528
         rocblas ,   SP ,  2700 ,    10 ,  2700 ,      44.086439 ,       3.115501 ,       3.134742 ,   0.617569
         rocblas ,   SP ,  2800 ,    10 ,  2800 ,      44.808303 ,       3.307943 ,       3.319359 ,   0.345093
         rocblas ,   SP ,  2900 ,    10 ,  2900 ,      45.587955 ,       3.490300 ,       3.498240 ,   0.227469
         rocblas ,   SP ,  3000 ,    10 ,  3000 ,      45.653144 ,       3.711839 ,       3.744540 ,   0.881005
         rocblas ,   SP ,   500 ,    11 ,   500 ,      30.045073 ,       0.170951 ,       0.171596 ,   0.377061
         rocblas ,   SP ,   600 ,    11 ,   600 ,      21.432113 ,       0.351342 ,       0.351841 ,   0.142125
         rocblas ,   SP ,   700 ,    11 ,   700 ,      23.031522 ,       0.439622 ,       0.445850 ,   1.416828
         rocblas ,   SP ,   800 ,    11 ,   800 ,      26.304461 ,       0.504615 ,       0.509685 ,   1.004845
         rocblas ,   SP ,   900 ,    11 ,   900 ,      23.608387 ,       0.702742 ,       0.717619 ,   2.116938
         rocblas ,   SP ,  1000 ,    11 ,  1000 ,      21.005118 ,       0.988955 ,       0.999999 ,   1.116688
         rocblas ,   SP ,  1100 ,    11 ,  1100 ,      25.402374 ,       0.999660 ,       1.000061 ,   0.040068
         rocblas ,   SP ,  1200 ,    11 ,  1200 ,      30.114152 ,       0.994940 ,       1.000056 ,   0.514248
         rocblas ,   SP ,  1300 ,    11 ,  1300 ,      35.335312 ,       0.999899 ,       1.000099 ,   0.020029
         rocblas ,   SP ,  1400 ,    11 ,  1400 ,      36.591024 ,       1.102901 ,       1.124158 ,   1.927409
         rocblas ,   SP ,  1500 ,    11 ,  1500 ,      40.102905 ,       1.172004 ,       1.174102 ,   0.179017
         rocblas ,   SP ,  1600 ,    11 ,  1600 ,      37.585642 ,       1.407399 ,       1.426640 ,   1.367088
         rocblas ,   SP ,  1700 ,    11 ,  1700 ,      40.456928 ,       1.497459 ,       1.499958 ,   0.166858
         rocblas ,   SP ,  1800 ,    11 ,  1800 ,      43.715559 ,       1.527944 ,       1.555119 ,   1.778531
         rocblas ,   SP ,  1900 ,    11 ,  1900 ,      39.918041 ,       1.871262 ,       1.896038 ,   1.324051
         rocblas ,   SP ,  2000 ,    11 ,  2000 ,      41.749978 ,       1.990161 ,       2.001281 ,   0.558741
         rocblas ,   SP ,  2100 ,    11 ,  2100 ,      45.421434 ,       1.999702 ,       2.034001 ,   1.715200
         rocblas ,   SP ,  2200 ,    11 ,  2200 ,      46.816487 ,       2.155600 ,       2.162938 ,   0.340440
         rocblas ,   SP ,  2300 ,    11 ,  2300 ,      47.591237 ,       2.300339 ,       2.320919 ,   0.894664
         rocblas ,   SP ,  2400 ,    11 ,  2400 ,      45.827911 ,       2.616119 ,       2.631340 ,   0.581802
         rocblas ,   SP ,  2500 ,    11 ,  2500 ,      46.633560 ,       2.779980 ,       2.808223 ,   1.015945
         rocblas ,   SP ,  2600 ,    11 ,  2600 ,      47.231656 ,       2.992458 ,       3.000417 ,   0.265949
         rocblas ,   SP ,  2700 ,    11 ,  2700 ,      48.295801 ,       3.152843 ,       3.164997 ,   0.385512
         rocblas ,   SP ,  2800 ,    11 ,  2800 ,      48.786530 ,       3.355279 ,       3.369398 ,   0.420804
         rocblas ,   SP ,  2900 ,    11 ,  2900 ,      50.197879 ,       3.495579 ,       3.504143 ,   0.244995
         rocblas ,   SP ,  3000 ,    11 ,  3000 ,      50.277874 ,       3.711481 ,       3.740621 ,   0.785118
         rocblas ,   SP ,   500 ,    12 ,   500 ,      32.943246 ,       0.170863 ,       0.171237 ,   0.218657
         rocblas ,   SP ,   600 ,    12 ,   600 ,      23.428942 ,       0.351643 ,       0.352926 ,   0.365007
         rocblas ,   SP ,   700 ,    12 ,   700 ,      25.458141 ,       0.438582 ,       0.439678 ,   0.249867
         rocblas ,   SP ,   800 ,    12 ,   800 ,      28.646772 ,       0.504015 ,       0.507038 ,   0.599849
         rocblas ,   SP ,   900 ,    12 ,   900 ,      25.024315 ,       0.724742 ,       0.741477 ,   2.309082
         rocblas ,   SP ,  1000 ,    12 ,  1000 ,      22.997385 ,       0.999622 ,       1.000056 ,   0.043409
         rocblas ,   SP ,  1100 ,    12 ,  1100 ,      27.830319 ,       0.998840 ,       1.000018 ,   0.117916
         rocblas ,   SP ,  1200 ,    12 ,  1200 ,      33.019915 ,       0.999641 ,       1.000042 ,   0.040069
         rocblas ,   SP ,  1300 ,    12 ,  1300 ,      38.848449 ,       0.997682 ,       1.000037 ,   0.236105
         rocblas ,   SP ,  1400 ,    12 ,  1400 ,      40.196335 ,       1.101799 ,       1.113281 ,   1.042135
         rocblas ,   SP ,  1500 ,    12 ,  1500 ,      43.019872 ,       1.199541 ,       1.200700 ,   0.096596
         rocblas ,   SP ,  1600 ,    12 ,  1600 ,      40.890537 ,       1.413002 ,       1.432600 ,   1.386977
         rocblas ,   SP ,  1700 ,    12 ,  1700 ,      44.306272 ,       1.495919 ,       1.500001 ,   0.272857
         rocblas ,   SP ,  1800 ,    12 ,  1800 ,      48.054114 ,       1.532378 ,       1.540222 ,   0.511882
         rocblas ,   SP ,  1900 ,    12 ,  1900 ,      44.239088 ,       1.838036 ,       1.871438 ,   1.817290
         rocblas ,   SP ,  2000 ,    12 ,  2000 ,      45.963498 ,       1.990943 ,       2.000079 ,   0.458888
         rocblas ,   SP ,  2100 ,    12 ,  2100 ,      49.870452 ,       2.000022 ,       2.032580 ,   1.627904
         rocblas ,   SP ,  2200 ,    12 ,  2200 ,      50.684008 ,       2.180820 ,       2.194300 ,   0.618125
         rocblas ,   SP ,  2300 ,    12 ,  2300 ,      52.491804 ,       2.270761 ,       2.310243 ,   1.738718
         rocblas ,   SP ,  2400 ,    12 ,  2400 ,      50.408203 ,       2.600060 ,       2.610660 ,   0.407686
         rocblas ,   SP ,  2500 ,    12 ,  2500 ,      51.752143 ,       2.763977 ,       2.774501 ,   0.380748
         rocblas ,   SP ,  2600 ,    12 ,  2600 ,      51.653256 ,       2.991142 ,       3.000560 ,   0.314847
         rocblas ,   SP ,  2700 ,    12 ,  2700 ,      53.200969 ,       3.140917 ,       3.151479 ,   0.336269
         rocblas ,   SP ,  2800 ,    12 ,  2800 ,      54.104378 ,       3.315859 ,       3.324919 ,   0.273230
         rocblas ,   SP ,  2900 ,    12 ,  2900 ,      55.196340 ,       3.496060 ,       3.504200 ,   0.232822
         rocblas ,   SP ,  3000 ,    12 ,  3000 ,      55.973180 ,       3.670521 ,       3.690481 ,   0.543803
         rocblas ,   SP ,   500 ,    13 ,   500 ,      35.615304 ,       0.171495 ,       0.171979 ,   0.282347
         rocblas ,   SP ,   600 ,    13 ,   600 ,      24.767451 ,       0.362401 ,       0.363327 ,   0.255586
         rocblas ,   SP ,   700 ,    13 ,   700 ,      27.650128 ,       0.439925 ,       0.440753 ,   0.188329
         rocblas ,   SP ,   800 ,    13 ,   800 ,      31.394543 ,       0.504507 ,       0.509343 ,   0.958466
         rocblas ,   SP ,   900 ,    13 ,   900 ,      29.567614 ,       0.669316 ,       0.680722 ,   1.704056
         rocblas ,   SP ,  1000 ,    13 ,  1000 ,      25.001634 ,       0.997758 ,       1.000004 ,   0.225095
         rocblas ,   SP ,  1100 ,    13 ,  1100 ,      30.247624 ,       0.995579 ,       1.000023 ,   0.446386
         rocblas ,   SP ,  1200 ,    13 ,  1200 ,      36.002831 ,       0.995698 ,       1.000023 ,   0.434360
         rocblas ,   SP ,  1300 ,    13 ,  1300 ,      42.254763 ,       0.995040 ,       0.999980 ,   0.496466
         rocblas ,   SP ,  1400 ,    13 ,  1400 ,      43.972654 ,       1.107802 ,       1.113639 ,   0.526853
         rocblas ,   SP ,  1500 ,    13 ,  1500 ,      47.347990 ,       1.176958 ,       1.188078 ,   0.944795
         rocblas ,   SP ,  1600 ,    13 ,  1600 ,      44.598562 ,       1.420999 ,       1.427383 ,   0.449321
         rocblas ,   SP ,  1700 ,    13 ,  1700 ,      47.786010 ,       1.497364 ,       1.500201 ,   0.189478
         rocblas ,   SP ,  1800 ,    13 ,  1800 ,      51.604438 ,       1.559143 ,       1.567001 ,   0.504013
         rocblas ,   SP ,  1900 ,    13 ,  1900 ,      47.564439 ,       1.850839 ,       1.900120 ,   2.662637
         rocblas ,   SP ,  2000 ,    13 ,  2000 ,      49.965859 ,       1.992860 ,       2.000079 ,   0.362259
         rocblas ,   SP ,  2100 ,    13 ,  2100 ,      54.560773 ,       1.996779 ,       2.002759 ,   0.299459
         rocblas ,   SP ,  2200 ,    13 ,  2200 ,      55.006228 ,       2.172999 ,       2.185760 ,   0.587214
         rocblas ,   SP ,  2300 ,    13 ,  2300 ,      56.969838 ,       2.301841 ,       2.312903 ,   0.480599
         rocblas ,   SP ,  2400 ,    13 ,  2400 ,      53.973544 ,       2.644820 ,       2.665124 ,   0.767679
         rocblas ,   SP ,  2500 ,    13 ,  2500 ,      55.379470 ,       2.785420 ,       2.814083 ,   1.029025
         rocblas ,   SP ,  2600 ,    13 ,  2600 ,      55.891420 ,       2.994637 ,       3.000722 ,   0.203178
         rocblas ,   SP ,  2700 ,    13 ,  2700 ,      57.349996 ,       3.165302 ,       3.174162 ,   0.279899
         rocblas ,   SP ,  2800 ,    13 ,  2800 ,      58.754798 ,       3.319020 ,       3.327961 ,   0.269378
         rocblas ,   SP ,  2900 ,    13 ,  2900 ,      59.915573 ,       3.467879 ,       3.500423 ,   0.938445
         rocblas ,   SP ,  3000 ,    13 ,  3000 ,      60.456350 ,       3.697300 ,       3.720498 ,   0.627434
         rocblas ,   SP ,   500 ,    14 ,   500 ,      37.772920 ,       0.174799 ,       0.175381 ,   0.333256
         rocblas ,   SP ,   600 ,    14 ,   600 ,      27.355208 ,       0.354419 ,       0.354941 ,   0.147439
         rocblas ,   SP ,   700 ,    14 ,   700 ,      29.724293 ,       0.440511 ,       0.441464 ,   0.216493
         rocblas ,   SP ,   800 ,    14 ,   800 ,      33.685705 ,       0.504343 ,       0.507513 ,   0.628533
         rocblas ,   SP ,   900 ,    14 ,   900 ,      29.682571 ,       0.713287 ,       0.733919 ,   2.892520
         rocblas ,   SP ,  1000 ,    14 ,  1000 ,      27.000653 ,       0.995383 ,       0.999999 ,   0.463719
         rocblas ,   SP ,  1100 ,    14 ,  1100 ,      32.663183 ,       0.995698 ,       0.999980 ,   0.430050
         rocblas ,   SP ,  1200 ,    14 ,  1200 ,      38.884552 ,       0.994420 ,       1.000037 ,   0.564866
         rocblas ,   SP ,  1300 ,    14 ,  1300 ,      45.574125 ,       0.990882 ,       1.000042 ,   0.924433
         rocblas ,   SP ,  1400 ,    14 ,  1400 ,      47.472799 ,       1.106000 ,       1.113582 ,   0.685507
         rocblas ,   SP ,  1500 ,    14 ,  1500 ,      50.873959 ,       1.173382 ,       1.186218 ,   1.093971
         rocblas ,   SP ,  1600 ,    14 ,  1600 ,      47.515463 ,       1.421142 ,       1.453800 ,   2.298052
         rocblas ,   SP ,  1700 ,    14 ,  1700 ,      51.072136 ,       1.499681 ,       1.528678 ,   1.933508
         rocblas ,   SP ,  1800 ,    14 ,  1800 ,      55.604188 ,       1.560941 ,       1.570220 ,   0.594465
         rocblas ,   SP ,  1900 ,    14 ,  1900 ,      50.252632 ,       1.884756 ,       1.928639 ,   2.328329
         rocblas ,   SP ,  2000 ,    14 ,  2000 ,      53.737844 ,       1.996322 ,       2.000141 ,   0.191325
         rocblas ,   SP ,  2100 ,    14 ,  2100 ,      58.496606 ,       2.009282 ,       2.028542 ,   0.958524
         rocblas ,   SP ,  2200 ,    14 ,  2200 ,      59.804790 ,       2.163477 ,       2.177839 ,   0.663854
         rocblas ,   SP ,  2300 ,    14 ,  2300 ,      61.478203 ,       2.288942 ,       2.315221 ,   1.148063
         rocblas ,   SP ,  2400 ,    14 ,  2400 ,      58.306267 ,       2.659898 ,       2.666583 ,   0.251335
         rocblas ,   SP ,  2500 ,    14 ,  2500 ,      60.789156 ,       2.753859 ,       2.770381 ,   0.599973
         rocblas ,   SP ,  2600 ,    14 ,  2600 ,      60.228016 ,       2.997718 ,       3.016601 ,   0.629904
         rocblas ,   SP ,  2700 ,    14 ,  2700 ,      62.148941 ,       3.140278 ,       3.152800 ,   0.398746
         rocblas ,   SP ,  2800 ,    14 ,  2800 ,      62.954783 ,       3.329639 ,       3.361177 ,   0.947190
         rocblas ,   SP ,  2900 ,    14 ,  2900 ,      64.145812 ,       3.496943 ,       3.537021 ,   1.146092
         rocblas ,   SP ,  3000 ,    14 ,  3000 ,      65.604902 ,       3.674779 ,       3.695879 ,   0.574185
         rocblas ,   SP ,   500 ,    15 ,   500 ,      40.939474 ,       0.173433 ,       0.173843 ,   0.236321
         rocblas ,   SP ,   600 ,    15 ,   600 ,      29.440444 ,       0.352835 ,       0.353422 ,   0.166439
         rocblas ,   SP ,   700 ,    15 ,   700 ,      32.064729 ,       0.440942 ,       0.441711 ,   0.174377
         rocblas ,   SP ,   800 ,    15 ,   800 ,      35.914706 ,       0.504338 ,       0.509535 ,   1.030475
         rocblas ,   SP ,   900 ,    15 ,   900 ,      32.374955 ,       0.713147 ,       0.720501 ,   1.031227
         rocblas ,   SP ,  1000 ,    15 ,  1000 ,      29.000152 ,       0.998302 ,       1.000018 ,   0.171953
         rocblas ,   SP ,  1100 ,    15 ,  1100 ,      35.096810 ,       0.997739 ,       0.999999 ,   0.226533
         rocblas ,   SP ,  1200 ,    15 ,  1200 ,      41.391352 ,       0.996060 ,       1.000199 ,   0.415532
         rocblas ,   SP ,  1300 ,    15 ,  1300 ,      48.678556 ,       0.993257 ,       1.000099 ,   0.688907
         rocblas ,   SP ,  1400 ,    15 ,  1400 ,      50.381279 ,       1.107039 ,       1.126056 ,   1.717759
         rocblas ,   SP ,  1500 ,    15 ,  1500 ,      54.163639 ,       1.198959 ,       1.200137 ,   0.098234
         rocblas ,   SP ,  1600 ,    15 ,  1600 ,      50.325263 ,       1.426859 ,       1.486778 ,   4.199389
         rocblas ,   SP ,  1700 ,    15 ,  1700 ,      55.862233 ,       1.496158 ,       1.500020 ,   0.258153
         rocblas ,   SP ,  1800 ,    15 ,  1800 ,      59.851727 ,       1.539316 ,       1.575260 ,   2.335062
         rocblas ,   SP ,  1900 ,    15 ,  1900 ,      54.852471 ,       1.870198 ,       1.900158 ,   1.601952
         rocblas ,   SP ,  2000 ,    15 ,  2000 ,      57.886436 ,       1.990299 ,       2.000041 ,   0.489463
         rocblas ,   SP ,  2100 ,    15 ,  2100 ,      62.094203 ,       2.000060 ,       2.056537 ,   2.823745
         rocblas ,   SP ,  2200 ,    15 ,  2200 ,      63.534413 ,       2.173276 ,       2.208443 ,   1.618144
         rocblas ,   SP ,  2300 ,    15 ,  2300 ,      66.215172 ,       2.280440 ,       2.317142 ,   1.609433
         rocblas ,   SP ,  2400 ,    15 ,  2400 ,      63.350846 ,       2.623539 ,       2.636561 ,   0.496369
         rocblas ,   SP ,  2500 ,    15 ,  2500 ,      63.794846 ,       2.815781 ,       2.827859 ,   0.428950
         rocblas ,   SP ,  2600 ,    15 ,  2600 ,      65.143546 ,       2.992420 ,       3.000960 ,   0.285393
         rocblas ,   SP ,  2700 ,    15 ,  2700 ,      66.845729 ,       3.140421 ,       3.152180 ,   0.374434
         rocblas ,   SP ,  2800 ,    15 ,  2800 ,      67.868689 ,       3.336401 ,       3.346362 ,   0.298559
         rocblas ,   SP ,  2900 ,    15 ,  2900 ,      69.663994 ,       3.476501 ,       3.495879 ,   0.557419
         rocblas ,   SP ,  3000 ,    15 ,  3000 ,      68.637408 ,       3.768702 ,       3.789520 ,   0.552411
         rocblas ,   SP ,   500 ,    16 ,   500 ,      43.399298 ,       0.174786 ,       0.175278 ,   0.281601
         rocblas ,   SP ,   600 ,    16 ,   600 ,      31.495409 ,       0.352191 ,       0.352769 ,   0.164147
         rocblas ,   SP ,   700 ,    16 ,   700 ,      34.279919 ,       0.441046 ,       0.441932 ,   0.200785
         rocblas ,   SP ,   800 ,    16 ,   800 ,      38.264530 ,       0.504310 ,       0.516465 ,   2.410197
         rocblas ,   SP ,   900 ,    16 ,   900 ,      36.687177 ,       0.672332 ,       0.683735 ,   1.696153
         rocblas ,   SP ,  1000 ,    16 ,  1000 ,      30.999454 ,       0.999680 ,       1.000018 ,   0.033866
         rocblas ,   SP ,  1100 ,    16 ,  1100 ,      37.512679 ,       0.996161 ,       1.000004 ,   0.385812
         rocblas ,   SP ,  1200 ,    16 ,  1200 ,      44.638667 ,       0.999684 ,       0.999999 ,   0.031481
         rocblas ,   SP ,  1300 ,    16 ,  1300 ,      52.212597 ,       0.997143 ,       1.000061 ,   0.292661
         rocblas ,   SP ,  1400 ,    16 ,  1400 ,      54.651404 ,       1.106558 ,       1.113400 ,   0.618369
         rocblas ,   SP ,  1500 ,    16 ,  1500 ,      58.011970 ,       1.198740 ,       1.200380 ,   0.136837
         rocblas ,   SP ,  1600 ,    16 ,  1600 ,      54.539814 ,       1.413260 ,       1.446481 ,   2.350682
         rocblas ,   SP ,  1700 ,    16 ,  1700 ,      59.727075 ,       1.496477 ,       1.500039 ,   0.238024
         rocblas ,   SP ,  1800 ,    16 ,  1800 ,      64.202268 ,       1.559458 ,       1.562219 ,   0.177041
         rocblas ,   SP ,  1900 ,    16 ,  1900 ,      58.841829 ,       1.865463 ,       1.898360 ,   1.763476
         rocblas ,   SP ,  2000 ,    16 ,  2000 ,      61.924152 ,       1.991076 ,       2.000036 ,   0.449996
         rocblas ,   SP ,  2100 ,    16 ,  2100 ,      67.190465 ,       2.022343 ,       2.029200 ,   0.339058
         rocblas ,   SP ,  2200 ,    16 ,  2200 ,      67.835436 ,       2.195621 ,       2.205758 ,   0.461717
         rocblas ,   SP ,  2300 ,    16 ,  2300 ,      70.084952 ,       2.325721 ,       2.333560 ,   0.337066
         rocblas ,   SP ,  2400 ,    16 ,  2400 ,      66.816811 ,       2.659802 ,       2.667742 ,   0.298494
         rocblas ,   SP ,  2500 ,    16 ,  2500 ,      69.444159 ,       2.760162 ,       2.776761 ,   0.601367
         rocblas ,   SP ,  2600 ,    16 ,  2600 ,      69.692687 ,       2.991323 ,       3.000221 ,   0.297453
         rocblas ,   SP ,  2700 ,    16 ,  2700 ,      70.574952 ,       3.179440 ,       3.198538 ,   0.600651
         rocblas ,   SP ,  2800 ,    16 ,  2800 ,      71.772079 ,       3.366480 ,       3.378358 ,   0.352832
         rocblas ,   SP ,  2900 ,    16 ,  2900 ,      74.323448 ,       3.482261 ,       3.501000 ,   0.538148
         rocblas ,   SP ,  3000 ,    16 ,  3000 ,      74.481859 ,       3.705001 ,       3.722782 ,   0.479926
         rocblas ,   SP ,   500 ,    17 ,   500 ,      46.911216 ,       0.172170 ,       0.172634 ,   0.269462
         rocblas ,   SP ,   600 ,    17 ,   600 ,      32.674527 ,       0.362900 ,       0.363564 ,   0.182947
         rocblas ,   SP ,   700 ,    17 ,   700 ,      36.530553 ,       0.441321 ,       0.441968 ,   0.146443
         rocblas ,   SP ,   800 ,    17 ,   800 ,      40.131123 ,       0.504253 ,       0.525967 ,   4.306171
         rocblas ,   SP ,   900 ,    17 ,   900 ,      37.200100 ,       0.673529 ,       0.716742 ,   6.415963
         rocblas ,   SP ,  1000 ,    17 ,  1000 ,      32.997810 ,       0.994463 ,       1.000018 ,   0.558608
         rocblas ,   SP ,  1100 ,    17 ,  1100 ,      39.934375 ,       0.997539 ,       0.999980 ,   0.244743
         rocblas ,   SP ,  1200 ,    17 ,  1200 ,      47.513966 ,       0.999141 ,       0.999980 ,   0.083996
         rocblas ,   SP ,  1300 ,    17 ,  1300 ,      55.678444 ,       0.995879 ,       1.000099 ,   0.423747
         rocblas ,   SP ,  1400 ,    17 ,  1400 ,      57.982021 ,       1.106539 ,       1.113362 ,   0.616656
         rocblas ,   SP ,  1500 ,    17 ,  1500 ,      61.758786 ,       1.199422 ,       1.200299 ,   0.073150
         rocblas ,   SP ,  1600 ,    17 ,  1600 ,      56.476544 ,       1.479239 ,       1.499763 ,   1.387407
         rocblas ,   SP ,  1700 ,    17 ,  1700 ,      63.299866 ,       1.497817 ,       1.500101 ,   0.152492
         rocblas ,   SP ,  1800 ,    17 ,  1800 ,      68.681696 ,       1.538081 ,       1.548920 ,   0.704677
         rocblas ,   SP ,  1900 ,    17 ,  1900 ,      62.866761 ,       1.870999 ,       1.887960 ,   0.906526
         rocblas ,   SP ,  2000 ,    17 ,  2000 ,      65.877609 ,       1.992860 ,       2.000041 ,   0.360345
         rocblas ,   SP ,  2100 ,    17 ,  2100 ,      71.321441 ,       2.002478 ,       2.039042 ,   1.825932
         rocblas ,   SP ,  2200 ,    17 ,  2200 ,      73.494084 ,       2.141681 ,       2.169023 ,   1.276654
         rocblas ,   SP ,  2300 ,    17 ,  2300 ,      75.297394 ,       2.305498 ,       2.314782 ,   0.402690
         rocblas ,   SP ,  2400 ,    17 ,  2400 ,      71.111731 ,       2.656441 ,       2.667279 ,   0.408009
         rocblas ,   SP ,  2500 ,    17 ,  2500 ,      73.658721 ,       2.764964 ,       2.791042 ,   0.943167
         rocblas ,   SP ,  2600 ,    17 ,  2600 ,      74.284488 ,       2.996984 ,       3.000360 ,   0.112647
         rocblas ,   SP ,  2700 ,    17 ,  2700 ,      77.175898 ,       3.104100 ,       3.113923 ,   0.316447
         rocblas ,   SP ,  2800 ,    17 ,  2800 ,      77.105312 ,       3.328118 ,       3.335781 ,   0.230243
         rocblas ,   SP ,  2900 ,    17 ,  2900 ,      79.068423 ,       3.497181 ,       3.504500 ,   0.209296
         rocblas ,   SP ,  3000 ,    17 ,  3000 ,      80.213669 ,       3.679743 ,       3.697538 ,   0.483609
         rocblas ,   SP ,   500 ,    18 ,   500 ,      48.617413 ,       0.176103 ,       0.176737 ,   0.359749
         rocblas ,   SP ,   600 ,    18 ,   600 ,      35.452329 ,       0.354092 ,       0.354619 ,   0.148966
         rocblas ,   SP ,   700 ,    18 ,   700 ,      38.713658 ,       0.441907 ,       0.442501 ,   0.134302
         rocblas ,   SP ,   800 ,    18 ,   800 ,      43.693522 ,       0.504300 ,       0.509212 ,   0.973953
         rocblas ,   SP ,   900 ,    18 ,   900 ,      38.838112 ,       0.714360 ,       0.723911 ,   1.336969
         rocblas ,   SP ,  1000 ,    18 ,  1000 ,      35.002634 ,       0.996423 ,       1.000018 ,   0.360826
         rocblas ,   SP ,  1100 ,    18 ,  1100 ,      42.350454 ,       0.995421 ,       0.999999 ,   0.459869
         rocblas ,   SP ,  1200 ,    18 ,  1200 ,      50.182401 ,       0.998917 ,       1.000061 ,   0.114565
         rocblas ,   SP ,  1300 ,    18 ,  1300 ,      59.150687 ,       0.997458 ,       1.000018 ,   0.256714
         rocblas ,   SP ,  1400 ,    18 ,  1400 ,      60.796725 ,       1.107340 ,       1.129279 ,   1.981260
         rocblas ,   SP ,  1500 ,    18 ,  1500 ,      65.083517 ,       1.191821 ,       1.202540 ,   0.899405
         rocblas ,   SP ,  1600 ,    18 ,  1600 ,      61.604049 ,       1.426420 ,       1.448298 ,   1.533720
         rocblas ,   SP ,  1700 ,    18 ,  1700 ,      67.108028 ,       1.497760 ,       1.500220 ,   0.164277
         rocblas ,   SP ,  1800 ,    18 ,  1800 ,      72.533472 ,       1.538820 ,       1.554823 ,   1.039930
         rocblas ,   SP ,  1900 ,    18 ,  1900 ,      64.507760 ,       1.875739 ,       1.959958 ,   4.489909
         rocblas ,   SP ,  2000 ,    18 ,  2000 ,      69.958912 ,       1.990256 ,       2.000098 ,   0.494505
         rocblas ,   SP ,  2100 ,    18 ,  2100 ,      75.385120 ,       2.007017 ,       2.040424 ,   1.664521
         rocblas ,   SP ,  2200 ,    18 ,  2200 ,      77.055650 ,       2.177262 ,       2.194819 ,   0.806386
         rocblas ,   SP ,  2300 ,    18 ,  2300 ,      79.547851 ,       2.288418 ,       2.324018 ,   1.555689
         rocblas ,   SP ,  2400 ,    18 ,  2400 ,      75.624660 ,       2.624779 ,       2.652416 ,   1.052945
         rocblas ,   SP ,  2500 ,    18 ,  2500 ,      78.674546 ,       2.759099 ,       2.775936 ,   0.610240
         rocblas ,   SP ,  2600 ,    18 ,  2600 ,      78.407802 ,       2.997460 ,       3.002024 ,   0.152240
         rocblas ,   SP ,  2700 ,    18 ,  2700 ,      81.564545 ,       3.120680 ,       3.125076 ,   0.140881
         rocblas ,   SP ,  2800 ,    18 ,  2800 ,      81.133751 ,       3.353062 ,       3.369021 ,   0.475975
         rocblas ,   SP ,  2900 ,    18 ,  2900 ,      83.587425 ,       3.496604 ,       3.503404 ,   0.194466
         rocblas ,   SP ,  3000 ,    18 ,  3000 ,      85.031983 ,       3.682380 ,       3.698344 ,   0.433538
         rocblas ,   SP ,   500 ,    19 ,   500 ,      48.962822 ,       0.185219 ,       0.185539 ,   0.172514
         rocblas ,   SP ,   600 ,    19 ,   600 ,      37.397909 ,       0.355088 ,       0.355661 ,   0.161224
         rocblas ,   SP ,   700 ,    19 ,   700 ,      40.759710 ,       0.443161 ,       0.443972 ,   0.182918
         rocblas ,   SP ,   800 ,    19 ,   800 ,      46.020055 ,       0.504212 ,       0.507004 ,   0.553883
         rocblas ,   SP ,   900 ,    19 ,   900 ,      42.562978 ,       0.672300 ,       0.701515 ,   4.345536
         rocblas ,   SP ,  1000 ,    19 ,  1000 ,      37.006744 ,       0.997739 ,       0.999942 ,   0.220798
         rocblas ,   SP ,  1100 ,    19 ,  1100 ,      44.762131 ,       0.992799 ,       1.000018 ,   0.727168
         rocblas ,   SP ,  1200 ,    19 ,  1200 ,      53.186906 ,       0.996680 ,       1.000023 ,   0.335376
         rocblas ,   SP ,  1300 ,    19 ,  1300 ,      62.170866 ,       0.984583 ,       1.000061 ,   1.572050
         rocblas ,   SP ,  1400 ,    19 ,  1400 ,      63.714121 ,       1.127977 ,       1.137919 ,   0.881406
         rocblas ,   SP ,  1500 ,    19 ,  1500 ,      68.907044 ,       1.187978 ,       1.203160 ,   1.278012
         rocblas ,   SP ,  1600 ,    19 ,  1600 ,      62.982374 ,       1.496282 ,       1.500101 ,   0.255264
         rocblas ,   SP ,  1700 ,    19 ,  1700 ,      71.139720 ,       1.498117 ,       1.500158 ,   0.136229
         rocblas ,   SP ,  1800 ,    19 ,  1800 ,      76.351080 ,       1.560960 ,       1.569142 ,   0.524198
         rocblas ,   SP ,  1900 ,    19 ,  1900 ,      70.000418 ,       1.870999 ,       1.900158 ,   1.558450
         rocblas ,   SP ,  2000 ,    19 ,  2000 ,      73.908219 ,       1.991482 ,       2.000041 ,   0.429792
         rocblas ,   SP ,  2100 ,    19 ,  2100 ,      79.741594 ,       2.006140 ,       2.042699 ,   1.822361
         rocblas ,   SP ,  2200 ,    19 ,  2200 ,      81.665592 ,       2.172999 ,       2.186818 ,   0.635929
         rocblas ,   SP ,  2300 ,    19 ,  2300 ,      84.086179 ,       2.304101 ,       2.326140 ,   0.956530
         rocblas ,   SP ,  2400 ,    19 ,  2400 ,      81.314129 ,       2.602859 ,       2.619863 ,   0.653282
         rocblas ,   SP ,  2500 ,    19 ,  2500 ,      82.071421 ,       2.789621 ,       2.810535 ,   0.749710
         rocblas ,   SP ,  2600 ,    19 ,  2600 ,      83.169214 ,       2.991962 ,       3.000503 ,   0.285437
         rocblas ,   SP ,  2700 ,    19 ,  2700 ,      86.195301 ,       3.110361 ,       3.126082 ,   0.505450
         rocblas ,   SP ,  2800 ,    19 ,  2800 ,      84.685339 ,       3.390918 ,       3.418322 ,   0.808154
         rocblas ,   SP ,  2900 ,    19 ,  2900 ,      88.360740 ,       3.496261 ,       3.505578 ,   0.266496
         rocblas ,   SP ,  3000 ,    19 ,  3000 ,      88.529888 ,       3.721337 ,       3.746958 ,   0.688475
         rocblas ,   SP ,   500 ,    20 ,   500 ,      54.715801 ,       0.173649 ,       0.174616 ,   0.556627
         rocblas ,   SP ,   600 ,    20 ,   600 ,      38.726062 ,       0.360690 ,       0.362348 ,   0.459780
         rocblas ,   SP ,   700 ,    20 ,   700 ,      43.000792 ,       0.443279 ,       0.443918 ,   0.144068
         rocblas ,   SP ,   800 ,    20 ,   800 ,      48.147855 ,       0.504338 ,       0.513751 ,   1.866307
         rocblas ,   SP ,   900 ,    20 ,   900 ,      44.336894 ,       0.680699 ,       0.713390 ,   4.802621
         rocblas ,   SP ,  1000 ,    20 ,  1000 ,      39.001384 ,       0.997863 ,       0.999961 ,   0.210258
         rocblas ,   SP ,  1100 ,    20 ,  1100 ,      47.177413 ,       0.993676 ,       1.000037 ,   0.640149
         rocblas ,   SP ,  1200 ,    20 ,  1200 ,      55.619409 ,       0.989943 ,       1.000142 ,   1.030317
         rocblas ,   SP ,  1300 ,    20 ,  1300 ,      65.751645 ,       0.996618 ,       1.000018 ,   0.341139
         rocblas ,   SP ,  1400 ,    20 ,  1400 ,      67.653455 ,       1.107702 ,       1.117539 ,   0.888068
         rocblas ,   SP ,  1500 ,    20 ,  1500 ,      72.372778 ,       1.198778 ,       1.206317 ,   0.628873
         rocblas ,   SP ,  1600 ,    20 ,  1600 ,      66.376806 ,       1.499724 ,       1.500063 ,   0.022574
         rocblas ,   SP ,  1700 ,    20 ,  1700 ,      74.941981 ,       1.497521 ,       1.500177 ,   0.177359
         rocblas ,   SP ,  1800 ,    20 ,  1800 ,      80.858024 ,       1.543279 ,       1.558480 ,   0.985018
         rocblas ,   SP ,  1900 ,    20 ,  1900 ,      72.409946 ,       1.871662 ,       1.940422 ,   3.673736
         rocblas ,   SP ,  2000 ,    20 ,  2000 ,      77.757610 ,       1.988559 ,       2.000117 ,   0.581252
         rocblas ,   SP ,  2100 ,    20 ,  2100 ,      83.862010 ,       2.032843 ,       2.047944 ,   0.742873
         rocblas ,   SP ,  2200 ,    20 ,  2200 ,      86.085865 ,       2.172837 ,       2.187238 ,   0.662750
         rocblas ,   SP ,  2300 ,    20 ,  2300 ,      88.679684 ,       2.313080 ,       2.320781 ,   0.332929
         rocblas ,   SP ,  2400 ,    20 ,  2400 ,      84.111326 ,       2.645202 ,       2.660117 ,   0.563869
         rocblas ,   SP ,  2500 ,    20 ,  2500 ,      86.523763 ,       2.804661 ,       2.814960 ,   0.367235
         rocblas ,   SP ,  2600 ,    20 ,  2600 ,      87.013573 ,       2.997618 ,       3.003683 ,   0.202340
         rocblas ,   SP ,  2700 ,    20 ,  2700 ,      89.764826 ,       3.114662 ,       3.150601 ,   1.153872
         rocblas ,   SP ,  2800 ,    20 ,  2800 ,      88.827551 ,       3.424058 ,       3.436584 ,   0.365838
         rocblas ,   SP ,  2900 ,    20 ,  2900 ,      93.666175 ,       3.493719 ,       3.497796 ,   0.116694
         rocblas ,   SP ,  3000 ,    20 ,  3000 ,      92.567578 ,       3.773160 ,       3.786340 ,   0.349303
         rocblas ,   SP ,   500 ,    21 ,   500 ,      56.611351 ,       0.174195 ,       0.178226 ,   2.314064
         rocblas ,   SP ,   600 ,    21 ,   600 ,      40.565113 ,       0.361584 ,       0.363593 ,   0.555701
         rocblas ,   SP ,   700 ,    21 ,   700 ,      44.783435 ,       0.446314 ,       0.447043 ,   0.163311
         rocblas ,   SP ,   800 ,    21 ,   800 ,      50.894991 ,       0.504728 ,       0.516517 ,   2.335685
         rocblas ,   SP ,   900 ,    21 ,   900 ,      45.734212 ,       0.713103 ,       0.720529 ,   1.041370
         rocblas ,   SP ,  1000 ,    21 ,  1000 ,      40.994724 ,       0.999861 ,       1.000023 ,   0.016215
         rocblas ,   SP ,  1100 ,    21 ,  1100 ,      49.620905 ,       0.996761 ,       1.000004 ,   0.325303
         rocblas ,   SP ,  1200 ,    21 ,  1200 ,      59.040755 ,       0.997262 ,       1.000018 ,   0.276369
         rocblas ,   SP ,  1300 ,    21 ,  1300 ,      69.082624 ,       0.993662 ,       1.000080 ,   0.645917
         rocblas ,   SP ,  1400 ,    21 ,  1400 ,      70.313902 ,       1.131558 ,       1.138883 ,   0.647268
         rocblas ,   SP ,  1500 ,    21 ,  1500 ,      75.904605 ,       1.192360 ,       1.207199 ,   1.244521
         rocblas ,   SP ,  1600 ,    21 ,  1600 ,      71.280928 ,       1.433358 ,       1.472921 ,   2.760174
         rocblas ,   SP ,  1700 ,    21 ,  1700 ,      78.447189 ,       1.496243 ,       1.500239 ,   0.267062
         rocblas ,   SP ,  1800 ,    21 ,  1800 ,      84.317103 ,       1.553798 ,       1.567583 ,   0.887204
         rocblas ,   SP ,  1900 ,    21 ,  1900 ,      75.673838 ,       1.908741 ,       1.956859 ,   2.520910
         rocblas ,   SP ,  2000 ,    21 ,  2000 ,      81.912248 ,       1.988759 ,       2.000079 ,   0.569205
         rocblas ,   SP ,  2100 ,    21 ,  2100 ,      88.055312 ,       2.028861 ,       2.048721 ,   0.978887
         rocblas ,   SP ,  2200 ,    21 ,  2200 ,      91.711662 ,       2.143302 ,       2.165585 ,   1.039639
         rocblas ,   SP ,  2300 ,    21 ,  2300 ,      92.730558 ,       2.330780 ,       2.334142 ,   0.144231
         rocblas ,   SP ,  2400 ,    21 ,  2400 ,      88.695602 ,       2.643380 ,       2.654462 ,   0.419224
         rocblas ,   SP ,  2500 ,    21 ,  2500 ,      90.982973 ,       2.803741 ,       2.814178 ,   0.372287
         rocblas ,   SP ,  2600 ,    21 ,  2600 ,      91.523131 ,       2.997460 ,       3.022299 ,   0.828650
         rocblas ,   SP ,  2700 ,    21 ,  2700 ,      94.376785 ,       3.156018 ,       3.163157 ,   0.226179
         rocblas ,   SP ,  2800 ,    21 ,  2800 ,      94.160225 ,       3.383842 ,       3.400440 ,   0.490528
         rocblas ,   SP ,  2900 ,    21 ,  2900 ,      98.073215 ,       3.495884 ,       3.504496 ,   0.246338
         rocblas ,   SP ,  3000 ,    21 ,  3000 ,      99.115760 ,       3.697019 ,       3.713541 ,   0.446912
         rocblas ,   SP ,   500 ,    22 ,   500 ,      57.108767 ,       0.184338 ,       0.184871 ,   0.289677
         rocblas ,   SP ,   600 ,    22 ,   600 ,      43.192469 ,       0.356587 ,       0.357560 ,   0.272968
         rocblas ,   SP ,   700 ,    22 ,   700 ,      46.724985 ,       0.449336 ,       0.450097 ,   0.169414
         rocblas ,   SP ,   800 ,    22 ,   800 ,      53.576828 ,       0.504785 ,       0.514319 ,   1.888826
         rocblas ,   SP ,   900 ,    22 ,   900 ,      44.742632 ,       0.726514 ,       0.776435 ,   6.871257
         rocblas ,   SP ,  1000 ,    22 ,  1000 ,      43.003702 ,       0.994840 ,       1.000042 ,   0.522928
         rocblas ,   SP ,  1100 ,    22 ,  1100 ,      52.037663 ,       0.996981 ,       0.999999 ,   0.302752
         rocblas ,   SP ,  1200 ,    22 ,  1200 ,      61.884470 ,       0.997663 ,       1.000023 ,   0.236587
         rocblas ,   SP ,  1300 ,    22 ,  1300 ,      72.402358 ,       0.991483 ,       1.000018 ,   0.860871
         rocblas ,   SP ,  1400 ,    22 ,  1400 ,      74.620531 ,       1.122780 ,       1.129198 ,   0.571637
         rocblas ,   SP ,  1500 ,    22 ,  1500 ,      79.640404 ,       1.199484 ,       1.203880 ,   0.366528
         rocblas ,   SP ,  1600 ,    22 ,  1600 ,      74.364236 ,       1.446638 ,       1.480517 ,   2.341932
         rocblas ,   SP ,  1700 ,    22 ,  1700 ,      82.596377 ,       1.497660 ,       1.500039 ,   0.158876
         rocblas ,   SP ,  1800 ,    22 ,  1800 ,      88.546141 ,       1.559463 ,       1.565657 ,   0.397195
         rocblas ,   SP ,  1900 ,    22 ,  1900 ,      77.733944 ,       1.939902 ,       2.000003 ,   3.098123
         rocblas ,   SP ,  2000 ,    22 ,  2000 ,      85.706232 ,       1.989040 ,       2.002139 ,   0.658545
         rocblas ,   SP ,  2100 ,    22 ,  2100 ,      92.061681 ,       2.026901 ,       2.049222 ,   1.101225
         rocblas ,   SP ,  2200 ,    22 ,  2200 ,      96.048242 ,       2.153020 ,       2.165122 ,   0.562100
         rocblas ,   SP ,  2300 ,    22 ,  2300 ,      97.209853 ,       2.330117 ,       2.333999 ,   0.166578
         rocblas ,   SP ,  2400 ,    22 ,  2400 ,      93.927528 ,       2.606616 ,       2.635059 ,   1.091198
         rocblas ,   SP ,  2500 ,    22 ,  2500 ,      95.528356 ,       2.786560 ,       2.809877 ,   0.836779
         rocblas ,   SP ,  2600 ,    22 ,  2600 ,      96.137786 ,       2.997322 ,       3.018842 ,   0.717963
         rocblas ,   SP ,  2700 ,    22 ,  2700 ,      99.615223 ,       3.122678 ,       3.135977 ,   0.425884
         rocblas ,   SP ,  2800 ,    22 ,  2800 ,     100.311337 ,       3.338037 ,       3.350244 ,   0.365695
         rocblas ,   SP ,  2900 ,    22 ,  2900 ,     102.892688 ,       3.489542 ,       3.500538 ,   0.315109
         rocblas ,   SP ,  3000 ,    22 ,  3000 ,     102.964099 ,       3.738360 ,       3.747764 ,   0.251534
         rocblas ,   SP ,   500 ,    23 ,   500 ,      62.154175 ,       0.176266 ,       0.177230 ,   0.546970
         rocblas ,   SP ,   600 ,    23 ,   600 ,      45.149796 ,       0.356590 ,       0.357327 ,   0.206696
         rocblas ,   SP ,   700 ,    23 ,   700 ,      49.365865 ,       0.445603 ,       0.446085 ,   0.108156
         rocblas ,   SP ,   800 ,    23 ,   800 ,      55.735617 ,       0.504662 ,       0.516071 ,   2.260801
         rocblas ,   SP ,   900 ,    23 ,   900 ,      50.526252 ,       0.695397 ,       0.714309 ,   2.719627
         rocblas ,   SP ,  1000 ,    23 ,  1000 ,      44.986576 ,       0.999780 ,       1.000042 ,   0.026232
         rocblas ,   SP ,  1100 ,    23 ,  1100 ,      54.443294 ,       0.994301 ,       1.000037 ,   0.576923
         rocblas ,   SP ,  1200 ,    23 ,  1200 ,      64.358671 ,       0.992422 ,       1.000042 ,   0.767804
         rocblas ,   SP ,  1300 ,    23 ,  1300 ,      75.469411 ,       0.991096 ,       1.000080 ,   0.906432
         rocblas ,   SP ,  1400 ,    23 ,  1400 ,      77.533328 ,       1.121922 ,       1.135163 ,   1.180276
         rocblas ,   SP ,  1500 ,    23 ,  1500 ,      84.053003 ,       1.199098 ,       1.200643 ,   0.128843
         rocblas ,   SP ,  1600 ,    23 ,  1600 ,      76.292695 ,       1.497779 ,       1.500397 ,   0.174781
         rocblas ,   SP ,  1700 ,    23 ,  1700 ,      86.641744 ,       1.496444 ,       1.500077 ,   0.242809
         rocblas ,   SP ,  1800 ,    23 ,  1800 ,      93.170299 ,       1.552696 ,       1.562943 ,   0.659964
         rocblas ,   SP ,  1900 ,    23 ,  1900 ,      82.255909 ,       1.921058 ,       1.980257 ,   3.081601
         rocblas ,   SP ,  2000 ,    23 ,  2000 ,      89.746009 ,       1.990943 ,       2.000122 ,   0.461044
         rocblas ,   SP ,  2100 ,    23 ,  2100 ,      96.632799 ,       2.038741 ,       2.049003 ,   0.503327
         rocblas ,   SP ,  2200 ,    23 ,  2200 ,      98.795055 ,       2.195277 ,       2.200103 ,   0.219817
         rocblas ,   SP ,  2300 ,    23 ,  2300 ,     101.668326 ,       2.290897 ,       2.341218 ,   2.196547
         rocblas ,   SP ,  2400 ,    23 ,  2400 ,      97.584433 ,       2.638941 ,       2.658420 ,   0.738129
         rocblas ,   SP ,  2500 ,    23 ,  2500 ,     100.111059 ,       2.775040 ,       2.803321 ,   1.019128
         rocblas ,   SP ,  2600 ,    23 ,  2600 ,     101.416410 ,       2.990642 ,       2.999840 ,   0.307566
         rocblas ,   SP ,  2700 ,    23 ,  2700 ,     103.992460 ,       3.123097 ,       3.137422 ,   0.458653
         rocblas ,   SP ,  2800 ,    23 ,  2800 ,     103.544553 ,       3.381758 ,       3.399677 ,   0.529888
         rocblas ,   SP ,  2900 ,    23 ,  2900 ,     107.852652 ,       3.496099 ,       3.501258 ,   0.147575
         rocblas ,   SP ,  3000 ,    23 ,  3000 ,     106.218053 ,       3.800921 ,       3.808823 ,   0.207876
         rocblas ,   SP ,   500 ,    24 ,   500 ,      64.092647 ,       0.176284 ,       0.180998 ,   2.674270
         rocblas ,   SP ,   600 ,    24 ,   600 ,      47.033861 ,       0.358269 ,       0.359354 ,   0.302899
         rocblas ,   SP ,   700 ,    24 ,   700 ,      40.392161 ,       0.521478 ,       0.560704 ,   7.522039
         rocblas ,   SP ,   800 ,    24 ,   800 ,      58.609011 ,       0.504235 ,       0.508700 ,   0.885506
         rocblas ,   SP ,   900 ,    24 ,   900 ,      52.124411 ,       0.694398 ,       0.730066 ,   5.136556
         rocblas ,   SP ,  1000 ,    24 ,  1000 ,      46.993617 ,       0.998859 ,       0.999980 ,   0.112185
         rocblas ,   SP ,  1100 ,    24 ,  1100 ,      56.858190 ,       0.993900 ,       1.000023 ,   0.616016
         rocblas ,   SP ,  1200 ,    24 ,  1200 ,      67.689130 ,       0.995584 ,       1.000018 ,   0.445426
         rocblas ,   SP ,  1300 ,    24 ,  1300 ,      79.437875 ,       0.993562 ,       1.000023 ,   0.650301
         rocblas ,   SP ,  1400 ,    24 ,  1400 ,      81.993859 ,       1.107860 ,       1.118083 ,   0.922805
         rocblas ,   SP ,  1500 ,    24 ,  1500 ,      87.656860 ,       1.198840 ,       1.201921 ,   0.256946
         rocblas ,   SP ,  1600 ,    24 ,  1600 ,      80.119419 ,       1.494379 ,       1.500082 ,   0.381628
         rocblas ,   SP ,  1700 ,    24 ,  1700 ,      90.557954 ,       1.497521 ,       1.500039 ,   0.168124
         rocblas ,   SP ,  1800 ,    24 ,  1800 ,      96.345527 ,       1.554842 ,       1.576242 ,   1.376375
         rocblas ,   SP ,  1900 ,    24 ,  1900 ,      85.042915 ,       1.940222 ,       1.999898 ,   3.075740
         rocblas ,   SP ,  2000 ,    24 ,  2000 ,      93.702139 ,       1.998019 ,       2.000122 ,   0.105247
         rocblas ,   SP ,  2100 ,    24 ,  2100 ,     100.186613 ,       2.035799 ,       2.065320 ,   1.450094
         rocblas ,   SP ,  2200 ,    24 ,  2200 ,     103.003808 ,       2.187161 ,       2.198882 ,   0.535884
         rocblas ,   SP ,  2300 ,    24 ,  2300 ,     106.430500 ,       2.316642 ,       2.329440 ,   0.552451
         rocblas ,   SP ,  2400 ,    24 ,  2400 ,     101.031586 ,       2.653422 ,       2.667418 ,   0.527438
         rocblas ,   SP ,  2500 ,    24 ,  2500 ,     103.897139 ,       2.810378 ,       2.822480 ,   0.430623
         rocblas ,   SP ,  2600 ,    24 ,  2600 ,     105.083466 ,       2.996898 ,       3.019099 ,   0.740817
         rocblas ,   SP ,  2700 ,    24 ,  2700 ,     107.294443 ,       3.156700 ,       3.177962 ,   0.673557
         rocblas ,   SP ,  2800 ,    24 ,  2800 ,     108.697424 ,       3.375440 ,       3.382778 ,   0.217409
         rocblas ,   SP ,  2900 ,    24 ,  2900 ,     112.463804 ,       3.496261 ,       3.501801 ,   0.158479
         rocblas ,   SP ,  3000 ,    24 ,  3000 ,     110.920395 ,       3.796520 ,       3.811040 ,   0.382447
         rocblas ,   SP ,   500 ,    25 ,   500 ,      67.369338 ,       0.177059 ,       0.177846 ,   0.444222
         rocblas ,   SP ,   600 ,    25 ,   600 ,      49.066311 ,       0.358097 ,       0.358390 ,   0.081702
         rocblas ,   SP ,   700 ,    25 ,   700 ,      43.615723 ,       0.515997 ,       0.543571 ,   5.343991
         rocblas ,   SP ,   800 ,    25 ,   800 ,      60.114048 ,       0.504249 ,       0.519136 ,   2.952347
         rocblas ,   SP ,   900 ,    25 ,   900 ,      53.628993 ,       0.712104 ,       0.742530 ,   4.272751
         rocblas ,   SP ,  1000 ,    25 ,  1000 ,      49.002453 ,       0.997839 ,       1.000018 ,   0.218387
         rocblas ,   SP ,  1100 ,    25 ,  1100 ,      59.295586 ,       0.995879 ,       0.999999 ,   0.413692
         rocblas ,   SP ,  1200 ,    25 ,  1200 ,      70.510818 ,       0.996842 ,       1.000023 ,   0.319058
         rocblas ,   SP ,  1300 ,    25 ,  1300 ,      82.814298 ,       0.996618 ,       1.000037 ,   0.343052
         rocblas ,   SP ,  1400 ,    25 ,  1400 ,      85.555853 ,       1.109037 ,       1.121097 ,   1.087358
         rocblas ,   SP ,  1500 ,    25 ,  1500 ,      91.271978 ,       1.199937 ,       1.203680 ,   0.311947
         rocblas ,   SP ,  1600 ,    25 ,  1600 ,      83.588288 ,       1.493678 ,       1.500001 ,   0.423308
         rocblas ,   SP ,  1700 ,    25 ,  1700 ,      93.982365 ,       1.496062 ,       1.500320 ,   0.284624
         rocblas ,   SP ,  1800 ,    25 ,  1800 ,      98.834102 ,       1.570182 ,       1.608176 ,   2.419744
         rocblas ,   SP ,  1900 ,    25 ,  1900 ,      88.337554 ,       1.980858 ,       2.000060 ,   0.969390
         rocblas ,   SP ,  2000 ,    25 ,  2000 ,      97.743383 ,       1.999879 ,       2.000122 ,   0.012160
         rocblas ,   SP ,  2100 ,    25 ,  2100 ,     105.343628 ,       2.034540 ,       2.046604 ,   0.592959
         rocblas ,   SP ,  2200 ,    25 ,  2200 ,     108.540693 ,       2.172503 ,       2.180939 ,   0.388273
         rocblas ,   SP ,  2300 ,    25 ,  2300 ,     110.352850 ,       2.335100 ,       2.347083 ,   0.513165
         rocblas ,   SP ,  2400 ,    25 ,  2400 ,     105.313624 ,       2.663779 ,       2.671461 ,   0.288381
         rocblas ,   SP ,  2500 ,    25 ,  2500 ,     108.507051 ,       2.806177 ,       2.818599 ,   0.442652
         rocblas ,   SP ,  2600 ,    25 ,  2600 ,     109.868943 ,       2.995801 ,       3.000679 ,   0.162829
         rocblas ,   SP ,  2700 ,    25 ,  2700 ,     111.793082 ,       3.163524 ,       3.177080 ,   0.428525
         rocblas ,   SP ,  2800 ,    25 ,  2800 ,     113.193366 ,       3.376617 ,       3.387737 ,   0.329319
         rocblas ,   SP ,  2900 ,    25 ,  2900 ,     117.071563 ,       3.497820 ,       3.506141 ,   0.237886
         rocblas ,   SP ,  3000 ,    25 ,  3000 ,     116.866057 ,       3.748403 ,       3.760581 ,   0.324896
         rocblas ,   SP ,   500 ,    26 ,   500 ,      70.299261 ,       0.176920 ,       0.177804 ,   0.499795
         rocblas ,   SP ,   600 ,    26 ,   600 ,      50.414841 ,       0.363309 ,       0.364106 ,   0.219328
         rocblas ,   SP ,   700 ,    26 ,   700 ,      42.849597 ,       0.562699 ,       0.583997 ,   3.784897
         rocblas ,   SP ,   800 ,    26 ,   800 ,      62.637613 ,       0.504356 ,       0.513577 ,   1.828290
         rocblas ,   SP ,   900 ,    26 ,   900 ,      55.729046 ,       0.710295 ,       0.742220 ,   4.494657
         rocblas ,   SP ,  1000 ,    26 ,  1000 ,      51.010708 ,       0.997796 ,       0.999999 ,   0.220785
         rocblas ,   SP ,  1100 ,    26 ,  1100 ,      61.723123 ,       0.996618 ,       0.999999 ,   0.339225
         rocblas ,   SP ,  1200 ,    26 ,  1200 ,      73.412991 ,       0.998158 ,       0.999999 ,   0.184399
         rocblas ,   SP ,  1300 ,    26 ,  1300 ,      86.200347 ,       0.996699 ,       1.000018 ,   0.332978
         rocblas ,   SP ,  1400 ,    26 ,  1400 ,      87.060635 ,       1.119099 ,       1.143780 ,   2.205444
         rocblas ,   SP ,  1500 ,    26 ,  1500 ,      94.046616 ,       1.197877 ,       1.217580 ,   1.644819
         rocblas ,   SP ,  1600 ,    26 ,  1600 ,      86.704171 ,       1.486959 ,       1.500058 ,   0.880906
         rocblas ,   SP ,  1700 ,    26 ,  1700 ,      96.449329 ,       1.499119 ,       1.527081 ,   1.865211
         rocblas ,   SP ,  1800 ,    26 ,  1800 ,     104.503163 ,       1.573081 ,       1.579180 ,   0.387694
         rocblas ,   SP ,  1900 ,    26 ,  1900 ,      92.052080 ,       1.984482 ,       2.000022 ,   0.783082
         rocblas ,   SP ,  2000 ,    26 ,  2000 ,     101.981052 ,       1.990657 ,       1.999960 ,   0.467338
         rocblas ,   SP ,  2100 ,    26 ,  2100 ,     108.759368 ,       2.058363 ,       2.065701 ,   0.356522
         rocblas ,   SP ,  2200 ,    26 ,  2200 ,     112.232682 ,       2.180443 ,       2.197080 ,   0.763003
         rocblas ,   SP ,  2300 ,    26 ,  2300 ,     114.487930 ,       2.331939 ,       2.353082 ,   0.906669
         rocblas ,   SP ,  2400 ,    26 ,  2400 ,     109.764246 ,       2.656779 ,       2.667837 ,   0.416213
         rocblas ,   SP ,  2500 ,    26 ,  2500 ,     113.420817 ,       2.779422 ,       2.809243 ,   1.072935
         rocblas ,   SP ,  2600 ,    26 ,  2600 ,     114.547375 ,       2.995601 ,       3.001680 ,   0.202953
         rocblas ,   SP ,  2700 ,    26 ,  2700 ,     118.023592 ,       3.122602 ,       3.137078 ,   0.463613
         rocblas ,   SP ,  2800 ,    26 ,  2800 ,     118.477258 ,       3.337998 ,       3.357444 ,   0.582547
         rocblas ,   SP ,  2900 ,    26 ,  2900 ,     120.845430 ,       3.504801 ,       3.529220 ,   0.696725
         rocblas ,   SP ,  3000 ,    26 ,  3000 ,     121.114345 ,       3.749418 ,       3.779917 ,   0.813420
         rocblas ,   SP ,   500 ,    27 ,   500 ,      72.798528 ,       0.177618 ,       0.178748 ,   0.635867
         rocblas ,   SP ,   600 ,    27 ,   600 ,      52.304734 ,       0.363820 ,       0.364646 ,   0.226945
         rocblas ,   SP ,   700 ,    27 ,   700 ,      46.369072 ,       0.526711 ,       0.558704 ,   6.074152
         rocblas ,   SP ,   800 ,    27 ,   800 ,      65.279421 ,       0.504545 ,       0.521742 ,   3.408289
         rocblas ,   SP ,   900 ,    27 ,   900 ,      58.932767 ,       0.713066 ,       0.721751 ,   1.217944
         rocblas ,   SP ,  1000 ,    27 ,  1000 ,      52.994118 ,       0.997462 ,       1.000080 ,   0.262450
         rocblas ,   SP ,  1100 ,    27 ,  1100 ,      64.134880 ,       0.990520 ,       1.000061 ,   0.963284
         rocblas ,   SP ,  1200 ,    27 ,  1200 ,      75.858879 ,       0.994401 ,       1.000080 ,   0.571111
         rocblas ,   SP ,  1300 ,    27 ,  1300 ,      89.244548 ,       0.992179 ,       1.000123 ,   0.800673
         rocblas ,   SP ,  1400 ,    27 ,  1400 ,      90.326635 ,       1.122198 ,       1.151342 ,   2.597071
         rocblas ,   SP ,  1500 ,    27 ,  1500 ,      98.377380 ,       1.199718 ,       1.206942 ,   0.602149
         rocblas ,   SP ,  1600 ,    27 ,  1600 ,      90.320900 ,       1.496239 ,       1.500282 ,   0.270250
         rocblas ,   SP ,  1700 ,    27 ,  1700 ,     101.962408 ,       1.494741 ,       1.500058 ,   0.355696
         rocblas ,   SP ,  1800 ,    27 ,  1800 ,     109.042460 ,       1.560402 ,       1.570640 ,   0.656093
         rocblas ,   SP ,  1900 ,    27 ,  1900 ,      95.681366 ,       1.979518 ,       2.000098 ,   1.039662
         rocblas ,   SP ,  2000 ,    27 ,  2000 ,     105.746651 ,       1.998081 ,       2.000103 ,   0.101187
         rocblas ,   SP ,  2100 ,    27 ,  2100 ,     113.172154 ,       2.043819 ,       2.057061 ,   0.647893
         rocblas ,   SP ,  2200 ,    27 ,  2200 ,     117.494984 ,       2.167177 ,       2.176623 ,   0.435873
         rocblas ,   SP ,  2300 ,    27 ,  2300 ,     120.245147 ,       2.305560 ,       2.325578 ,   0.868233
         rocblas ,   SP ,  2400 ,    27 ,  2400 ,     114.388151 ,       2.664199 ,       2.667336 ,   0.117769
         rocblas ,   SP ,  2500 ,    27 ,  2500 ,     116.635868 ,       2.803979 ,       2.822380 ,   0.656251
         rocblas ,   SP ,  2600 ,    27 ,  2600 ,     118.018466 ,       2.997379 ,       3.027663 ,   1.010347
         rocblas ,   SP ,  2700 ,    27 ,  2700 ,     122.357115 ,       3.139901 ,       3.147960 ,   0.256650
         rocblas ,   SP ,  2800 ,    27 ,  2800 ,     123.121973 ,       3.347983 ,       3.367820 ,   0.592489
         rocblas ,   SP ,  2900 ,    27 ,  2900 ,     126.436871 ,       3.494577 ,       3.505640 ,   0.316565
         rocblas ,   SP ,  3000 ,    27 ,  3000 ,     127.235368 ,       3.707018 ,       3.730621 ,   0.636723
         rocblas ,   SP ,   500 ,    28 ,   500 ,      74.894258 ,       0.178276 ,       0.180005 ,   0.970275
         rocblas ,   SP ,   600 ,    28 ,   600 ,      55.243352 ,       0.357384 ,       0.357707 ,   0.090524
         rocblas ,   SP ,   700 ,    28 ,   700 ,      42.173170 ,       0.625032 ,       0.635707 ,   1.707943
         rocblas ,   SP ,   800 ,    28 ,   800 ,      67.803659 ,       0.504737 ,       0.518798 ,   2.785829
         rocblas ,   SP ,   900 ,    28 ,   900 ,      59.412528 ,       0.713315 ,       0.746890 ,   4.706889
         rocblas ,   SP ,  1000 ,    28 ,  1000 ,      54.994131 ,       0.999241 ,       1.000018 ,   0.077784
         rocblas ,   SP ,  1100 ,    28 ,  1100 ,      66.576258 ,       0.996857 ,       1.000004 ,   0.315705
         rocblas ,   SP ,  1200 ,    28 ,  1200 ,      78.947003 ,       0.998602 ,       1.000004 ,   0.140386
         rocblas ,   SP ,  1300 ,    28 ,  1300 ,      92.465204 ,       0.992618 ,       1.000042 ,   0.747957
         rocblas ,   SP ,  1400 ,    28 ,  1400 ,      93.759971 ,       1.122122 ,       1.141562 ,   1.732490
         rocblas ,   SP ,  1500 ,    28 ,  1500 ,     102.032126 ,       1.199203 ,       1.203742 ,   0.378542
         rocblas ,   SP ,  1600 ,    28 ,  1600 ,      93.805944 ,       1.493959 ,       1.500020 ,   0.405674
         rocblas ,   SP ,  1700 ,    28 ,  1700 ,     105.951895 ,       1.498680 ,       1.500039 ,   0.090679
         rocblas ,   SP ,  1800 ,    28 ,  1800 ,     111.781406 ,       1.566043 ,       1.596837 ,   1.966367
         rocblas ,   SP ,  1900 ,    28 ,  1900 ,      99.294220 ,       1.991239 ,       2.000060 ,   0.443015
         rocblas ,   SP ,  2000 ,    28 ,  2000 ,     110.003337 ,       1.997938 ,       1.999941 ,   0.100239
         rocblas ,   SP ,  2100 ,    28 ,  2100 ,     117.712426 ,       2.042699 ,       2.055678 ,   0.635410
         rocblas ,   SP ,  2200 ,    28 ,  2200 ,     121.145070 ,       2.180338 ,       2.195201 ,   0.681684
         rocblas ,   SP ,  2300 ,    28 ,  2300 ,     123.668102 ,       2.330861 ,       2.347317 ,   0.705990
         rocblas ,   SP ,  2400 ,    28 ,  2400 ,     118.655325 ,       2.664762 ,       2.667961 ,   0.120070
         rocblas ,   SP ,  2500 ,    28 ,  2500 ,     122.095591 ,       2.783098 ,       2.811399 ,   1.016863
         rocblas ,   SP ,  2600 ,    28 ,  2600 ,     123.607701 ,       2.997236 ,       3.001142 ,   0.130297
         rocblas ,   SP ,  2700 ,    28 ,  2700 ,     125.785382 ,       3.166080 ,       3.181558 ,   0.488874
         rocblas ,   SP ,  2800 ,    28 ,  2800 ,     128.271768 ,       3.348742 ,       3.357100 ,   0.249615
         rocblas ,   SP ,  2900 ,    28 ,  2900 ,     131.352719 ,       3.493943 ,       3.508859 ,   0.426895
         rocblas ,   SP ,  3000 ,    28 ,  3000 ,     131.956467 ,       3.715200 ,       3.751020 ,   0.964147
         rocblas ,   SP ,   500 ,    29 ,   500 ,      77.809440 ,       0.178574 ,       0.179629 ,   0.590826
         rocblas ,   SP ,   600 ,    29 ,   600 ,      56.540868 ,       0.359991 ,       0.360902 ,   0.253194
         rocblas ,   SP ,   700 ,    29 ,   700 ,      46.191885 ,       0.574361 ,       0.603979 ,   5.156605
         rocblas ,   SP ,   800 ,    29 ,   800 ,      70.734934 ,       0.504785 ,       0.514140 ,   1.853347
         rocblas ,   SP ,   900 ,    29 ,   900 ,      60.100911 ,       0.719596 ,       0.766200 ,   6.476384
         rocblas ,   SP ,  1000 ,    29 ,  1000 ,      56.997117 ,       0.996780 ,       1.000018 ,   0.324818
         rocblas ,   SP ,  1100 ,    29 ,  1100 ,      68.966449 ,       0.995359 ,       0.999937 ,   0.459898
         rocblas ,   SP ,  1200 ,    29 ,  1200 ,      82.050138 ,       0.997658 ,       0.999999 ,   0.234677
         rocblas ,   SP ,  1300 ,    29 ,  1300 ,      95.891699 ,       0.993142 ,       1.000118 ,   0.702430
         rocblas ,   SP ,  1400 ,    29 ,  1400 ,      97.317978 ,       1.128798 ,       1.138797 ,   0.885834
         rocblas ,   SP ,  1500 ,    29 ,  1500 ,     105.550062 ,       1.199102 ,       1.206059 ,   0.580189
         rocblas ,   SP ,  1600 ,    29 ,  1600 ,      96.391469 ,       1.497979 ,       1.507182 ,   0.614358
         rocblas ,   SP ,  1700 ,    29 ,  1700 ,     107.283968 ,       1.497860 ,       1.539502 ,   2.780112
         rocblas ,   SP ,  1800 ,    29 ,  1800 ,     116.727101 ,       1.560297 ,       1.571417 ,   0.712675
         rocblas ,   SP ,  1900 ,    29 ,  1900 ,     102.805518 ,       1.979718 ,       2.000079 ,   1.028477
         rocblas ,   SP ,  2000 ,    29 ,  2000 ,     113.805731 ,       1.998940 ,       2.000060 ,   0.056058
         rocblas ,   SP ,  2100 ,    29 ,  2100 ,     122.326844 ,       2.038922 ,       2.049799 ,   0.533451
         rocblas ,   SP ,  2200 ,    29 ,  2200 ,     124.786614 ,       2.165022 ,       2.217617 ,   2.429312
         rocblas ,   SP ,  2300 ,    29 ,  2300 ,     128.328531 ,       2.324500 ,       2.345581 ,   0.906903
         rocblas ,   SP ,  2400 ,    29 ,  2400 ,     122.753975 ,       2.651577 ,       2.667060 ,   0.583913
         rocblas ,   SP ,  2500 ,    29 ,  2500 ,     126.110813 ,       2.813883 ,       2.824178 ,   0.365862
         rocblas ,   SP ,  2600 ,    29 ,  2600 ,     128.123738 ,       2.997923 ,       3.000603 ,   0.089389
         rocblas ,   SP ,  2700 ,    29 ,  2700 ,     131.497679 ,       3.134022 ,       3.156319 ,   0.711447
         rocblas ,   SP ,  2800 ,    29 ,  2800 ,     130.886816 ,       3.383284 ,       3.401160 ,   0.528381
         rocblas ,   SP ,  2900 ,    29 ,  2900 ,     135.864361 ,       3.499599 ,       3.508177 ,   0.245122
         rocblas ,   SP ,  3000 ,    29 ,  3000 ,     135.151337 ,       3.761902 ,       3.785858 ,   0.636814
         rocblas ,   SP ,   500 ,    30 ,   500 ,      80.587144 ,       0.178634 ,       0.179438 ,   0.450282
         rocblas ,   SP ,   600 ,    30 ,   600 ,      58.663177 ,       0.359734 ,       0.360366 ,   0.175564
         rocblas ,   SP ,   700 ,    30 ,   700 ,      48.464036 ,       0.535718 ,       0.612628 ,  14.356513
         rocblas ,   SP ,   800 ,    30 ,   800 ,      72.657840 ,       0.504549 ,       0.521038 ,   3.268058
         rocblas ,   SP ,   900 ,    30 ,   900 ,      55.233180 ,       0.757154 ,       0.867786 ,  14.611485
         rocblas ,   SP ,  1000 ,    30 ,  1000 ,      58.996288 ,       0.998640 ,       0.999999 ,   0.136084
         rocblas ,   SP ,  1100 ,    30 ,  1100 ,      71.389937 ,       0.998020 ,       1.000042 ,   0.202580
         rocblas ,   SP ,  1200 ,    30 ,  1200 ,      84.967681 ,       0.996103 ,       1.000018 ,   0.393015
         rocblas ,   SP ,  1300 ,    30 ,  1300 ,      99.267662 ,       0.992761 ,       1.000042 ,   0.733440
         rocblas ,   SP ,  1400 ,    30 ,  1400 ,     100.585234 ,       1.127343 ,       1.142740 ,   1.365784
         rocblas ,   SP ,  1500 ,    30 ,  1500 ,     109.740804 ,       1.199498 ,       1.202703 ,   0.267141
         rocblas ,   SP ,  1600 ,    30 ,  1600 ,     100.528329 ,       1.497998 ,       1.500039 ,   0.136239
         rocblas ,   SP ,  1700 ,    30 ,  1700 ,     113.493382 ,       1.497960 ,       1.500082 ,   0.141654
         rocblas ,   SP ,  1800 ,    30 ,  1800 ,     120.114031 ,       1.575060 ,       1.591539 ,   1.046277
         rocblas ,   SP ,  1900 ,    30 ,  1900 ,     106.429640 ,       1.980181 ,       2.000041 ,   1.002952
         rocblas ,   SP ,  2000 ,    30 ,  2000 ,     117.981929 ,       1.989241 ,       2.000060 ,   0.543898
         rocblas ,   SP ,  2100 ,    30 ,  2100 ,     125.151389 ,       2.043180 ,       2.073240 ,   1.471227
         rocblas ,   SP ,  2200 ,    30 ,  2200 ,     130.205684 ,       2.170181 ,       2.191119 ,   0.964800
         rocblas ,   SP ,  2300 ,    30 ,  2300 ,     133.910191 ,       2.306480 ,       2.326360 ,   0.861891
         rocblas ,   SP ,  2400 ,    30 ,  2400 ,     127.287216 ,       2.664757 ,       2.666559 ,   0.067640
         rocblas ,   SP ,  2500 ,    30 ,  2500 ,     130.535627 ,       2.803698 ,       2.820740 ,   0.607846
         rocblas ,   SP ,  2600 ,    30 ,  2600 ,     132.758379 ,       2.992439 ,       3.000140 ,   0.257346
         rocblas ,   SP ,  2700 ,    30 ,  2700 ,     136.142815 ,       3.128500 ,       3.145599 ,   0.546568
         rocblas ,   SP ,  2800 ,    30 ,  2800 ,     135.866381 ,       3.390222 ,       3.395820 ,   0.165124
         rocblas ,   SP ,  2900 ,    30 ,  2900 ,     141.288529 ,       3.498921 ,       3.505483 ,   0.187523
         rocblas ,   SP ,  3000 ,    30 ,  3000 ,     140.321533 ,       3.757577 ,       3.771820 ,   0.379051
         rocblas ,   SP ,   500 ,    31 ,   500 ,      79.321427 ,       0.188113 ,       0.188487 ,   0.198606
         rocblas ,   SP ,   600 ,    31 ,   600 ,      60.830425 ,       0.359679 ,       0.360307 ,   0.174613
         rocblas ,   SP ,   700 ,    31 ,   700 ,      52.118779 ,       0.521614 ,       0.578683 ,  10.940831
         rocblas ,   SP ,   800 ,    31 ,   800 ,      75.194500 ,       0.504469 ,       0.511891 ,   1.471313
         rocblas ,   SP ,   900 ,    31 ,   900 ,      63.833890 ,       0.745580 ,       0.773447 ,   3.737615
         rocblas ,   SP ,  1000 ,    31 ,  1000 ,      61.000037 ,       0.998421 ,       0.999980 ,   0.156172
         rocblas ,   SP ,  1100 ,    31 ,  1100 ,      73.823678 ,       0.995440 ,       1.000023 ,   0.460339
         rocblas ,   SP ,  1200 ,    31 ,  1200 ,      87.842478 ,       0.999503 ,       0.999999 ,   0.049616
         rocblas ,   SP ,  1300 ,    31 ,  1300 ,     102.400184 ,       0.992723 ,       1.000080 ,   0.741153
         rocblas ,   SP ,  1400 ,    31 ,  1400 ,     104.102845 ,       1.141081 ,       1.146102 ,   0.440030
         rocblas ,   SP ,  1500 ,    31 ,  1500 ,     113.787925 ,       1.199298 ,       1.202860 ,   0.297005
         rocblas ,   SP ,  1600 ,    31 ,  1600 ,     103.858316 ,       1.497221 ,       1.500120 ,   0.193637
         rocblas ,   SP ,  1700 ,    31 ,  1700 ,     117.220804 ,       1.497641 ,       1.500120 ,   0.165564
         rocblas ,   SP ,  1800 ,    31 ,  1800 ,     122.838730 ,       1.599441 ,       1.609421 ,   0.623981
         rocblas ,   SP ,  1900 ,    31 ,  1900 ,     110.037243 ,       1.985459 ,       2.000079 ,   0.736345
         rocblas ,   SP ,  2000 ,    31 ,  2000 ,     122.021325 ,       1.988916 ,       2.000060 ,   0.560289
         rocblas ,   SP ,  2100 ,    31 ,  2100 ,     129.920307 ,       2.052221 ,       2.059860 ,   0.372227
         rocblas ,   SP ,  2200 ,    31 ,  2200 ,     133.650265 ,       2.186680 ,       2.200398 ,   0.627371
         rocblas ,   SP ,  2300 ,    31 ,  2300 ,     137.180622 ,       2.331300 ,       2.346702 ,   0.660655
         rocblas ,   SP ,  2400 ,    31 ,  2400 ,     131.488829 ,       2.663879 ,       2.667556 ,   0.138010
         rocblas ,   SP ,  2500 ,    31 ,  2500 ,     133.919303 ,       2.816701 ,       2.829981 ,   0.471471
         rocblas ,   SP ,  2600 ,    31 ,  2600 ,     137.453048 ,       2.996659 ,       3.000040 ,   0.112818
         rocblas ,   SP ,  2700 ,    31 ,  2700 ,     140.487044 ,       3.140378 ,       3.151836 ,   0.364873
         rocblas ,   SP ,  2800 ,    31 ,  2800 ,     140.693642 ,       3.387380 ,       3.399301 ,   0.351922
         rocblas ,   SP ,  2900 ,    31 ,  2900 ,     146.185724 ,       3.496718 ,       3.502460 ,   0.164186
         rocblas ,   SP ,  3000 ,    31 ,  3000 ,     144.165255 ,       3.769603 ,       3.788319 ,   0.496494
         rocblas ,   SP ,   500 ,    32 ,   500 ,      83.885342 ,       0.180595 ,       0.185531 ,   2.732912
         rocblas ,   SP ,   600 ,    32 ,   600 ,      62.575379 ,       0.361248 ,       0.361918 ,   0.185536
         rocblas ,   SP ,   700 ,    32 ,   700 ,      55.573281 ,       0.531989 ,       0.555407 ,   4.401933
         rocblas ,   SP ,   800 ,    32 ,   800 ,      78.682578 ,       0.504234 ,       0.506985 ,   0.545645
         rocblas ,   SP ,   900 ,    32 ,   900 ,      68.907623 ,       0.714353 ,       0.735286 ,   2.930415
         rocblas ,   SP ,  1000 ,    32 ,  1000 ,      62.986052 ,       0.994940 ,       0.999999 ,   0.508497
         rocblas ,   SP ,  1100 ,    32 ,  1100 ,      76.224970 ,       0.995197 ,       1.000018 ,   0.484409
         rocblas ,   SP ,  1200 ,    32 ,  1200 ,      90.224324 ,       0.991020 ,       1.000123 ,   0.918530
         rocblas ,   SP ,  1300 ,    32 ,  1300 ,     106.500879 ,       0.994143 ,       0.999961 ,   0.585168
         rocblas ,   SP ,  1400 ,    32 ,  1400 ,     107.124926 ,       1.141238 ,       1.151099 ,   0.864061
         rocblas ,   SP ,  1500 ,    32 ,  1500 ,     117.216264 ,       1.199598 ,       1.204438 ,   0.403460
         rocblas ,   SP ,  1600 ,    32 ,  1600 ,     107.081835 ,       1.498799 ,       1.500063 ,   0.084309
         rocblas ,   SP ,  1700 ,    32 ,  1700 ,     121.058605 ,       1.496100 ,       1.500182 ,   0.272824
         rocblas ,   SP ,  1800 ,    32 ,  1800 ,     128.235438 ,       1.572518 ,       1.584220 ,   0.744130
         rocblas ,   SP ,  1900 ,    32 ,  1900 ,     113.682152 ,       1.998181 ,       2.000060 ,   0.094022
         rocblas ,   SP ,  2000 ,    32 ,  2000 ,     125.845761 ,       1.999002 ,       2.000098 ,   0.054864
         rocblas ,   SP ,  2100 ,    32 ,  2100 ,     135.644122 ,       2.024703 ,       2.036624 ,   0.588774
         rocblas ,   SP ,  2200 ,    32 ,  2200 ,     136.854412 ,       2.206883 ,       2.223396 ,   0.748244
         rocblas ,   SP ,  2300 ,    32 ,  2300 ,     141.029849 ,       2.331400 ,       2.359319 ,   1.197513
         rocblas ,   SP ,  2400 ,    32 ,  2400 ,     135.761209 ,       2.663302 ,       2.665720 ,   0.090773
         rocblas ,   SP ,  2500 ,    32 ,  2500 ,     138.910920 ,       2.819281 ,       2.833161 ,   0.492350
         rocblas ,   SP ,  2600 ,    32 ,  2600 ,     141.805165 ,       2.994981 ,       3.000302 ,   0.177681
         rocblas ,   SP ,  2700 ,    32 ,  2700 ,     145.588628 ,       3.139777 ,       3.146801 ,   0.223704
         rocblas ,   SP ,  2800 ,    32 ,  2800 ,     143.366158 ,       3.413339 ,       3.428578 ,   0.446475
         rocblas ,   SP ,  2900 ,    32 ,  2900 ,     150.669973 ,       3.493323 ,       3.501720 ,   0.240376
         rocblas ,   SP ,  3000 ,    32 ,  3000 ,     150.572607 ,       3.738360 ,       3.756399 ,   0.482531
